[2021-04-12 15:28:14.373] [exthost] [info] extension host started
[2021-04-12 15:28:14.424] [exthost] [info] ExtensionService#_doActivateExtension vscode.debug-auto-launch {"startup":true,"extensionId":{"value":"vscode.debug-auto-launch","_lower":"vscode.debug-auto-launch"},"activationEvent":"*"}
[2021-04-12 15:28:14.425] [exthost] [info] ExtensionService#loadCommonJSModule file:///home/tharms/.vscode-server/bin/08a217c4d27a02a5bcde898fd7981bda5b49391b/extensions/debug-auto-launch/dist/extension
[2021-04-12 15:28:14.431] [exthost] [info] ExtensionService#_doActivateExtension vscode.git {"startup":true,"extensionId":{"value":"vscode.github","_lower":"vscode.github"},"activationEvent":"*"}
[2021-04-12 15:28:14.431] [exthost] [info] ExtensionService#loadCommonJSModule file:///home/tharms/.vscode-server/bin/08a217c4d27a02a5bcde898fd7981bda5b49391b/extensions/git/dist/main
[2021-04-12 15:28:14.571] [exthost] [info] ExtensionService#_doActivateExtension vscode.github {"startup":true,"extensionId":{"value":"vscode.github","_lower":"vscode.github"},"activationEvent":"*"}
[2021-04-12 15:28:14.572] [exthost] [info] ExtensionService#loadCommonJSModule file:///home/tharms/.vscode-server/bin/08a217c4d27a02a5bcde898fd7981bda5b49391b/extensions/github/dist/extension.js
[2021-04-12 15:28:14.625] [exthost] [info] ExtensionService#_doActivateExtension vscode.emmet {"startup":false,"extensionId":{"value":"vscode.emmet","_lower":"vscode.emmet"},"activationEvent":"onStartupFinished"}
[2021-04-12 15:28:14.625] [exthost] [info] ExtensionService#loadCommonJSModule file:///home/tharms/.vscode-server/bin/08a217c4d27a02a5bcde898fd7981bda5b49391b/extensions/emmet/dist/node/emmetNodeMain
[2021-04-12 15:28:14.639] [exthost] [info] ExtensionService#_doActivateExtension vscode.merge-conflict {"startup":false,"extensionId":{"value":"vscode.merge-conflict","_lower":"vscode.merge-conflict"},"activationEvent":"onStartupFinished"}
[2021-04-12 15:28:14.639] [exthost] [info] ExtensionService#loadCommonJSModule file:///home/tharms/.vscode-server/bin/08a217c4d27a02a5bcde898fd7981bda5b49391b/extensions/merge-conflict/dist/mergeConflictMain
[2021-04-12 15:28:14.642] [exthost] [info] ExtensionService#_doActivateExtension vscode.testing-editor-contributions {"startup":false,"extensionId":{"value":"vscode.testing-editor-contributions","_lower":"vscode.testing-editor-contributions"},"activationEvent":"onStartupFinished"}
[2021-04-12 15:28:14.642] [exthost] [info] ExtensionService#loadCommonJSModule file:///home/tharms/.vscode-server/bin/08a217c4d27a02a5bcde898fd7981bda5b49391b/extensions/testing-editor-contributions/dist/extension.js
[2021-04-12 15:28:14.643] [exthost] [info] eager extensions activated
[2021-04-12 15:28:14.713] [exthost] [warning] [Decorations] CAPPING events from decorations provider vscode.git 1358
[2021-04-12 15:28:15.073] [exthost] [info] ExtensionService#_doActivateExtension ms-vscode.js-debug {"startup":false,"extensionId":{"value":"ms-vscode.js-debug","_lower":"ms-vscode.js-debug"},"activationEvent":"onCommand:extension.js-debug.clearAutoAttachVariables"}
[2021-04-12 15:28:15.073] [exthost] [info] ExtensionService#loadCommonJSModule file:///home/tharms/.vscode-server/bin/08a217c4d27a02a5bcde898fd7981bda5b49391b/extensions/ms-vscode.js-debug/src/extension.js
[2021-04-12 15:32:01.854] [exthost] [warning] [Decorations] CAPPING events from decorations provider vscode.git 1358
[2021-04-12 15:32:06.955] [exthost] [warning] [Decorations] CAPPING events from decorations provider vscode.git 1357
[2021-04-12 15:33:22.571] [exthost] [warning] [Decorations] CAPPING events from decorations provider vscode.git 1357
[2021-04-12 17:34:05.974] [exthost] [warning] [Decorations] CAPPING events from decorations provider vscode.git 1358
[2021-04-12 18:08:55.502] [exthost] [warning] [Decorations] CAPPING events from decorations provider vscode.git 1358
[2021-04-12 18:09:00.597] [exthost] [warning] [Decorations] CAPPING events from decorations provider vscode.git 1358
[2021-04-12 18:12:50.936] [exthost] [warning] [Decorations] CAPPING events from decorations provider vscode.git 1358
[2021-04-12 18:13:25.476] [exthost] [info] ExtensionService#_doActivateExtension llvm-vs-code-extensions.vscode-clangd {"startup":false,"extensionId":{"value":"llvm-vs-code-extensions.vscode-clangd","_lower":"llvm-vs-code-extensions.vscode-clangd"},"activationEvent":"onLanguage:cuda"}
[2021-04-12 18:13:25.477] [exthost] [info] ExtensionService#loadCommonJSModule file:///home/tharms/.vscode-server/extensions/llvm-vs-code-extensions.vscode-clangd-0.1.11/out/src/extension
[2021-04-12 18:17:47.983] [exthost] [info] extension host terminating: received terminate message from renderer
[2021-04-12 18:17:48.999] [exthost] [info] exiting with code 0
