Looking for git in: git
Using git 2.17.1 from git
Opening repository for path='/home/tharms/lab1' failed; ex=spawn git ENOENT {
  "gitErrorCode": "NotAGitRepository"
}Error: spawn git ENOENT
	at Process.ChildProcess._handle.onexit (internal/child_process.js:267:19)
	at onErrorNT (internal/child_process.js:469:16)
	at processTicksAndRejections (internal/process/task_queues.js:84:21)
> git rev-parse --git-dir
Open repository: /home/tharms
> git status -z -u
> git symbolic-ref --short HEAD
> git for-each-ref --format=%(refname)%00%(upstream:short)%00%(upstream:track)%00%(objectname) refs/heads/main refs/remotes/main
> git for-each-ref --sort -committerdate --format %(refname) %(objectname) %(*objectname)
> git remote --verbose
> git config --get commit.template
> git check-ignore -v -z --stdin
> git show --textconv :lab1/README
> git ls-files --stage -- /home/tharms/lab1/README
> git cat-file -s 648148e4bd0ec08990ee987d3fe7929fdc2a12ce
