Looking for git in: git
Using git 2.17.1 from git
> git rev-parse --git-dir
Open repository: /home/tharms
> git status -z -u
> git symbolic-ref --short HEAD
> git for-each-ref --format=%(refname)%00%(upstream:short)%00%(upstream:track)%00%(objectname) refs/heads/main refs/remotes/main
> git for-each-ref --sort -committerdate --format %(refname) %(objectname) %(*objectname)
> git remote --verbose
> git config --get commit.template
> git check-ignore -v -z --stdin
> git check-ignore -v -z --stdin
> git show --textconv :CS179_labs/lab2/Makefile
> git ls-files --stage -- /home/tharms/CS179_labs/lab2/Makefile
> git show --textconv :CS179_labs/lab2/ta_utilities.cpp
> git ls-files --stage -- /home/tharms/CS179_labs/lab2/ta_utilities.cpp
> git show --textconv :CS179_labs/lab2/transpose_device.cu
> git ls-files --stage -- /home/tharms/CS179_labs/lab2/transpose_device.cu
> git show --textconv :CS179_labs/lab2/transpose_host.cpp
> git ls-files --stage -- /home/tharms/CS179_labs/lab2/transpose_host.cpp
> git show --textconv :CS179_labs/lab2/Makefile
> git ls-files --stage -- /home/tharms/CS179_labs/lab2/Makefile
> git show --textconv :CS179_labs/lab2/transpose_device.cu
> git ls-files --stage -- /home/tharms/CS179_labs/lab2/transpose_device.cu
> git show --textconv :CS179_labs/lab2/transpose_device.cuh
> git ls-files --stage -- /home/tharms/CS179_labs/lab2/transpose_device.cuh
> git show --textconv :CS179_labs/lab2/transpose_device.cuh
> git ls-files --stage -- /home/tharms/CS179_labs/lab2/transpose_device.cuh
> git show --textconv :CS179_labs/lab2/transpose_device.cu
> git ls-files --stage -- /home/tharms/CS179_labs/lab2/transpose_device.cu
