Looking for git in: git
Using git 2.17.1 from git
> git rev-parse --git-dir
Open repository: /home/tharms
> git status -z -u
> git symbolic-ref --short HEAD
> git for-each-ref --format=%(refname)%00%(upstream:short)%00%(upstream:track)%00%(objectname) refs/heads/main refs/remotes/main
> git for-each-ref --sort -committerdate --format %(refname) %(objectname) %(*objectname)
> git remote --verbose
> git config --get commit.template
> git check-ignore -v -z --stdin
> git check-ignore -v -z --stdin
> git show --textconv :CS179_labs/lab3/src/ta_utilities.cpp
> git ls-files --stage -- /home/tharms/CS179_labs/lab3/src/ta_utilities.cpp
> git cat-file -s 988d8de44e39ea3052c3988b0ba34acf2a1f5ab0
> git show --textconv :CS179_labs/lab3/src/fft_convolve.cu
> git ls-files --stage -- /home/tharms/CS179_labs/lab3/src/fft_convolve.cu
> git cat-file -s 3a4ce99c8f8d09b69164df4132172aca68f6f61b
> git show --textconv :CS179_labs/lab3/src/fft_convolve.cpp
> git ls-files --stage -- /home/tharms/CS179_labs/lab3/src/fft_convolve.cpp
> git cat-file -s d293a52cad86b045fee882e008d1a68384600e59
> git show --textconv :CS179_labs/lab3/src/fft_convolve.cu
> git ls-files --stage -- /home/tharms/CS179_labs/lab3/src/fft_convolve.cu
> git cat-file -s 3a4ce99c8f8d09b69164df4132172aca68f6f61b
> git show --textconv :CS179_labs/lab3/src/fft_convolve.cpp
> git ls-files --stage -- /home/tharms/CS179_labs/lab3/src/fft_convolve.cpp
> git cat-file -s d293a52cad86b045fee882e008d1a68384600e59
> git show --textconv :CS179_labs/lab3/src/fft_convolve.cu
> git ls-files --stage -- /home/tharms/CS179_labs/lab3/src/fft_convolve.cu
> git cat-file -s 3a4ce99c8f8d09b69164df4132172aca68f6f61b
> git show --textconv :CS179_labs/lab3/lab3.txt
> git ls-files --stage -- /home/tharms/CS179_labs/lab3/lab3.txt
> git cat-file -s 67379fa75de6eb3b53ddb53da7e835d191efc003
> git log --format=%H%n%aN%n%aE%n%at%n%ct%n%P%n%B -z -n21 -- /home/tharms/CS179_labs/lab3/fft_convolve.cu.o
> git log --format=%H%n%aN%n%aE%n%at%n%ct%n%P%n%B -z -n21 -- /home/tharms/CS179_labs/lab3/audio-ta_utilities.cpp.o
> git log --format=%H%n%aN%n%aE%n%at%n%ct%n%P%n%B -z -n21 -- /home/tharms/CS179_labs/lab3/cuda.o
> git show --textconv :CS179_labs/lab3/lab3.txt
> git ls-files --stage -- /home/tharms/CS179_labs/lab3/lab3.txt
> git cat-file -s 67379fa75de6eb3b53ddb53da7e835d191efc003
> git show --textconv :CS179_labs/lab3/Makefile
> git ls-files --stage -- /home/tharms/CS179_labs/lab3/Makefile
> git cat-file -s 1880941c322bea859d5195cf0b6d8dad6ebaffcb
> git show --textconv :CS179_labs/lab3/src/fft_convolve.cu
> git ls-files --stage -- /home/tharms/CS179_labs/lab3/src/fft_convolve.cu
> git cat-file -s 3a4ce99c8f8d09b69164df4132172aca68f6f61b
> git show --textconv :CS179_labs/lab3/src/fft_convolve.cpp
> git ls-files --stage -- /home/tharms/CS179_labs/lab3/src/fft_convolve.cpp
> git cat-file -s d293a52cad86b045fee882e008d1a68384600e59
