Looking for git in: git
Using git 2.17.1 from git
> git rev-parse --git-dir
Open repository: /home/tharms
> git status -z -u
> git symbolic-ref --short HEAD
> git for-each-ref --format=%(refname)%00%(upstream:short)%00%(objectname)%00%(upstream:track) refs/heads/main refs/remotes/main
> git for-each-ref --sort -committerdate --format %(refname) %(objectname) %(*objectname)
> git remote --verbose
> git config --get commit.template
> git check-ignore -v -z --stdin
> git show --textconv :CS179_labs/lab5/src/layers.cpp
> git ls-files --stage -- /home/tharms/CS179_labs/lab5/src/layers.cpp
> git cat-file -s 6b7c9c494e5eec8f146d70d7fc9b1c1432d78db2
> git show --textconv :CS179_labs/lab5/src/helper_cuda.h
> git ls-files --stage -- /home/tharms/CS179_labs/lab5/src/helper_cuda.h
> git cat-file -s 8d91db41e10b7dc593a0fbd8f80c543f8ccd9505
> git show --textconv :CS179_labs/lab5/src/layers.cpp
> git ls-files --stage -- /home/tharms/CS179_labs/lab5/src/layers.cpp
> git cat-file -s 6b7c9c494e5eec8f146d70d7fc9b1c1432d78db2
> git show --textconv :CS179_labs/lab5/src/layers.hpp
> git ls-files --stage -- /home/tharms/CS179_labs/lab5/src/layers.hpp
> git cat-file -s 47f116de2c0051be5605484b95b78107b930e683
> git show --textconv :CS179_labs/lab5/src/MNISTParser.h
> git ls-files --stage -- /home/tharms/CS179_labs/lab5/src/MNISTParser.h
> git cat-file -s 9d417c4b113a15b47a0f976770d2b9eeb81494a7
> git show --textconv :CS179_labs/lab5/src/model.cpp
> git ls-files --stage -- /home/tharms/CS179_labs/lab5/src/model.cpp
> git cat-file -s f458338a80be0be0cd1db761707b3fd7d4480d27
> git show --textconv :CS179_labs/lab5/src/main.cpp
> git ls-files --stage -- /home/tharms/CS179_labs/lab5/src/main.cpp
> git cat-file -s ae49a5cb342cd912eb6b6ba8463ca683706d5a97
> git show --textconv :CS179_labs/lab5/src/layers.cpp
> git ls-files --stage -- /home/tharms/CS179_labs/lab5/src/layers.cpp
> git cat-file -s 6b7c9c494e5eec8f146d70d7fc9b1c1432d78db2
> git show --textconv :CS179_labs/lab5/src/model.cpp
> git ls-files --stage -- /home/tharms/CS179_labs/lab5/src/model.cpp
> git cat-file -s f458338a80be0be0cd1db761707b3fd7d4480d27
> git show --textconv :CS179_labs/lab5/src/main.cpp
> git ls-files --stage -- /home/tharms/CS179_labs/lab5/src/main.cpp
> git cat-file -s ae49a5cb342cd912eb6b6ba8463ca683706d5a97
> git status -z -u
> git check-ignore -v -z --stdin
> git symbolic-ref --short HEAD
> git for-each-ref --format=%(refname)%00%(upstream:short)%00%(objectname)%00%(upstream:track) refs/heads/main refs/remotes/main
> git for-each-ref --sort -committerdate --format %(refname) %(objectname) %(*objectname)
> git remote --verbose
> git config --get commit.template
> git show --textconv :CS179_labs/FinalProject_rSVD/main.cpp
> git ls-files --stage -- /home/tharms/CS179_labs/FinalProject_rSVD/main.cpp
> git check-ignore -v -z --stdin
> git status -z -u
> git symbolic-ref --short HEAD
> git for-each-ref --format=%(refname)%00%(upstream:short)%00%(objectname)%00%(upstream:track) refs/heads/main refs/remotes/main
> git for-each-ref --sort -committerdate --format %(refname) %(objectname) %(*objectname)
> git remote --verbose
> git config --get commit.template
> git show --textconv :CS179_labs/lab5/src/main.cpp
> git ls-files --stage -- /home/tharms/CS179_labs/lab5/src/main.cpp
> git cat-file -s ae49a5cb342cd912eb6b6ba8463ca683706d5a97
> git show --textconv :CS179_labs/FinalProject_rSVD/main.cpp
> git ls-files --stage -- /home/tharms/CS179_labs/FinalProject_rSVD/main.cpp
> git show --textconv :CS179_labs/lab5/src/main.cpp
> git ls-files --stage -- /home/tharms/CS179_labs/lab5/src/main.cpp
> git cat-file -s ae49a5cb342cd912eb6b6ba8463ca683706d5a97
> git show --textconv :CS179_labs/FinalProject_rSVD/main.cpp
> git ls-files --stage -- /home/tharms/CS179_labs/FinalProject_rSVD/main.cpp
> git show --textconv :CS179_labs/lab5/src/main.cpp
> git ls-files --stage -- /home/tharms/CS179_labs/lab5/src/main.cpp
> git cat-file -s ae49a5cb342cd912eb6b6ba8463ca683706d5a97
> git show --textconv :CS179_labs/FinalProject_rSVD/main.cpp
> git ls-files --stage -- /home/tharms/CS179_labs/FinalProject_rSVD/main.cpp
> git show --textconv :CS179_labs/lab5/src/main.cpp
> git ls-files --stage -- /home/tharms/CS179_labs/lab5/src/main.cpp
> git cat-file -s ae49a5cb342cd912eb6b6ba8463ca683706d5a97
> git show --textconv :CS179_labs/FinalProject_rSVD/main.cpp
> git ls-files --stage -- /home/tharms/CS179_labs/FinalProject_rSVD/main.cpp
> git show --textconv :CS179_labs/lab5/src/main.cpp
> git ls-files --stage -- /home/tharms/CS179_labs/lab5/src/main.cpp
> git cat-file -s ae49a5cb342cd912eb6b6ba8463ca683706d5a97
> git show --textconv :CS179_labs/FinalProject_rSVD/main.cpp
> git ls-files --stage -- /home/tharms/CS179_labs/FinalProject_rSVD/main.cpp
> git show --textconv :CS179_labs/lab5/src/main.cpp
> git ls-files --stage -- /home/tharms/CS179_labs/lab5/src/main.cpp
> git cat-file -s ae49a5cb342cd912eb6b6ba8463ca683706d5a97
> git show --textconv :CS179_labs/FinalProject_rSVD/main.cpp
> git ls-files --stage -- /home/tharms/CS179_labs/FinalProject_rSVD/main.cpp
> git show --textconv :CS179_labs/lab5/src/main.cpp
> git ls-files --stage -- /home/tharms/CS179_labs/lab5/src/main.cpp
> git cat-file -s ae49a5cb342cd912eb6b6ba8463ca683706d5a97
> git show --textconv :CS179_labs/FinalProject_rSVD/main.cpp
> git ls-files --stage -- /home/tharms/CS179_labs/FinalProject_rSVD/main.cpp
> git show --textconv :CS179_labs/lab5/src/main.cpp
> git ls-files --stage -- /home/tharms/CS179_labs/lab5/src/main.cpp
> git cat-file -s ae49a5cb342cd912eb6b6ba8463ca683706d5a97
> git show --textconv :CS179_labs/FinalProject_rSVD/main.cpp
> git ls-files --stage -- /home/tharms/CS179_labs/FinalProject_rSVD/main.cpp
> git show --textconv :CS179_labs/lab5/src/main.cpp
> git ls-files --stage -- /home/tharms/CS179_labs/lab5/src/main.cpp
> git cat-file -s ae49a5cb342cd912eb6b6ba8463ca683706d5a97
> git show --textconv :CS179_labs/FinalProject_rSVD/main.cpp
> git ls-files --stage -- /home/tharms/CS179_labs/FinalProject_rSVD/main.cpp
> git show --textconv :CS179_labs/lab5/lab5.txt
> git ls-files --stage -- /home/tharms/CS179_labs/lab5/lab5.txt
> git cat-file -s 00096ddf782c164d13ccd7a3e000929e6e1d8204
> git show --textconv :CS179_labs/lab5/src/layers.cpp
> git ls-files --stage -- /home/tharms/CS179_labs/lab5/src/layers.cpp
> git cat-file -s 6b7c9c494e5eec8f146d70d7fc9b1c1432d78db2
> git show --textconv :CS179_labs/lab5/src/main.cpp
> git ls-files --stage -- /home/tharms/CS179_labs/lab5/src/main.cpp
> git cat-file -s ae49a5cb342cd912eb6b6ba8463ca683706d5a97
> git show --textconv :CS179_labs/FinalProject_rSVD/main.cpp
> git ls-files --stage -- /home/tharms/CS179_labs/FinalProject_rSVD/main.cpp
> git show --textconv :CS179_labs/lab5/src/main.cpp
> git ls-files --stage -- /home/tharms/CS179_labs/lab5/src/main.cpp
> git cat-file -s ae49a5cb342cd912eb6b6ba8463ca683706d5a97
> git status -z -u
> git symbolic-ref --short HEAD
> git for-each-ref --format=%(refname)%00%(upstream:short)%00%(objectname)%00%(upstream:track) refs/heads/main refs/remotes/main
> git for-each-ref --sort -committerdate --format %(refname) %(objectname) %(*objectname)
> git remote --verbose
> git config --get commit.template
> git show --textconv :CS179_labs/lab5/lab5.txt
> git ls-files --stage -- /home/tharms/CS179_labs/lab5/lab5.txt
> git cat-file -s 00096ddf782c164d13ccd7a3e000929e6e1d8204
> git status -z -u
> git symbolic-ref --short HEAD
> git for-each-ref --format=%(refname)%00%(upstream:short)%00%(objectname)%00%(upstream:track) refs/heads/main refs/remotes/main
> git for-each-ref --sort -committerdate --format %(refname) %(objectname) %(*objectname)
> git remote --verbose
> git config --get commit.template
> git show --textconv :CS179_labs/FinalProject_rSVD/main.cpp
> git ls-files --stage -- /home/tharms/CS179_labs/FinalProject_rSVD/main.cpp
> git status -z -u
> git symbolic-ref --short HEAD
> git for-each-ref --format=%(refname)%00%(upstream:short)%00%(objectname)%00%(upstream:track) refs/heads/main refs/remotes/main
> git for-each-ref --sort -committerdate --format %(refname) %(objectname) %(*objectname)
> git remote --verbose
> git config --get commit.template
> git check-ignore -v -z --stdin
> git check-ignore -v -z --stdin
> git log --format=%H%n%aN%n%aE%n%at%n%ct%n%P%n%B -z -n21 -- /home/tharms/CS179_labs/lab5/obj/conv-main.cpp.o
> git check-ignore -v -z --stdin
> git show --textconv :CS179_labs/FinalProject_rSVD/main.cpp
> git ls-files --stage -- /home/tharms/CS179_labs/FinalProject_rSVD/main.cpp
> git check-ignore -v -z --stdin
> git check-ignore -v -z --stdin
> git check-ignore -v -z --stdin
> git show --textconv :CS179_labs/lab3/src/fft_convolve.cpp
> git ls-files --stage -- /home/tharms/CS179_labs/lab3/src/fft_convolve.cpp
> git cat-file -s ee351ef44261169f0158edf6aa834568254d621b
> git show --textconv :CS179_labs/FinalProject_rSVD/main.cpp
> git ls-files --stage -- /home/tharms/CS179_labs/FinalProject_rSVD/main.cpp
> git show --textconv :CS179_labs/lab5/src/main.cpp
> git ls-files --stage -- /home/tharms/CS179_labs/lab5/src/main.cpp
> git cat-file -s ae49a5cb342cd912eb6b6ba8463ca683706d5a97
> git show --textconv :CS179_labs/lab3/src/fft_convolve.cpp
> git ls-files --stage -- /home/tharms/CS179_labs/lab3/src/fft_convolve.cpp
> git cat-file -s ee351ef44261169f0158edf6aa834568254d621b
> git show --textconv :CS179_labs/lab5/src/model.hpp
> git ls-files --stage -- /home/tharms/CS179_labs/lab5/src/model.hpp
> git cat-file -s e8b11f22709ca9275a6966389b503588e54144dc
> git show --textconv :CS179_labs/lab5/src/layers.hpp
> git ls-files --stage -- /home/tharms/CS179_labs/lab5/src/layers.hpp
> git cat-file -s 47f116de2c0051be5605484b95b78107b930e683
> git show --textconv :CS179_labs/FinalProject_rSVD/main.cpp
> git ls-files --stage -- /home/tharms/CS179_labs/FinalProject_rSVD/main.cpp
> git show --textconv :CS179_labs/lab3/src/fft_convolve.cpp
> git ls-files --stage -- /home/tharms/CS179_labs/lab3/src/fft_convolve.cpp
> git cat-file -s ee351ef44261169f0158edf6aa834568254d621b
> git show --textconv :CS179_labs/lab5/src/model.hpp
> git ls-files --stage -- /home/tharms/CS179_labs/lab5/src/model.hpp
> git cat-file -s e8b11f22709ca9275a6966389b503588e54144dc
> git show --textconv :CS179_labs/lab5/src/model.cpp
> git ls-files --stage -- /home/tharms/CS179_labs/lab5/src/model.cpp
> git cat-file -s f458338a80be0be0cd1db761707b3fd7d4480d27
> git show --textconv :CS179_labs/lab5/src/model.hpp
> git ls-files --stage -- /home/tharms/CS179_labs/lab5/src/model.hpp
> git cat-file -s e8b11f22709ca9275a6966389b503588e54144dc
> git show --textconv :CS179_labs/lab5/Makefile
> git ls-files --stage -- /home/tharms/CS179_labs/lab5/Makefile
> git cat-file -s 3c2cd26821abb7c9e69ee03a00fa96339073394b
> git status -z -u
> git symbolic-ref --short HEAD
> git for-each-ref --format=%(refname)%00%(upstream:short)%00%(objectname)%00%(upstream:track) refs/heads/main refs/remotes/main
> git for-each-ref --sort -committerdate --format %(refname) %(objectname) %(*objectname)
> git remote --verbose
> git config --get commit.template
> git status -z -u
> git symbolic-ref --short HEAD
> git for-each-ref --format=%(refname)%00%(upstream:short)%00%(objectname)%00%(upstream:track) refs/heads/main refs/remotes/main
> git for-each-ref --sort -committerdate --format %(refname) %(objectname) %(*objectname)
> git remote --verbose
> git config --get commit.template
> git status -z -u
> git symbolic-ref --short HEAD
> git for-each-ref --format=%(refname)%00%(upstream:short)%00%(objectname)%00%(upstream:track) refs/heads/main refs/remotes/main
> git for-each-ref --sort -committerdate --format %(refname) %(objectname) %(*objectname)
> git remote --verbose
> git config --get commit.template
> git show --textconv :CS179_labs/lab3/src/fft_convolve.cpp
> git ls-files --stage -- /home/tharms/CS179_labs/lab3/src/fft_convolve.cpp
> git cat-file -s ee351ef44261169f0158edf6aa834568254d621b
> git show --textconv :CS179_labs/FinalProject_rSVD/main.cpp
> git ls-files --stage -- /home/tharms/CS179_labs/FinalProject_rSVD/main.cpp
> git check-ignore -v -z --stdin
> git status -z -u
> git symbolic-ref --short HEAD
> git for-each-ref --format=%(refname)%00%(upstream:short)%00%(objectname)%00%(upstream:track) refs/heads/main refs/remotes/main
> git for-each-ref --sort -committerdate --format %(refname) %(objectname) %(*objectname)
> git remote --verbose
> git config --get commit.template
> git check-ignore -v -z --stdin
> git status -z -u
> git symbolic-ref --short HEAD
> git for-each-ref --format=%(refname)%00%(upstream:short)%00%(objectname)%00%(upstream:track) refs/heads/main refs/remotes/main
> git for-each-ref --sort -committerdate --format %(refname) %(objectname) %(*objectname)
> git remote --verbose
> git config --get commit.template
> git show --textconv :CS179_labs/FinalProject_rSVD/src/main.cpp
> git ls-files --stage -- /home/tharms/CS179_labs/FinalProject_rSVD/src/main.cpp
> git check-ignore -v -z --stdin
> git status -z -u
> git symbolic-ref --short HEAD
> git for-each-ref --format=%(refname)%00%(upstream:short)%00%(objectname)%00%(upstream:track) refs/heads/main refs/remotes/main
> git for-each-ref --sort -committerdate --format %(refname) %(objectname) %(*objectname)
> git remote --verbose
> git config --get commit.template
> git status -z -u
> git symbolic-ref --short HEAD
> git for-each-ref --format=%(refname)%00%(upstream:short)%00%(objectname)%00%(upstream:track) refs/heads/main refs/remotes/main
> git for-each-ref --sort -committerdate --format %(refname) %(objectname) %(*objectname)
> git remote --verbose
> git config --get commit.template
> git show --textconv :CS179_labs/lab1/lab1.txt
> git ls-files --stage -- /home/tharms/CS179_labs/lab1/lab1.txt
> git cat-file -s f3255fd6af674c17812d328ee628bd29d5b1d1bc
> git show --textconv :CS179_labs/FinalProject_rSVD/src/main.cpp
> git ls-files --stage -- /home/tharms/CS179_labs/FinalProject_rSVD/src/main.cpp
> git show --textconv :CS179_labs/FinalProject_rSVD/src/svds.hpp
> git ls-files --stage -- /home/tharms/CS179_labs/FinalProject_rSVD/src/svds.hpp
> git check-ignore -v -z --stdin
> git status -z -u
> git symbolic-ref --short HEAD
> git for-each-ref --format=%(refname)%00%(upstream:short)%00%(objectname)%00%(upstream:track) refs/heads/main refs/remotes/main
> git for-each-ref --sort -committerdate --format %(refname) %(objectname) %(*objectname)
> git remote --verbose
> git config --get commit.template
> git show --textconv :CS179_labs/lab3/src/fft_convolve.cpp
> git ls-files --stage -- /home/tharms/CS179_labs/lab3/src/fft_convolve.cpp
> git cat-file -s ee351ef44261169f0158edf6aa834568254d621b
> git show --textconv :CS179_labs/FinalProject_rSVD/src/main.cpp
> git ls-files --stage -- /home/tharms/CS179_labs/FinalProject_rSVD/src/main.cpp
> git show --textconv :CS179_labs/lab5/src/main.cpp
> git ls-files --stage -- /home/tharms/CS179_labs/lab5/src/main.cpp
> git cat-file -s ae49a5cb342cd912eb6b6ba8463ca683706d5a97
> git show --textconv :CS179_labs/lab5/src/layers.cpp
> git ls-files --stage -- /home/tharms/CS179_labs/lab5/src/layers.cpp
> git cat-file -s 6b7c9c494e5eec8f146d70d7fc9b1c1432d78db2
> git show --textconv :CS179_labs/lab3/src/fft_convolve.cpp
> git ls-files --stage -- /home/tharms/CS179_labs/lab3/src/fft_convolve.cpp
> git cat-file -s ee351ef44261169f0158edf6aa834568254d621b
> git check-ignore -v -z --stdin
> git show --textconv :CS179_labs/lab4/obj_structures.cpp
> git ls-files --stage -- /home/tharms/CS179_labs/lab4/obj_structures.cpp
> git cat-file -s f8f7d7307bc0a98e9f22744e990c9ba6d7872266
> git check-ignore -v -z --stdin
> git show --textconv :CS179_labs/lab4/point_alignment.cu
> git ls-files --stage -- /home/tharms/CS179_labs/lab4/point_alignment.cu
> git cat-file -s 70997c11f3fd0cf16d576305ab8dd7e06d231d06
> git show --textconv :CS179_labs/FinalProject_rSVD/src/svds.hpp
> git ls-files --stage -- /home/tharms/CS179_labs/FinalProject_rSVD/src/svds.hpp
> git show --textconv :CS179_labs/FinalProject_rSVD/src/svds_cpu.hpp
> git ls-files --stage -- /home/tharms/CS179_labs/FinalProject_rSVD/src/svds_cpu.hpp
> git check-ignore -v -z --stdin
> git status -z -u
> git symbolic-ref --short HEAD
> git for-each-ref --format=%(refname)%00%(upstream:short)%00%(objectname)%00%(upstream:track) refs/heads/main refs/remotes/main
> git for-each-ref --sort -committerdate --format %(refname) %(objectname) %(*objectname)
> git remote --verbose
> git config --get commit.template
> git check-ignore -v -z --stdin
> git show --textconv :CS179_labs/lab3/src/ta_utilities.hpp
> git ls-files --stage -- /home/tharms/CS179_labs/lab3/src/ta_utilities.hpp
> git cat-file -s ef9be8a29ff0d9f06515f65bc394981e998cf44b
> git show --textconv :CS179_labs/lab5/src/model.hpp
> git ls-files --stage -- /home/tharms/CS179_labs/lab5/src/model.hpp
> git cat-file -s e8b11f22709ca9275a6966389b503588e54144dc
> git show --textconv :CS179_labs/lab5/src/model.cpp
> git ls-files --stage -- /home/tharms/CS179_labs/lab5/src/model.cpp
> git cat-file -s f458338a80be0be0cd1db761707b3fd7d4480d27
> git show --textconv :CS179_labs/lab5/src/model.hpp
> git ls-files --stage -- /home/tharms/CS179_labs/lab5/src/model.hpp
> git cat-file -s e8b11f22709ca9275a6966389b503588e54144dc
> git show --textconv :CS179_labs/FinalProject_rSVD/src/svds_cpu.hpp
> git ls-files --stage -- /home/tharms/CS179_labs/FinalProject_rSVD/src/svds_cpu.hpp
> git show --textconv :CS179_labs/lab5/src/model.hpp
> git ls-files --stage -- /home/tharms/CS179_labs/lab5/src/model.hpp
> git cat-file -s e8b11f22709ca9275a6966389b503588e54144dc
> git log --format=%H%n%aN%n%aE%n%at%n%ct%n%P%n%B -z -n21 -- /home/tharms/CS179_labs/lab5/src/model.hpp
> git log --format=%H%n%aN%n%aE%n%at%n%ct%n%P%n%B -z -n41 -- /home/tharms/CS179_labs/lab5/src/model.hpp
> git show --textconv :CS179_labs/FinalProject_rSVD/src/svds_cpu.hpp
> git ls-files --stage -- /home/tharms/CS179_labs/FinalProject_rSVD/src/svds_cpu.hpp
> git show --textconv :CS179_labs/FinalProject_rSVD/src/svds_gpu.cuh
> git ls-files --stage -- /home/tharms/CS179_labs/FinalProject_rSVD/src/svds_gpu.cuh
> git check-ignore -v -z --stdin
> git status -z -u
> git symbolic-ref --short HEAD
> git for-each-ref --format=%(refname)%00%(upstream:short)%00%(objectname)%00%(upstream:track) refs/heads/main refs/remotes/main
> git for-each-ref --sort -committerdate --format %(refname) %(objectname) %(*objectname)
> git remote --verbose
> git config --get commit.template
> git show --textconv :CS179_labs/FinalProject_rSVD/src/svds_cpu.cpp
> git ls-files --stage -- /home/tharms/CS179_labs/FinalProject_rSVD/src/svds_cpu.cpp
> git check-ignore -v -z --stdin
> git status -z -u
> git symbolic-ref --short HEAD
> git for-each-ref --format=%(refname)%00%(upstream:short)%00%(objectname)%00%(upstream:track) refs/heads/main refs/remotes/main
> git for-each-ref --sort -committerdate --format %(refname) %(objectname) %(*objectname)
> git remote --verbose
> git config --get commit.template
> git show --textconv :CS179_labs/FinalProject_rSVD/src/svds_gpu.cu
> git ls-files --stage -- /home/tharms/CS179_labs/FinalProject_rSVD/src/svds_gpu.cu
> git check-ignore -v -z --stdin
> git status -z -u
> git symbolic-ref --short HEAD
> git for-each-ref --format=%(refname)%00%(upstream:short)%00%(objectname)%00%(upstream:track) refs/heads/main refs/remotes/main
> git for-each-ref --sort -committerdate --format %(refname) %(objectname) %(*objectname)
> git remote --verbose
> git config --get commit.template
> git log --format=%H%n%aN%n%aE%n%at%n%ct%n%P%n%B -z -n21 -- /home/tharms/CS179_labs/FinalProject_rSVD/src/svds_gpu.cuh
> git show --textconv :CS179_labs/FinalProject_rSVD/src/svds_gpu.cuh
> git ls-files --stage -- /home/tharms/CS179_labs/FinalProject_rSVD/src/svds_gpu.cuh
> git show --textconv :CS179_labs/FinalProject_rSVD/src/svds_cpu.cpp
> git ls-files --stage -- /home/tharms/CS179_labs/FinalProject_rSVD/src/svds_cpu.cpp
> git show --textconv :CS179_labs/FinalProject_rSVD/src/svds_cpu.hpp
> git ls-files --stage -- /home/tharms/CS179_labs/FinalProject_rSVD/src/svds_cpu.hpp
> git show --textconv :CS179_labs/FinalProject_rSVD/src/svds_gpu.cuh
> git ls-files --stage -- /home/tharms/CS179_labs/FinalProject_rSVD/src/svds_gpu.cuh
> git show --textconv :CS179_labs/FinalProject_rSVD/src/svds_gpu.cu
> git ls-files --stage -- /home/tharms/CS179_labs/FinalProject_rSVD/src/svds_gpu.cu
> git show --textconv :CS179_labs/lab5/src/model.cpp
> git ls-files --stage -- /home/tharms/CS179_labs/lab5/src/model.cpp
> git cat-file -s f458338a80be0be0cd1db761707b3fd7d4480d27
> git show --textconv :CS179_labs/FinalProject_rSVD/src/svds_cpu.cpp
> git ls-files --stage -- /home/tharms/CS179_labs/FinalProject_rSVD/src/svds_cpu.cpp
> git show --textconv :CS179_labs/FinalProject_rSVD/src/svds_gpu.cuh
> git ls-files --stage -- /home/tharms/CS179_labs/FinalProject_rSVD/src/svds_gpu.cuh
> git show --textconv :CS179_labs/FinalProject_rSVD/src/svds_cpu.hpp
> git ls-files --stage -- /home/tharms/CS179_labs/FinalProject_rSVD/src/svds_cpu.hpp
> git log --format=%H%n%aN%n%aE%n%at%n%ct%n%P%n%B -z -n21 -- /home/tharms/CS179_labs/lab5/src/model.hpp
> git show --textconv :CS179_labs/lab5/src/model.hpp
> git ls-files --stage -- /home/tharms/CS179_labs/lab5/src/model.hpp
> git cat-file -s e8b11f22709ca9275a6966389b503588e54144dc
> git log --format=%H%n%aN%n%aE%n%at%n%ct%n%P%n%B -z -n21 -- /home/tharms/CS179_labs/FinalProject_rSVD/src/svds_gpu.cuh
> git show --textconv :CS179_labs/FinalProject_rSVD/src/svds_gpu.cuh
> git ls-files --stage -- /home/tharms/CS179_labs/FinalProject_rSVD/src/svds_gpu.cuh
> git show --textconv :CS179_labs/FinalProject_rSVD/src/svds_cpu.cpp
> git ls-files --stage -- /home/tharms/CS179_labs/FinalProject_rSVD/src/svds_cpu.cpp
> git show --textconv :CS179_labs/FinalProject_rSVD/src/svds_gpu.cu
> git ls-files --stage -- /home/tharms/CS179_labs/FinalProject_rSVD/src/svds_gpu.cu
> git show --textconv :CS179_labs/FinalProject_rSVD/src/svds_cpu.cpp
> git ls-files --stage -- /home/tharms/CS179_labs/FinalProject_rSVD/src/svds_cpu.cpp
> git show --textconv :CS179_labs/FinalProject_rSVD/src/svds_gpu.cuh
> git ls-files --stage -- /home/tharms/CS179_labs/FinalProject_rSVD/src/svds_gpu.cuh
> git show --textconv :CS179_labs/FinalProject_rSVD/src/svds_cpu.hpp
> git ls-files --stage -- /home/tharms/CS179_labs/FinalProject_rSVD/src/svds_cpu.hpp
> git show --textconv :CS179_labs/lab5/src/layers.cpp
> git ls-files --stage -- /home/tharms/CS179_labs/lab5/src/layers.cpp
> git cat-file -s 6b7c9c494e5eec8f146d70d7fc9b1c1432d78db2
> git show --textconv :CS179_labs/lab5/src/layers.hpp
> git ls-files --stage -- /home/tharms/CS179_labs/lab5/src/layers.hpp
> git cat-file -s 47f116de2c0051be5605484b95b78107b930e683
> git show --textconv :CS179_labs/lab5/src/layers.cpp
> git ls-files --stage -- /home/tharms/CS179_labs/lab5/src/layers.cpp
> git cat-file -s 6b7c9c494e5eec8f146d70d7fc9b1c1432d78db2
> git log --format=%H%n%aN%n%aE%n%at%n%ct%n%P%n%B -z -n21 -- /home/tharms/CS179_labs/lab5/src/model.cpp
> git show --textconv :CS179_labs/lab5/src/model.cpp
> git ls-files --stage -- /home/tharms/CS179_labs/lab5/src/model.cpp
> git cat-file -s f458338a80be0be0cd1db761707b3fd7d4480d27
> git show --textconv :CS179_labs/lab5/src/model.hpp
> git ls-files --stage -- /home/tharms/CS179_labs/lab5/src/model.hpp
> git cat-file -s e8b11f22709ca9275a6966389b503588e54144dc
> git log --format=%H%n%aN%n%aE%n%at%n%ct%n%P%n%B -z -n21 -- /home/tharms/CS179_labs/lab5/src/model.cpp
> git show --textconv :CS179_labs/lab5/src/model.cpp
> git ls-files --stage -- /home/tharms/CS179_labs/lab5/src/model.cpp
> git cat-file -s f458338a80be0be0cd1db761707b3fd7d4480d27
> git show --textconv :CS179_labs/lab5/src/model.hpp
> git ls-files --stage -- /home/tharms/CS179_labs/lab5/src/model.hpp
> git cat-file -s e8b11f22709ca9275a6966389b503588e54144dc
> git show --textconv :CS179_labs/lab5/src/model.cpp
> git ls-files --stage -- /home/tharms/CS179_labs/lab5/src/model.cpp
> git cat-file -s f458338a80be0be0cd1db761707b3fd7d4480d27
> git show --textconv :CS179_labs/lab5/src/main.cpp
> git ls-files --stage -- /home/tharms/CS179_labs/lab5/src/main.cpp
> git cat-file -s ae49a5cb342cd912eb6b6ba8463ca683706d5a97
> git show --textconv :CS179_labs/FinalProject_rSVD/src/svds_cpu.cpp
> git ls-files --stage -- /home/tharms/CS179_labs/FinalProject_rSVD/src/svds_cpu.cpp
> git log --format=%H%n%aN%n%aE%n%at%n%ct%n%P%n%B -z -n21 -- /home/tharms/CS179_labs/lab5/src/model.hpp
> git show --textconv :CS179_labs/lab5/src/model.hpp
> git ls-files --stage -- /home/tharms/CS179_labs/lab5/src/model.hpp
> git cat-file -s e8b11f22709ca9275a6966389b503588e54144dc
> git show --textconv :CS179_labs/FinalProject_rSVD/src/svds_cpu.hpp
> git ls-files --stage -- /home/tharms/CS179_labs/FinalProject_rSVD/src/svds_cpu.hpp
> git log --format=%H%n%aN%n%aE%n%at%n%ct%n%P%n%B -z -n21 -- /home/tharms/CS179_labs/lab5/src/model.cpp
> git show --textconv :CS179_labs/lab5/src/model.cpp
> git ls-files --stage -- /home/tharms/CS179_labs/lab5/src/model.cpp
> git cat-file -s f458338a80be0be0cd1db761707b3fd7d4480d27
> git show --textconv :CS179_labs/FinalProject_rSVD/src/svds_cpu.cpp
> git ls-files --stage -- /home/tharms/CS179_labs/FinalProject_rSVD/src/svds_cpu.cpp
> git log --format=%H%n%aN%n%aE%n%at%n%ct%n%P%n%B -z -n21 -- /home/tharms/CS179_labs/lab5/src/model.hpp
> git show --textconv :CS179_labs/lab5/src/model.hpp
> git ls-files --stage -- /home/tharms/CS179_labs/lab5/src/model.hpp
> git cat-file -s e8b11f22709ca9275a6966389b503588e54144dc
> git show --textconv :CS179_labs/FinalProject_rSVD/src/svds_cpu.hpp
> git ls-files --stage -- /home/tharms/CS179_labs/FinalProject_rSVD/src/svds_cpu.hpp
> git show --textconv :CS179_labs/FinalProject_rSVD/src/svds_gpu.cuh
> git ls-files --stage -- /home/tharms/CS179_labs/FinalProject_rSVD/src/svds_gpu.cuh
> git show --textconv :CS179_labs/FinalProject_rSVD/src/svds_cpu.cpp
> git ls-files --stage -- /home/tharms/CS179_labs/FinalProject_rSVD/src/svds_cpu.cpp
> git show --textconv :CS179_labs/FinalProject_rSVD/src/svds_cpu.hpp
> git ls-files --stage -- /home/tharms/CS179_labs/FinalProject_rSVD/src/svds_cpu.hpp
> git show --textconv :CS179_labs/FinalProject_rSVD/src/svds_cpu.cpp
> git ls-files --stage -- /home/tharms/CS179_labs/FinalProject_rSVD/src/svds_cpu.cpp
> git show --textconv :CS179_labs/FinalProject_rSVD/src/svds_cpu.hpp
> git ls-files --stage -- /home/tharms/CS179_labs/FinalProject_rSVD/src/svds_cpu.hpp
> git status -z -u
> git symbolic-ref --short HEAD
> git for-each-ref --format=%(refname)%00%(upstream:short)%00%(objectname)%00%(upstream:track) refs/heads/main refs/remotes/main
> git for-each-ref --sort -committerdate --format %(refname) %(objectname) %(*objectname)
> git remote --verbose
> git config --get commit.template
> git show --textconv :CS179_labs/FinalProject_rSVD/src/svds_gpu.cuh
> git ls-files --stage -- /home/tharms/CS179_labs/FinalProject_rSVD/src/svds_gpu.cuh
> git status -z -u
> git symbolic-ref --short HEAD
> git for-each-ref --format=%(refname)%00%(upstream:short)%00%(objectname)%00%(upstream:track) refs/heads/main refs/remotes/main
> git for-each-ref --sort -committerdate --format %(refname) %(objectname) %(*objectname)
> git remote --verbose
> git config --get commit.template
> git show --textconv :CS179_labs/lab5/src/model.cpp
> git ls-files --stage -- /home/tharms/CS179_labs/lab5/src/model.cpp
> git cat-file -s f458338a80be0be0cd1db761707b3fd7d4480d27
> git show --textconv :CS179_labs/lab5/src/main.cpp
> git ls-files --stage -- /home/tharms/CS179_labs/lab5/src/main.cpp
> git cat-file -s ae49a5cb342cd912eb6b6ba8463ca683706d5a97
> git log --format=%H%n%aN%n%aE%n%at%n%ct%n%P%n%B -z -n21 -- /home/tharms/CS179_labs/lab3/src/fft_convolve.cpp
> git show --textconv :CS179_labs/lab3/src/fft_convolve.cpp
> git ls-files --stage -- /home/tharms/CS179_labs/lab3/src/fft_convolve.cpp
> git cat-file -s ee351ef44261169f0158edf6aa834568254d621b
> git show --textconv :CS179_labs/lab3/src/fft_convolve.cu
> git ls-files --stage -- /home/tharms/CS179_labs/lab3/src/fft_convolve.cu
> git cat-file -s 483a10df24538fd464bd326272b3ba6c42f924b3
> git show --textconv :CS179_labs/lab4/point_alignment.cu
> git ls-files --stage -- /home/tharms/CS179_labs/lab4/point_alignment.cu
> git cat-file -s 70997c11f3fd0cf16d576305ab8dd7e06d231d06
> git show --textconv :CS179_labs/FinalProject_rSVD/src/svds_gpu.cu
> git ls-files --stage -- /home/tharms/CS179_labs/FinalProject_rSVD/src/svds_gpu.cu
> git show --textconv :CS179_labs/FinalProject_rSVD/src/svds_cpu.cpp
> git ls-files --stage -- /home/tharms/CS179_labs/FinalProject_rSVD/src/svds_cpu.cpp
> git show --textconv :CS179_labs/FinalProject_rSVD/src/svds_gpu.cu
> git ls-files --stage -- /home/tharms/CS179_labs/FinalProject_rSVD/src/svds_gpu.cu
> git show --textconv :CS179_labs/FinalProject_rSVD/src/svds_cpu.cpp
> git ls-files --stage -- /home/tharms/CS179_labs/FinalProject_rSVD/src/svds_cpu.cpp
> git show --textconv :CS179_labs/FinalProject_rSVD/src/svds_gpu.cuh
> git ls-files --stage -- /home/tharms/CS179_labs/FinalProject_rSVD/src/svds_gpu.cuh
> git show --textconv :CS179_labs/FinalProject_rSVD/src/svds_gpu.cuh
> git ls-files --stage -- /home/tharms/CS179_labs/FinalProject_rSVD/src/svds_gpu.cuh
> git show --textconv :CS179_labs/FinalProject_rSVD/src/main.cpp
> git ls-files --stage -- /home/tharms/CS179_labs/FinalProject_rSVD/src/main.cpp
> git show --textconv :CS179_labs/FinalProject_rSVD/src/svds_cpu.hpp
> git ls-files --stage -- /home/tharms/CS179_labs/FinalProject_rSVD/src/svds_cpu.hpp
> git log --format=%H%n%aN%n%aE%n%at%n%ct%n%P%n%B -z -n21 -- /home/tharms/CS179_labs/lab5/src/model.cpp
> git show --textconv :CS179_labs/lab5/src/model.cpp
> git ls-files --stage -- /home/tharms/CS179_labs/lab5/src/model.cpp
> git cat-file -s f458338a80be0be0cd1db761707b3fd7d4480d27
> git show --textconv :CS179_labs/FinalProject_rSVD/src/svds_gpu.cuh
> git ls-files --stage -- /home/tharms/CS179_labs/FinalProject_rSVD/src/svds_gpu.cuh
> git show --textconv :CS179_labs/FinalProject_rSVD/src/svds_cpu.cpp
> git ls-files --stage -- /home/tharms/CS179_labs/FinalProject_rSVD/src/svds_cpu.cpp
> git show --textconv :CS179_labs/FinalProject_rSVD/src/svds_gpu.cu
> git ls-files --stage -- /home/tharms/CS179_labs/FinalProject_rSVD/src/svds_gpu.cu
> git show --textconv :CS179_labs/FinalProject_rSVD/src/svds_cpu.hpp
> git ls-files --stage -- /home/tharms/CS179_labs/FinalProject_rSVD/src/svds_cpu.hpp
> git show --textconv :CS179_labs/lab5/src/model.hpp
> git ls-files --stage -- /home/tharms/CS179_labs/lab5/src/model.hpp
> git cat-file -s e8b11f22709ca9275a6966389b503588e54144dc
> git show --textconv :CS179_labs/lab5/src/model.cpp
> git ls-files --stage -- /home/tharms/CS179_labs/lab5/src/model.cpp
> git cat-file -s f458338a80be0be0cd1db761707b3fd7d4480d27
> git show --textconv :CS179_labs/lab5/src/model.hpp
> git ls-files --stage -- /home/tharms/CS179_labs/lab5/src/model.hpp
> git cat-file -s e8b11f22709ca9275a6966389b503588e54144dc
> git show --textconv :CS179_labs/lab5/src/model.cpp
> git ls-files --stage -- /home/tharms/CS179_labs/lab5/src/model.cpp
> git cat-file -s f458338a80be0be0cd1db761707b3fd7d4480d27
> git show --textconv :CS179_labs/lab5/src/main.cpp
> git ls-files --stage -- /home/tharms/CS179_labs/lab5/src/main.cpp
> git cat-file -s ae49a5cb342cd912eb6b6ba8463ca683706d5a97
> git show --textconv :CS179_labs/lab5/Makefile
> git ls-files --stage -- /home/tharms/CS179_labs/lab5/Makefile
> git cat-file -s 3c2cd26821abb7c9e69ee03a00fa96339073394b
> git show --textconv :CS179_labs/lab5/src/main.cpp
> git ls-files --stage -- /home/tharms/CS179_labs/lab5/src/main.cpp
> git cat-file -s ae49a5cb342cd912eb6b6ba8463ca683706d5a97
> git show --textconv :CS179_labs/lab5/Makefile
> git ls-files --stage -- /home/tharms/CS179_labs/lab5/Makefile
> git cat-file -s 3c2cd26821abb7c9e69ee03a00fa96339073394b
> git show --textconv :CS179_labs/lab5/src/model.cpp
> git ls-files --stage -- /home/tharms/CS179_labs/lab5/src/model.cpp
> git cat-file -s f458338a80be0be0cd1db761707b3fd7d4480d27
> git show --textconv :CS179_labs/lab5/src/main.cpp
> git ls-files --stage -- /home/tharms/CS179_labs/lab5/src/main.cpp
> git cat-file -s ae49a5cb342cd912eb6b6ba8463ca683706d5a97
> git show --textconv :CS179_labs/lab5/src/model.cpp
> git ls-files --stage -- /home/tharms/CS179_labs/lab5/src/model.cpp
> git cat-file -s f458338a80be0be0cd1db761707b3fd7d4480d27
> git show --textconv :CS179_labs/lab5/src/model.hpp
> git ls-files --stage -- /home/tharms/CS179_labs/lab5/src/model.hpp
> git cat-file -s e8b11f22709ca9275a6966389b503588e54144dc
> git log --format=%H%n%aN%n%aE%n%at%n%ct%n%P%n%B -z -n21 -- /home/tharms/CS179_labs/FinalProject_rSVD/src/svds_gpu.cuh
> git show --textconv :CS179_labs/FinalProject_rSVD/src/svds_gpu.cuh
> git ls-files --stage -- /home/tharms/CS179_labs/FinalProject_rSVD/src/svds_gpu.cuh
> git show --textconv :CS179_labs/FinalProject_rSVD/src/svds_cpu.hpp
> git ls-files --stage -- /home/tharms/CS179_labs/FinalProject_rSVD/src/svds_cpu.hpp
> git show --textconv :CS179_labs/FinalProject_rSVD/src/svds_cpu.cpp
> git ls-files --stage -- /home/tharms/CS179_labs/FinalProject_rSVD/src/svds_cpu.cpp
> git show --textconv :CS179_labs/FinalProject_rSVD/src/svds_cpu.hpp
> git ls-files --stage -- /home/tharms/CS179_labs/FinalProject_rSVD/src/svds_cpu.hpp
> git status -z -u
> git symbolic-ref --short HEAD
> git for-each-ref --format=%(refname)%00%(upstream:short)%00%(objectname)%00%(upstream:track) refs/heads/main refs/remotes/main
> git for-each-ref --sort -committerdate --format %(refname) %(objectname) %(*objectname)
> git remote --verbose
> git config --get commit.template
> git show --textconv :CS179_labs/FinalProject_rSVD/src/svds_gpu.cu
> git ls-files --stage -- /home/tharms/CS179_labs/FinalProject_rSVD/src/svds_gpu.cu
> git show --textconv :CS179_labs/FinalProject_rSVD/src/svds_gpu.cuh
> git ls-files --stage -- /home/tharms/CS179_labs/FinalProject_rSVD/src/svds_gpu.cuh
> git show --textconv :CS179_labs/FinalProject_rSVD/src/svds_gpu.cu
> git ls-files --stage -- /home/tharms/CS179_labs/FinalProject_rSVD/src/svds_gpu.cu
> git show --textconv :CS179_labs/FinalProject_rSVD/src/svds_gpu.cuh
> git ls-files --stage -- /home/tharms/CS179_labs/FinalProject_rSVD/src/svds_gpu.cuh
> git show --textconv :CS179_labs/FinalProject_rSVD/src/svds_cpu.hpp
> git ls-files --stage -- /home/tharms/CS179_labs/FinalProject_rSVD/src/svds_cpu.hpp
> git status -z -u
> git symbolic-ref --short HEAD
> git for-each-ref --format=%(refname)%00%(upstream:short)%00%(objectname)%00%(upstream:track) refs/heads/main refs/remotes/main
> git for-each-ref --sort -committerdate --format %(refname) %(objectname) %(*objectname)
> git remote --verbose
> git config --get commit.template
> git show --textconv :CS179_labs/FinalProject_rSVD/src/svds_gpu.cuh
> git ls-files --stage -- /home/tharms/CS179_labs/FinalProject_rSVD/src/svds_gpu.cuh
> git show --textconv :CS179_labs/FinalProject_rSVD/src/svds_cpu.hpp
> git ls-files --stage -- /home/tharms/CS179_labs/FinalProject_rSVD/src/svds_cpu.hpp
> git status -z -u
> git symbolic-ref --short HEAD
> git for-each-ref --format=%(refname)%00%(upstream:short)%00%(objectname)%00%(upstream:track) refs/heads/main refs/remotes/main
> git for-each-ref --sort -committerdate --format %(refname) %(objectname) %(*objectname)
> git remote --verbose
> git config --get commit.template
> git show --textconv :CS179_labs/FinalProject_rSVD/src/svds_gpu.cu
> git ls-files --stage -- /home/tharms/CS179_labs/FinalProject_rSVD/src/svds_gpu.cu
> git show --textconv :CS179_labs/FinalProject_rSVD/src/svds_cpu.hpp
> git ls-files --stage -- /home/tharms/CS179_labs/FinalProject_rSVD/src/svds_cpu.hpp
> git status -z -u
> git symbolic-ref --short HEAD
> git for-each-ref --format=%(refname)%00%(upstream:short)%00%(objectname)%00%(upstream:track) refs/heads/main refs/remotes/main
> git for-each-ref --sort -committerdate --format %(refname) %(objectname) %(*objectname)
> git remote --verbose
> git config --get commit.template
> git show --textconv :CS179_labs/FinalProject_rSVD/src/svds.hpp
> git ls-files --stage -- /home/tharms/CS179_labs/FinalProject_rSVD/src/svds.hpp
> git status -z -u
> git symbolic-ref --short HEAD
> git for-each-ref --format=%(refname)%00%(upstream:short)%00%(objectname)%00%(upstream:track) refs/heads/main refs/remotes/main
> git for-each-ref --sort -committerdate --format %(refname) %(objectname) %(*objectname)
> git remote --verbose
> git config --get commit.template
> git show --textconv :CS179_labs/lab5/src/helper_cuda.h
> git ls-files --stage -- /home/tharms/CS179_labs/lab5/src/helper_cuda.h
> git cat-file -s 8d91db41e10b7dc593a0fbd8f80c543f8ccd9505
> git show --textconv :CS179_labs/FinalProject_rSVD/src/helper_cuda.h
> git ls-files --stage -- /home/tharms/CS179_labs/FinalProject_rSVD/src/helper_cuda.h
> git check-ignore -v -z --stdin
> git status -z -u
> git symbolic-ref --short HEAD
> git for-each-ref --format=%(refname)%00%(upstream:short)%00%(objectname)%00%(upstream:track) refs/heads/main refs/remotes/main
> git for-each-ref --sort -committerdate --format %(refname) %(objectname) %(*objectname)
> git remote --verbose
> git config --get commit.template
> git show --textconv :CS179_labs/FinalProject_rSVD/src/svds.hpp
> git ls-files --stage -- /home/tharms/CS179_labs/FinalProject_rSVD/src/svds.hpp
> git show --textconv :CS179_labs/FinalProject_rSVD/src/helper_cuda.h
> git ls-files --stage -- /home/tharms/CS179_labs/FinalProject_rSVD/src/helper_cuda.h
> git show --textconv :CS179_labs/FinalProject_rSVD/src/svds.hpp
> git ls-files --stage -- /home/tharms/CS179_labs/FinalProject_rSVD/src/svds.hpp
> git show --textconv :CS179_labs/lab3/src/fft_convolve.cpp
> git ls-files --stage -- /home/tharms/CS179_labs/lab3/src/fft_convolve.cpp
> git cat-file -s ee351ef44261169f0158edf6aa834568254d621b
> git show --textconv :CS179_labs/FinalProject_rSVD/src/main.cpp
> git ls-files --stage -- /home/tharms/CS179_labs/FinalProject_rSVD/src/main.cpp
> git show --textconv :CS179_labs/lab3/src/fft_convolve.cpp
> git ls-files --stage -- /home/tharms/CS179_labs/lab3/src/fft_convolve.cpp
> git cat-file -s ee351ef44261169f0158edf6aa834568254d621b
> git show --textconv :CS179_labs/FinalProject_rSVD/src/main.cpp
> git ls-files --stage -- /home/tharms/CS179_labs/FinalProject_rSVD/src/main.cpp
> git show --textconv :CS179_labs/FinalProject_rSVD/src/svds.hpp
> git ls-files --stage -- /home/tharms/CS179_labs/FinalProject_rSVD/src/svds.hpp
> git show --textconv :CS179_labs/FinalProject_rSVD/src/main.cpp
> git ls-files --stage -- /home/tharms/CS179_labs/FinalProject_rSVD/src/main.cpp
> git show --textconv :CS179_labs/lab3/src/fft_convolve.cpp
> git ls-files --stage -- /home/tharms/CS179_labs/lab3/src/fft_convolve.cpp
> git cat-file -s ee351ef44261169f0158edf6aa834568254d621b
> git show --textconv :CS179_labs/FinalProject_rSVD/src/main.cpp
> git ls-files --stage -- /home/tharms/CS179_labs/FinalProject_rSVD/src/main.cpp
> git show --textconv :CS179_labs/lab3/src/fft_convolve.cpp
> git ls-files --stage -- /home/tharms/CS179_labs/lab3/src/fft_convolve.cpp
> git cat-file -s ee351ef44261169f0158edf6aa834568254d621b
> git show --textconv :CS179_labs/FinalProject_rSVD/src/svds.hpp
> git ls-files --stage -- /home/tharms/CS179_labs/FinalProject_rSVD/src/svds.hpp
> git show --textconv :CS179_labs/FinalProject_rSVD/src/main.cpp
> git ls-files --stage -- /home/tharms/CS179_labs/FinalProject_rSVD/src/main.cpp
> git show --textconv :CS179_labs/FinalProject_rSVD/src/svds.hpp
> git ls-files --stage -- /home/tharms/CS179_labs/FinalProject_rSVD/src/svds.hpp
> git show --textconv :CS179_labs/FinalProject_rSVD/src/main.cpp
> git ls-files --stage -- /home/tharms/CS179_labs/FinalProject_rSVD/src/main.cpp
> git show --textconv :CS179_labs/lab3/src/fft_convolve.cpp
> git ls-files --stage -- /home/tharms/CS179_labs/lab3/src/fft_convolve.cpp
> git cat-file -s ee351ef44261169f0158edf6aa834568254d621b
> git show --textconv :CS179_labs/FinalProject_rSVD/src/svds.hpp
> git ls-files --stage -- /home/tharms/CS179_labs/FinalProject_rSVD/src/svds.hpp
> git show --textconv :CS179_labs/FinalProject_rSVD/src/main.cpp
> git ls-files --stage -- /home/tharms/CS179_labs/FinalProject_rSVD/src/main.cpp
> git show --textconv :CS179_labs/lab3/src/fft_convolve.cpp
> git ls-files --stage -- /home/tharms/CS179_labs/lab3/src/fft_convolve.cpp
> git cat-file -s ee351ef44261169f0158edf6aa834568254d621b
> git show --textconv :CS179_labs/FinalProject_rSVD/src/svds.hpp
> git ls-files --stage -- /home/tharms/CS179_labs/FinalProject_rSVD/src/svds.hpp
> git show --textconv :CS179_labs/FinalProject_rSVD/src/main.cpp
> git ls-files --stage -- /home/tharms/CS179_labs/FinalProject_rSVD/src/main.cpp
> git show --textconv :CS179_labs/lab3/src/fft_convolve.cpp
> git ls-files --stage -- /home/tharms/CS179_labs/lab3/src/fft_convolve.cpp
> git cat-file -s ee351ef44261169f0158edf6aa834568254d621b
> git show --textconv :CS179_labs/FinalProject_rSVD/src/main.cpp
> git ls-files --stage -- /home/tharms/CS179_labs/FinalProject_rSVD/src/main.cpp
> git show --textconv :CS179_labs/lab3/src/fft_convolve.cpp
> git ls-files --stage -- /home/tharms/CS179_labs/lab3/src/fft_convolve.cpp
> git cat-file -s ee351ef44261169f0158edf6aa834568254d621b
> git log --format=%H%n%aN%n%aE%n%at%n%ct%n%P%n%B -z -n21 -- /home/tharms/CS179_labs/lab3/src/fft_convolve.cpp
> git log --format=%H%n%aN%n%aE%n%at%n%ct%n%P%n%B -z -n41 -- /home/tharms/CS179_labs/lab3/src/fft_convolve.cpp
> git show --textconv :CS179_labs/FinalProject_rSVD/src/main.cpp
> git ls-files --stage -- /home/tharms/CS179_labs/FinalProject_rSVD/src/main.cpp
> git status -z -u
> git symbolic-ref --short HEAD
> git for-each-ref --format=%(refname)%00%(upstream:short)%00%(objectname)%00%(upstream:track) refs/heads/main refs/remotes/main
> git for-each-ref --sort -committerdate --format %(refname) %(objectname) %(*objectname)
> git remote --verbose
> git config --get commit.template
> git show --textconv :CS179_labs/FinalProject_rSVD/src/utils
> git ls-files --stage -- /home/tharms/CS179_labs/FinalProject_rSVD/src/utils
> git check-ignore -v -z --stdin
> git status -z -u
> git symbolic-ref --short HEAD
> git for-each-ref --format=%(refname)%00%(upstream:short)%00%(objectname)%00%(upstream:track) refs/heads/main refs/remotes/main
> git for-each-ref --sort -committerdate --format %(refname) %(objectname) %(*objectname)
> git remote --verbose
> git config --get commit.template
> git show --textconv :CS179_labs/FinalProject_rSVD/src/utils.cpp
> git ls-files --stage -- /home/tharms/CS179_labs/FinalProject_rSVD/src/utils.cpp
> git check-ignore -v -z --stdin
> git status -z -u
> git symbolic-ref --short HEAD
> git for-each-ref --format=%(refname)%00%(upstream:short)%00%(objectname)%00%(upstream:track) refs/heads/main refs/remotes/main
> git for-each-ref --sort -committerdate --format %(refname) %(objectname) %(*objectname)
> git remote --verbose
> git config --get commit.template
> git show --textconv :CS179_labs/FinalProject_rSVD/src/utils.hpp
> git ls-files --stage -- /home/tharms/CS179_labs/FinalProject_rSVD/src/utils.hpp
> git check-ignore -v -z --stdin
> git status -z -u
> git symbolic-ref --short HEAD
> git for-each-ref --format=%(refname)%00%(upstream:short)%00%(objectname)%00%(upstream:track) refs/heads/main refs/remotes/main
> git for-each-ref --sort -committerdate --format %(refname) %(objectname) %(*objectname)
> git remote --verbose
> git config --get commit.template
> git show --textconv :CS179_labs/lab5/src/utils.cu
> git ls-files --stage -- /home/tharms/CS179_labs/lab5/src/utils.cu
> git cat-file -s 20e0a67636c518145bbc78f98821a04c5f5c8a42
> git show --textconv :CS179_labs/lab5/src/model.cpp
> git ls-files --stage -- /home/tharms/CS179_labs/lab5/src/model.cpp
> git cat-file -s f458338a80be0be0cd1db761707b3fd7d4480d27
> git show --textconv :CS179_labs/lab4/obj_structures.h
> git ls-files --stage -- /home/tharms/CS179_labs/lab4/obj_structures.h
> git cat-file -s 7d809de31338e247a59a2e9e2a3aea30b9bd4c6f
> git show --textconv :CS179_labs/lab5/src/layers.hpp
> git ls-files --stage -- /home/tharms/CS179_labs/lab5/src/layers.hpp
> git cat-file -s 47f116de2c0051be5605484b95b78107b930e683
> git show --textconv :CS179_labs/lab5/src/main.cpp
> git ls-files --stage -- /home/tharms/CS179_labs/lab5/src/main.cpp
> git cat-file -s ae49a5cb342cd912eb6b6ba8463ca683706d5a97
> git show --textconv :CS179_labs/FinalProject_rSVD/src/main.cpp
> git ls-files --stage -- /home/tharms/CS179_labs/FinalProject_rSVD/src/main.cpp
> git show --textconv :CS179_labs/lab4/obj_structures.h
> git ls-files --stage -- /home/tharms/CS179_labs/lab4/obj_structures.h
> git cat-file -s 7d809de31338e247a59a2e9e2a3aea30b9bd4c6f
> git show --textconv :CS179_labs/FinalProject_rSVD/src/main.cpp
> git ls-files --stage -- /home/tharms/CS179_labs/FinalProject_rSVD/src/main.cpp
> git show --textconv :CS179_labs/FinalProject_rSVD/src/utils.hpp
> git ls-files --stage -- /home/tharms/CS179_labs/FinalProject_rSVD/src/utils.hpp
> git show --textconv :CS179_labs/FinalProject_rSVD/src/main.cpp
> git ls-files --stage -- /home/tharms/CS179_labs/FinalProject_rSVD/src/main.cpp
> git show --textconv :CS179_labs/FinalProject_rSVD/src/utils.hpp
> git ls-files --stage -- /home/tharms/CS179_labs/FinalProject_rSVD/src/utils.hpp
> git show --textconv :CS179_labs/FinalProject_rSVD/src/main.cpp
> git ls-files --stage -- /home/tharms/CS179_labs/FinalProject_rSVD/src/main.cpp
> git show --textconv :CS179_labs/FinalProject_rSVD/src/utils.hpp
> git ls-files --stage -- /home/tharms/CS179_labs/FinalProject_rSVD/src/utils.hpp
> git show --textconv :CS179_labs/FinalProject_rSVD/src/main.cpp
> git ls-files --stage -- /home/tharms/CS179_labs/FinalProject_rSVD/src/main.cpp
> git show --textconv :CS179_labs/FinalProject_rSVD/src/utils.hpp
> git ls-files --stage -- /home/tharms/CS179_labs/FinalProject_rSVD/src/utils.hpp
> git show --textconv :CS179_labs/FinalProject_rSVD/src/main.cpp
> git ls-files --stage -- /home/tharms/CS179_labs/FinalProject_rSVD/src/main.cpp
> git show --textconv :CS179_labs/FinalProject_rSVD/src/svds.hpp
> git ls-files --stage -- /home/tharms/CS179_labs/FinalProject_rSVD/src/svds.hpp
> git show --textconv :CS179_labs/lab5/src/model.cpp
> git ls-files --stage -- /home/tharms/CS179_labs/lab5/src/model.cpp
> git cat-file -s f458338a80be0be0cd1db761707b3fd7d4480d27
> git show --textconv :CS179_labs/lab3/src/fft_convolve.cuh
> git ls-files --stage -- /home/tharms/CS179_labs/lab3/src/fft_convolve.cuh
> git cat-file -s d833b3150b4304b11f1c3b231e10df1c95f088e1
> git show --textconv :CS179_labs/lab3/src/fft_convolve.cu
> git ls-files --stage -- /home/tharms/CS179_labs/lab3/src/fft_convolve.cu
> git cat-file -s 483a10df24538fd464bd326272b3ba6c42f924b3
> git show --textconv :CS179_labs/lab3/src/fft_convolve.cpp
> git ls-files --stage -- /home/tharms/CS179_labs/lab3/src/fft_convolve.cpp
> git cat-file -s ee351ef44261169f0158edf6aa834568254d621b
> git show --textconv :CS179_labs/lab5/src/model.hpp
> git ls-files --stage -- /home/tharms/CS179_labs/lab5/src/model.hpp
> git cat-file -s e8b11f22709ca9275a6966389b503588e54144dc
> git show --textconv :CS179_labs/lab3/src/fft_convolve.cpp
> git ls-files --stage -- /home/tharms/CS179_labs/lab3/src/fft_convolve.cpp
> git cat-file -s ee351ef44261169f0158edf6aa834568254d621b
> git show --textconv :CS179_labs/FinalProject_rSVD/src/main.cpp
> git ls-files --stage -- /home/tharms/CS179_labs/FinalProject_rSVD/src/main.cpp
> git show --textconv :CS179_labs/FinalProject_rSVD/src/helper_cuda.h
> git ls-files --stage -- /home/tharms/CS179_labs/FinalProject_rSVD/src/helper_cuda.h
> git show --textconv :CS179_labs/FinalProject_rSVD/src/svds.hpp
> git ls-files --stage -- /home/tharms/CS179_labs/FinalProject_rSVD/src/svds.hpp
> git show --textconv :CS179_labs/FinalProject_rSVD/src/utils.hpp
> git ls-files --stage -- /home/tharms/CS179_labs/FinalProject_rSVD/src/utils.hpp
> git status -z -u
> git symbolic-ref --short HEAD
> git for-each-ref --format=%(refname)%00%(upstream:short)%00%(objectname)%00%(upstream:track) refs/heads/main refs/remotes/main
> git for-each-ref --sort -committerdate --format %(refname) %(objectname) %(*objectname)
> git remote --verbose
> git config --get commit.template
> git show --textconv :CS179_labs/FinalProject_rSVD/src/helper_cuda.h
> git ls-files --stage -- /home/tharms/CS179_labs/FinalProject_rSVD/src/helper_cuda.h
> git show --textconv :CS179_labs/FinalProject_rSVD/src/svds.hpp
> git ls-files --stage -- /home/tharms/CS179_labs/FinalProject_rSVD/src/svds.hpp
> git show --textconv :CS179_labs/FinalProject_rSVD/src/utils.hpp
> git ls-files --stage -- /home/tharms/CS179_labs/FinalProject_rSVD/src/utils.hpp
> git show --textconv :CS179_labs/lab5/src/helper_cuda.h
> git ls-files --stage -- /home/tharms/CS179_labs/lab5/src/helper_cuda.h
> git cat-file -s 8d91db41e10b7dc593a0fbd8f80c543f8ccd9505
> git show --textconv :CS179_labs/FinalProject_rSVD/src/main.cpp
> git ls-files --stage -- /home/tharms/CS179_labs/FinalProject_rSVD/src/main.cpp
> git status -z -u
> git symbolic-ref --short HEAD
> git for-each-ref --format=%(refname)%00%(upstream:short)%00%(objectname)%00%(upstream:track) refs/heads/main refs/remotes/main
> git for-each-ref --sort -committerdate --format %(refname) %(objectname) %(*objectname)
> git remote --verbose
> git config --get commit.template
> git show --textconv :CS179_labs/FinalProject_rSVD/src/utils.hpp
> git ls-files --stage -- /home/tharms/CS179_labs/FinalProject_rSVD/src/utils.hpp
> git status -z -u
> git symbolic-ref --short HEAD
> git for-each-ref --format=%(refname)%00%(upstream:short)%00%(objectname)%00%(upstream:track) refs/heads/main refs/remotes/main
> git for-each-ref --sort -committerdate --format %(refname) %(objectname) %(*objectname)
> git remote --verbose
> git config --get commit.template
> git status -z -u
> git symbolic-ref --short HEAD
> git for-each-ref --format=%(refname)%00%(upstream:short)%00%(objectname)%00%(upstream:track) refs/heads/main refs/remotes/main
> git for-each-ref --sort -committerdate --format %(refname) %(objectname) %(*objectname)
> git remote --verbose
> git config --get commit.template
> git show --textconv :CS179_labs/FinalProject_rSVD/src/main.cpp
> git ls-files --stage -- /home/tharms/CS179_labs/FinalProject_rSVD/src/main.cpp
> git show --textconv :CS179_labs/FinalProject_rSVD/src/utils.hpp
> git ls-files --stage -- /home/tharms/CS179_labs/FinalProject_rSVD/src/utils.hpp
> git status -z -u
> git symbolic-ref --short HEAD
> git for-each-ref --format=%(refname)%00%(upstream:short)%00%(objectname)%00%(upstream:track) refs/heads/main refs/remotes/main
> git for-each-ref --sort -committerdate --format %(refname) %(objectname) %(*objectname)
> git remote --verbose
> git config --get commit.template
> git show --textconv :CS179_labs/FinalProject_rSVD/src/main.cpp
> git ls-files --stage -- /home/tharms/CS179_labs/FinalProject_rSVD/src/main.cpp
> git show --textconv :CS179_labs/FinalProject_rSVD/src/utils.hpp
> git ls-files --stage -- /home/tharms/CS179_labs/FinalProject_rSVD/src/utils.hpp
> git show --textconv :CS179_labs/FinalProject_rSVD/src/main.cpp
> git ls-files --stage -- /home/tharms/CS179_labs/FinalProject_rSVD/src/main.cpp
> git show --textconv :CS179_labs/FinalProject_rSVD/src/utils.hpp
> git ls-files --stage -- /home/tharms/CS179_labs/FinalProject_rSVD/src/utils.hpp
> git status -z -u
> git symbolic-ref --short HEAD
> git for-each-ref --format=%(refname)%00%(upstream:short)%00%(objectname)%00%(upstream:track) refs/heads/main refs/remotes/main
> git for-each-ref --sort -committerdate --format %(refname) %(objectname) %(*objectname)
> git remote --verbose
> git config --get commit.template
> git show --textconv :CS179_labs/FinalProject_rSVD/src/main.cpp
> git ls-files --stage -- /home/tharms/CS179_labs/FinalProject_rSVD/src/main.cpp
> git status -z -u
> git symbolic-ref --short HEAD
> git for-each-ref --format=%(refname)%00%(upstream:short)%00%(objectname)%00%(upstream:track) refs/heads/main refs/remotes/main
> git for-each-ref --sort -committerdate --format %(refname) %(objectname) %(*objectname)
> git remote --verbose
> git config --get commit.template
> git show --textconv :CS179_labs/FinalProject_rSVD/src/utils.hpp
> git ls-files --stage -- /home/tharms/CS179_labs/FinalProject_rSVD/src/utils.hpp
> git show --textconv :CS179_labs/FinalProject_rSVD/src/utils.hpp
> git ls-files --stage -- /home/tharms/CS179_labs/FinalProject_rSVD/src/utils.hpp
> git log --format=%H%n%aN%n%aE%n%at%n%ct%n%P%n%B -z -n21 -- /home/tharms/CS179_labs/FinalProject_rSVD/src/main.cpp
> git show --textconv :CS179_labs/FinalProject_rSVD/src/main.cpp
> git ls-files --stage -- /home/tharms/CS179_labs/FinalProject_rSVD/src/main.cpp
> git status -z -u
> git symbolic-ref --short HEAD
> git for-each-ref --format=%(refname)%00%(upstream:short)%00%(objectname)%00%(upstream:track) refs/heads/main refs/remotes/main
> git for-each-ref --sort -committerdate --format %(refname) %(objectname) %(*objectname)
> git remote --verbose
> git config --get commit.template
> git show --textconv :CS179_labs/lab3/src/fft_convolve.cu
> git ls-files --stage -- /home/tharms/CS179_labs/lab3/src/fft_convolve.cu
> git cat-file -s 483a10df24538fd464bd326272b3ba6c42f924b3
> git show --textconv :CS179_labs/lab4/obj_structures.cpp
> git ls-files --stage -- /home/tharms/CS179_labs/lab4/obj_structures.cpp
> git cat-file -s f8f7d7307bc0a98e9f22744e990c9ba6d7872266
> git show --textconv :CS179_labs/lab4/point_alignment.cu
> git ls-files --stage -- /home/tharms/CS179_labs/lab4/point_alignment.cu
> git cat-file -s 70997c11f3fd0cf16d576305ab8dd7e06d231d06
> git show --textconv :CS179_labs/FinalProject_rSVD/src/utils.hpp
> git ls-files --stage -- /home/tharms/CS179_labs/FinalProject_rSVD/src/utils.hpp
> git status -z -u
> git symbolic-ref --short HEAD
> git for-each-ref --format=%(refname)%00%(upstream:short)%00%(objectname)%00%(upstream:track) refs/heads/main refs/remotes/main
> git for-each-ref --sort -committerdate --format %(refname) %(objectname) %(*objectname)
> git remote --verbose
> git show --textconv :CS179_labs/FinalProject_rSVD/src/main.cpp
> git ls-files --stage -- /home/tharms/CS179_labs/FinalProject_rSVD/src/main.cpp
> git config --get commit.template
> git status -z -u
> git symbolic-ref --short HEAD
> git for-each-ref --format=%(refname)%00%(upstream:short)%00%(objectname)%00%(upstream:track) refs/heads/main refs/remotes/main
> git for-each-ref --sort -committerdate --format %(refname) %(objectname) %(*objectname)
> git remote --verbose
> git config --get commit.template
> git status -z -u
> git symbolic-ref --short HEAD
> git for-each-ref --format=%(refname)%00%(upstream:short)%00%(objectname)%00%(upstream:track) refs/heads/main refs/remotes/main
> git for-each-ref --sort -committerdate --format %(refname) %(objectname) %(*objectname)
> git remote --verbose
> git config --get commit.template
> git show --textconv :CS179_labs/lab3/Makefile
> git ls-files --stage -- /home/tharms/CS179_labs/lab3/Makefile
> git cat-file -s 1880941c322bea859d5195cf0b6d8dad6ebaffcb
> git show --textconv :CS179_labs/lab4/Makefile
> git ls-files --stage -- /home/tharms/CS179_labs/lab4/Makefile
> git cat-file -s 5f3ee41c441d0808ef0f805c4dff17e499382765
> git show --textconv :CS179_labs/FinalProject_rSVD/Makefile
> git ls-files --stage -- /home/tharms/CS179_labs/FinalProject_rSVD/Makefile
> git check-ignore -v -z --stdin
> git status -z -u
> git symbolic-ref --short HEAD
> git for-each-ref --format=%(refname)%00%(upstream:short)%00%(objectname)%00%(upstream:track) refs/heads/main refs/remotes/main
> git for-each-ref --sort -committerdate --format %(refname) %(objectname) %(*objectname)
> git remote --verbose
> git config --get commit.template
> git show --textconv :CS179_labs/lab4/Makefile
> git ls-files --stage -- /home/tharms/CS179_labs/lab4/Makefile
> git cat-file -s 5f3ee41c441d0808ef0f805c4dff17e499382765
> git show --textconv :CS179_labs/lab5/Makefile
> git ls-files --stage -- /home/tharms/CS179_labs/lab5/Makefile
> git cat-file -s 3c2cd26821abb7c9e69ee03a00fa96339073394b
> git show --textconv :CS179_labs/FinalProject_rSVD/Makefile
> git ls-files --stage -- /home/tharms/CS179_labs/FinalProject_rSVD/Makefile
> git show --textconv :CS179_labs/FinalProject_rSVD/src/main.cpp
> git ls-files --stage -- /home/tharms/CS179_labs/FinalProject_rSVD/src/main.cpp
> git show --textconv :CS179_labs/FinalProject_rSVD/src/rSVD.cpp
> git ls-files --stage -- /home/tharms/CS179_labs/FinalProject_rSVD/src/rSVD.cpp
> git check-ignore -v -z --stdin
> git status -z -u
> git symbolic-ref --short HEAD
> git for-each-ref --format=%(refname)%00%(upstream:short)%00%(objectname)%00%(upstream:track) refs/heads/main refs/remotes/main
> git for-each-ref --sort -committerdate --format %(refname) %(objectname) %(*objectname)
> git remote --verbose
> git config --get commit.template
> git show --textconv :CS179_labs/lab4/Makefile
> git ls-files --stage -- /home/tharms/CS179_labs/lab4/Makefile
> git cat-file -s 5f3ee41c441d0808ef0f805c4dff17e499382765
> git show --textconv :CS179_labs/FinalProject_rSVD/Makefile
> git ls-files --stage -- /home/tharms/CS179_labs/FinalProject_rSVD/Makefile
> git show --textconv :CS179_labs/lab5/Makefile
> git ls-files --stage -- /home/tharms/CS179_labs/lab5/Makefile
> git cat-file -s 3c2cd26821abb7c9e69ee03a00fa96339073394b
> git show --textconv :CS179_labs/FinalProject_rSVD/Makefile
> git ls-files --stage -- /home/tharms/CS179_labs/FinalProject_rSVD/Makefile
> git show --textconv :CS179_labs/lab5/Makefile
> git ls-files --stage -- /home/tharms/CS179_labs/lab5/Makefile
> git cat-file -s 3c2cd26821abb7c9e69ee03a00fa96339073394b
> git log --format=%H%n%aN%n%aE%n%at%n%ct%n%P%n%B -z -n21 -- /home/tharms/CS179_labs/lab5/Makefile
> git log --format=%H%n%aN%n%aE%n%at%n%ct%n%P%n%B -z -n41 -- /home/tharms/CS179_labs/lab5/Makefile
> git show --textconv :CS179_labs/FinalProject_rSVD/Makefile
> git ls-files --stage -- /home/tharms/CS179_labs/FinalProject_rSVD/Makefile
> git status -z -u
> git symbolic-ref --short HEAD
> git for-each-ref --format=%(refname)%00%(upstream:short)%00%(objectname)%00%(upstream:track) refs/heads/main refs/remotes/main
> git for-each-ref --sort -committerdate --format %(refname) %(objectname) %(*objectname)
> git remote --verbose
> git config --get commit.template
> git status -z -u
> git symbolic-ref --short HEAD
> git for-each-ref --format=%(refname)%00%(upstream:short)%00%(objectname)%00%(upstream:track) refs/heads/main refs/remotes/main
> git for-each-ref --sort -committerdate --format %(refname) %(objectname) %(*objectname)
> git remote --verbose
> git config --get commit.template
> git show --textconv :CS179_labs/lab4/Makefile
> git ls-files --stage -- /home/tharms/CS179_labs/lab4/Makefile
> git cat-file -s 5f3ee41c441d0808ef0f805c4dff17e499382765
> git show --textconv :CS179_labs/FinalProject_rSVD/Makefile
> git ls-files --stage -- /home/tharms/CS179_labs/FinalProject_rSVD/Makefile
> git show --textconv :CS179_labs/FinalProject_rSVD/src/rSVD.cpp
> git ls-files --stage -- /home/tharms/CS179_labs/FinalProject_rSVD/src/rSVD.cpp
> git status -z -u
> git symbolic-ref --short HEAD
> git for-each-ref --format=%(refname)%00%(upstream:short)%00%(objectname)%00%(upstream:track) refs/heads/main refs/remotes/main
> git for-each-ref --sort -committerdate --format %(refname) %(objectname) %(*objectname)
> git remote --verbose
> git config --get commit.template
> git show --textconv :CS179_labs/FinalProject_rSVD/src/svds.hpp
> git ls-files --stage -- /home/tharms/CS179_labs/FinalProject_rSVD/src/svds.hpp
> git show --textconv :CS179_labs/FinalProject_rSVD/src/utils.hpp
> git ls-files --stage -- /home/tharms/CS179_labs/FinalProject_rSVD/src/utils.hpp
> git status -z -u
> git symbolic-ref --short HEAD
> git for-each-ref --format=%(refname)%00%(upstream:short)%00%(objectname)%00%(upstream:track) refs/heads/main refs/remotes/main
> git for-each-ref --sort -committerdate --format %(refname) %(objectname) %(*objectname)
> git remote --verbose
> git config --get commit.template
> git show --textconv :CS179_labs/FinalProject_rSVD/src/svds.hpp
> git ls-files --stage -- /home/tharms/CS179_labs/FinalProject_rSVD/src/svds.hpp
> git status -z -u
> git symbolic-ref --short HEAD
> git for-each-ref --format=%(refname)%00%(upstream:short)%00%(objectname)%00%(upstream:track) refs/heads/main refs/remotes/main
> git for-each-ref --sort -committerdate --format %(refname) %(objectname) %(*objectname)
> git remote --verbose
> git config --get commit.template
> git show --textconv :CS179_labs/FinalProject_rSVD/src/rSVD.cpp
> git ls-files --stage -- /home/tharms/CS179_labs/FinalProject_rSVD/src/rSVD.cpp
> git status -z -u
> git symbolic-ref --short HEAD
> git for-each-ref --format=%(refname)%00%(upstream:short)%00%(objectname)%00%(upstream:track) refs/heads/main refs/remotes/main
> git for-each-ref --sort -committerdate --format %(refname) %(objectname) %(*objectname)
> git remote --verbose
> git config --get commit.template
> git log --format=%H%n%aN%n%aE%n%at%n%ct%n%P%n%B -z -n21 -- /home/tharms/CS179_labs/lab3/src/fft_convolve.cpp
> git show --textconv :CS179_labs/lab3/src/fft_convolve.cpp
> git ls-files --stage -- /home/tharms/CS179_labs/lab3/src/fft_convolve.cpp
> git cat-file -s ee351ef44261169f0158edf6aa834568254d621b
> git log --format=%H%n%aN%n%aE%n%at%n%ct%n%P%n%B -z -n21 -- /home/tharms/CS179_labs/FinalProject_rSVD/src/utils.hpp
> git show --textconv :CS179_labs/FinalProject_rSVD/src/utils.hpp
> git ls-files --stage -- /home/tharms/CS179_labs/FinalProject_rSVD/src/utils.hpp
> git show --textconv :CS179_labs/FinalProject_rSVD/src/rSVD.cpp
> git ls-files --stage -- /home/tharms/CS179_labs/FinalProject_rSVD/src/rSVD.cpp
> git show --textconv :CS179_labs/FinalProject_rSVD/Makefile
> git ls-files --stage -- /home/tharms/CS179_labs/FinalProject_rSVD/Makefile
> git show --textconv :CS179_labs/FinalProject_rSVD/src/utils.hpp
> git ls-files --stage -- /home/tharms/CS179_labs/FinalProject_rSVD/src/utils.hpp
> git status -z -u
> git symbolic-ref --short HEAD
> git for-each-ref --format=%(refname)%00%(upstream:short)%00%(objectname)%00%(upstream:track) refs/heads/main refs/remotes/main
> git for-each-ref --sort -committerdate --format %(refname) %(objectname) %(*objectname)
> git remote --verbose
> git config --get commit.template
> git show --textconv :CS179_labs/FinalProject_rSVD/src/rSVD.cpp
> git ls-files --stage -- /home/tharms/CS179_labs/FinalProject_rSVD/src/rSVD.cpp
> git show --textconv :CS179_labs/FinalProject_rSVD/src/utils.hpp
> git ls-files --stage -- /home/tharms/CS179_labs/FinalProject_rSVD/src/utils.hpp
> git status -z -u
> git symbolic-ref --short HEAD
> git for-each-ref --format=%(refname)%00%(upstream:short)%00%(objectname)%00%(upstream:track) refs/heads/main refs/remotes/main
> git for-each-ref --sort -committerdate --format %(refname) %(objectname) %(*objectname)
> git remote --verbose
> git config --get commit.template
> git status -z -u
> git symbolic-ref --short HEAD
> git for-each-ref --format=%(refname)%00%(upstream:short)%00%(objectname)%00%(upstream:track) refs/heads/main refs/remotes/main
> git for-each-ref --sort -committerdate --format %(refname) %(objectname) %(*objectname)
> git remote --verbose
> git config --get commit.template
> git log --format=%H%n%aN%n%aE%n%at%n%ct%n%P%n%B -z -n21 -- /home/tharms/CS179_labs/FinalProject_rSVD/src/rSVD.cpp
> git show --textconv :CS179_labs/FinalProject_rSVD/src/rSVD.cpp
> git ls-files --stage -- /home/tharms/CS179_labs/FinalProject_rSVD/src/rSVD.cpp
> git show --textconv :CS179_labs/FinalProject_rSVD/src/utils.hpp
> git ls-files --stage -- /home/tharms/CS179_labs/FinalProject_rSVD/src/utils.hpp
> git show --textconv :CS179_labs/FinalProject_rSVD/src/svds.hpp
> git ls-files --stage -- /home/tharms/CS179_labs/FinalProject_rSVD/src/svds.hpp
> git show --textconv :CS179_labs/FinalProject_rSVD/src/utils.hpp
> git ls-files --stage -- /home/tharms/CS179_labs/FinalProject_rSVD/src/utils.hpp
> git log --format=%H%n%aN%n%aE%n%at%n%ct%n%P%n%B -z -n21 -- /home/tharms/CS179_labs/lab5/src/model.cpp
> git show --textconv :CS179_labs/lab5/src/model.cpp
> git ls-files --stage -- /home/tharms/CS179_labs/lab5/src/model.cpp
> git cat-file -s f458338a80be0be0cd1db761707b3fd7d4480d27
> git show --textconv :CS179_labs/lab5/src/model.hpp
> git ls-files --stage -- /home/tharms/CS179_labs/lab5/src/model.hpp
> git cat-file -s e8b11f22709ca9275a6966389b503588e54144dc
> git show --textconv :CS179_labs/lab3/src/fft_convolve.cpp
> git ls-files --stage -- /home/tharms/CS179_labs/lab3/src/fft_convolve.cpp
> git cat-file -s ee351ef44261169f0158edf6aa834568254d621b
> git status -z -u
> git symbolic-ref --short HEAD
> git for-each-ref --format=%(refname)%00%(upstream:short)%00%(objectname)%00%(upstream:track) refs/heads/main refs/remotes/main
> git for-each-ref --sort -committerdate --format %(refname) %(objectname) %(*objectname)
> git remote --verbose
> git config --get commit.template
> git show --textconv :CS179_labs/FinalProject_rSVD/src/svds.hpp
> git ls-files --stage -- /home/tharms/CS179_labs/FinalProject_rSVD/src/svds.hpp
> git status -z -u
> git symbolic-ref --short HEAD
> git for-each-ref --format=%(refname)%00%(upstream:short)%00%(objectname)%00%(upstream:track) refs/heads/main refs/remotes/main
> git for-each-ref --sort -committerdate --format %(refname) %(objectname) %(*objectname)
> git remote --verbose
> git config --get commit.template
> git show --textconv :CS179_labs/FinalProject_rSVD/src/utils.hpp
> git ls-files --stage -- /home/tharms/CS179_labs/FinalProject_rSVD/src/utils.hpp
> git status -z -u
> git symbolic-ref --short HEAD
> git for-each-ref --format=%(refname)%00%(upstream:short)%00%(objectname)%00%(upstream:track) refs/heads/main refs/remotes/main
> git for-each-ref --sort -committerdate --format %(refname) %(objectname) %(*objectname)
> git remote --verbose
> git config --get commit.template
> git status -z -u
> git symbolic-ref --short HEAD
> git for-each-ref --format=%(refname)%00%(upstream:short)%00%(objectname)%00%(upstream:track) refs/heads/main refs/remotes/main
> git for-each-ref --sort -committerdate --format %(refname) %(objectname) %(*objectname)
> git remote --verbose
> git config --get commit.template
> git status -z -u
> git symbolic-ref --short HEAD
> git for-each-ref --format=%(refname)%00%(upstream:short)%00%(objectname)%00%(upstream:track) refs/heads/main refs/remotes/main
> git for-each-ref --sort -committerdate --format %(refname) %(objectname) %(*objectname)
> git remote --verbose
> git config --get commit.template
> git show --textconv :CS179_labs/FinalProject_rSVD/src/rSVD.cpp
> git ls-files --stage -- /home/tharms/CS179_labs/FinalProject_rSVD/src/rSVD.cpp
> git show --textconv :CS179_labs/FinalProject_rSVD/src/svds.hpp
> git ls-files --stage -- /home/tharms/CS179_labs/FinalProject_rSVD/src/svds.hpp
> git show --textconv :CS179_labs/FinalProject_rSVD/src/rSVD.cpp
> git ls-files --stage -- /home/tharms/CS179_labs/FinalProject_rSVD/src/rSVD.cpp
> git status -z -u
> git symbolic-ref --short HEAD
> git for-each-ref --format=%(refname)%00%(upstream:short)%00%(objectname)%00%(upstream:track) refs/heads/main refs/remotes/main
> git for-each-ref --sort -committerdate --format %(refname) %(objectname) %(*objectname)
> git remote --verbose
> git config --get commit.template
> git status -z -u
> git symbolic-ref --short HEAD
> git for-each-ref --format=%(refname)%00%(upstream:short)%00%(objectname)%00%(upstream:track) refs/heads/main refs/remotes/main
> git for-each-ref --sort -committerdate --format %(refname) %(objectname) %(*objectname)
> git remote --verbose
> git config --get commit.template
> git status -z -u
> git symbolic-ref --short HEAD
> git for-each-ref --format=%(refname)%00%(upstream:short)%00%(objectname)%00%(upstream:track) refs/heads/main refs/remotes/main
> git for-each-ref --sort -committerdate --format %(refname) %(objectname) %(*objectname)
> git remote --verbose
> git config --get commit.template
> git status -z -u
> git symbolic-ref --short HEAD
> git for-each-ref --format=%(refname)%00%(upstream:short)%00%(objectname)%00%(upstream:track) refs/heads/main refs/remotes/main
> git for-each-ref --sort -committerdate --format %(refname) %(objectname) %(*objectname)
> git remote --verbose
> git config --get commit.template
> git show --textconv :CS179_labs/FinalProject_rSVD/src/utils.hpp
> git ls-files --stage -- /home/tharms/CS179_labs/FinalProject_rSVD/src/utils.hpp
> git status -z -u
> git symbolic-ref --short HEAD
> git for-each-ref --format=%(refname)%00%(upstream:short)%00%(objectname)%00%(upstream:track) refs/heads/main refs/remotes/main
> git for-each-ref --sort -committerdate --format %(refname) %(objectname) %(*objectname)
> git remote --verbose
> git config --get commit.template
> git show --textconv :CS179_labs/FinalProject_rSVD/src/rSVD.cpp
> git ls-files --stage -- /home/tharms/CS179_labs/FinalProject_rSVD/src/rSVD.cpp
> git show --textconv :CS179_labs/FinalProject_rSVD/src/utils.hpp
> git ls-files --stage -- /home/tharms/CS179_labs/FinalProject_rSVD/src/utils.hpp
> git status -z -u
> git symbolic-ref --short HEAD
> git for-each-ref --format=%(refname)%00%(upstream:short)%00%(objectname)%00%(upstream:track) refs/heads/main refs/remotes/main
> git for-each-ref --sort -committerdate --format %(refname) %(objectname) %(*objectname)
> git remote --verbose
> git config --get commit.template
> git status -z -u
> git symbolic-ref --short HEAD
> git for-each-ref --format=%(refname)%00%(upstream:short)%00%(objectname)%00%(upstream:track) refs/heads/main refs/remotes/main
> git for-each-ref --sort -committerdate --format %(refname) %(objectname) %(*objectname)
> git remote --verbose
> git config --get commit.template
> git show --textconv :CS179_labs/FinalProject_rSVD/src/rSVD.cpp
> git ls-files --stage -- /home/tharms/CS179_labs/FinalProject_rSVD/src/rSVD.cpp
> git status -z -u
> git symbolic-ref --short HEAD
> git for-each-ref --format=%(refname)%00%(upstream:short)%00%(objectname)%00%(upstream:track) refs/heads/main refs/remotes/main
> git for-each-ref --sort -committerdate --format %(refname) %(objectname) %(*objectname)
> git remote --verbose
> git config --get commit.template
> git status -z -u
> git symbolic-ref --short HEAD
> git for-each-ref --format=%(refname)%00%(upstream:short)%00%(objectname)%00%(upstream:track) refs/heads/main refs/remotes/main
> git for-each-ref --sort -committerdate --format %(refname) %(objectname) %(*objectname)
> git remote --verbose
> git config --get commit.template
> git check-ignore -v -z --stdin
> git show --textconv :CS179_labs/FinalProject_rSVD/Makefile
> git ls-files --stage -- /home/tharms/CS179_labs/FinalProject_rSVD/Makefile
> git log --format=%H%n%aN%n%aE%n%at%n%ct%n%P%n%B -z -n21 -- /home/tharms/CS179_labs/lab5/Makefile
> git show --textconv :CS179_labs/lab5/Makefile
> git ls-files --stage -- /home/tharms/CS179_labs/lab5/Makefile
> git cat-file -s 3c2cd26821abb7c9e69ee03a00fa96339073394b
> git show --textconv :CS179_labs/lab4/point_alignment.cu
> git ls-files --stage -- /home/tharms/CS179_labs/lab4/point_alignment.cu
> git cat-file -s 70997c11f3fd0cf16d576305ab8dd7e06d231d06
> git show --textconv :CS179_labs/lab5/src/utils.cuh
> git ls-files --stage -- /home/tharms/CS179_labs/lab5/src/utils.cuh
> git cat-file -s d0c5ee77f307bad016554e4021e148ac3f80ce56
> git show --textconv :CS179_labs/lab5/src/utils.cu
> git ls-files --stage -- /home/tharms/CS179_labs/lab5/src/utils.cu
> git cat-file -s 20e0a67636c518145bbc78f98821a04c5f5c8a42
> git show --textconv :CS179_labs/lab5/src/model.hpp
> git ls-files --stage -- /home/tharms/CS179_labs/lab5/src/model.hpp
> git cat-file -s e8b11f22709ca9275a6966389b503588e54144dc
> git show --textconv :CS179_labs/lab5/src/model.cpp
> git ls-files --stage -- /home/tharms/CS179_labs/lab5/src/model.cpp
> git cat-file -s f458338a80be0be0cd1db761707b3fd7d4480d27
> git show --textconv :CS179_labs/FinalProject_rSVD/src/utils.hpp
> git ls-files --stage -- /home/tharms/CS179_labs/FinalProject_rSVD/src/utils.hpp
> git show --textconv :CS179_labs/FinalProject_rSVD/src/rSVD.cpp
> git ls-files --stage -- /home/tharms/CS179_labs/FinalProject_rSVD/src/rSVD.cpp
> git status -z -u
> git symbolic-ref --short HEAD
> git for-each-ref --format=%(refname)%00%(upstream:short)%00%(objectname)%00%(upstream:track) refs/heads/main refs/remotes/main
> git for-each-ref --sort -committerdate --format %(refname) %(objectname) %(*objectname)
> git remote --verbose
> git config --get commit.template
> git status -z -u
> git symbolic-ref --short HEAD
> git for-each-ref --format=%(refname)%00%(upstream:short)%00%(objectname)%00%(upstream:track) refs/heads/main refs/remotes/main
> git for-each-ref --sort -committerdate --format %(refname) %(objectname) %(*objectname)
> git remote --verbose
> git config --get commit.template
> git check-ignore -v -z --stdin
> git status -z -u
> git symbolic-ref --short HEAD
> git for-each-ref --format=%(refname)%00%(upstream:short)%00%(objectname)%00%(upstream:track) refs/heads/main refs/remotes/main
> git for-each-ref --sort -committerdate --format %(refname) %(objectname) %(*objectname)
> git remote --verbose
> git config --get commit.template
> git log --format=%H%n%aN%n%aE%n%at%n%ct%n%P%n%B -z -n21 -- /home/tharms/CS179_labs/FinalProject_rSVD/Makefile
> git show --textconv :CS179_labs/FinalProject_rSVD/Makefile
> git ls-files --stage -- /home/tharms/CS179_labs/FinalProject_rSVD/Makefile
> git status -z -u
> git symbolic-ref --short HEAD
> git for-each-ref --format=%(refname)%00%(upstream:short)%00%(objectname)%00%(upstream:track) refs/heads/main refs/remotes/main
> git for-each-ref --sort -committerdate --format %(refname) %(objectname) %(*objectname)
> git remote --verbose
> git config --get commit.template
> git status -z -u
> git symbolic-ref --short HEAD
> git for-each-ref --format=%(refname)%00%(upstream:short)%00%(objectname)%00%(upstream:track) refs/heads/main refs/remotes/main
> git for-each-ref --sort -committerdate --format %(refname) %(objectname) %(*objectname)
> git remote --verbose
> git config --get commit.template
> git status -z -u
> git symbolic-ref --short HEAD
> git for-each-ref --format=%(refname)%00%(upstream:short)%00%(objectname)%00%(upstream:track) refs/heads/main refs/remotes/main
> git for-each-ref --sort -committerdate --format %(refname) %(objectname) %(*objectname)
> git remote --verbose
> git config --get commit.template
> git check-ignore -v -z --stdin
> git show --textconv :CS179_labs/FinalProject_rSVD/src/utils.hpp
> git ls-files --stage -- /home/tharms/CS179_labs/FinalProject_rSVD/src/utils.hpp
> git show --textconv :CS179_labs/FinalProject_rSVD/src/rSVD.cpp
> git ls-files --stage -- /home/tharms/CS179_labs/FinalProject_rSVD/src/rSVD.cpp
> git status -z -u
> git symbolic-ref --short HEAD
> git for-each-ref --format=%(refname)%00%(upstream:short)%00%(objectname)%00%(upstream:track) refs/heads/main refs/remotes/main
> git for-each-ref --sort -committerdate --format %(refname) %(objectname) %(*objectname)
> git remote --verbose
> git config --get commit.template
> git status -z -u
> git symbolic-ref --short HEAD
> git for-each-ref --format=%(refname)%00%(upstream:short)%00%(objectname)%00%(upstream:track) refs/heads/main refs/remotes/main
> git for-each-ref --sort -committerdate --format %(refname) %(objectname) %(*objectname)
> git remote --verbose
> git config --get commit.template
> git status -z -u
> git symbolic-ref --short HEAD
> git for-each-ref --format=%(refname)%00%(upstream:short)%00%(objectname)%00%(upstream:track) refs/heads/main refs/remotes/main
> git for-each-ref --sort -committerdate --format %(refname) %(objectname) %(*objectname)
> git remote --verbose
> git config --get commit.template
> git status -z -u
> git symbolic-ref --short HEAD
> git for-each-ref --format=%(refname)%00%(upstream:short)%00%(objectname)%00%(upstream:track) refs/heads/main refs/remotes/main
> git for-each-ref --sort -committerdate --format %(refname) %(objectname) %(*objectname)
> git remote --verbose
> git config --get commit.template
> git log --format=%H%n%aN%n%aE%n%at%n%ct%n%P%n%B -z -n21 -- /home/tharms/CS179_labs/lab3/src/fft_convolve.cpp
> git show --textconv :CS179_labs/lab3/src/fft_convolve.cpp
> git ls-files --stage -- /home/tharms/CS179_labs/lab3/src/fft_convolve.cpp
> git cat-file -s ee351ef44261169f0158edf6aa834568254d621b
> git status -z -u
> git symbolic-ref --short HEAD
> git for-each-ref --format=%(refname)%00%(upstream:short)%00%(objectname)%00%(upstream:track) refs/heads/main refs/remotes/main
> git for-each-ref --sort -committerdate --format %(refname) %(objectname) %(*objectname)
> git remote --verbose
> git config --get commit.template
> git log --format=%H%n%aN%n%aE%n%at%n%ct%n%P%n%B -z -n21 -- /home/tharms/CS179_labs/FinalProject_rSVD/src/utils.hpp
> git show --textconv :CS179_labs/FinalProject_rSVD/src/utils.hpp
> git ls-files --stage -- /home/tharms/CS179_labs/FinalProject_rSVD/src/utils.hpp
> git show --textconv :CS179_labs/lab4/point_alignment.cu
> git ls-files --stage -- /home/tharms/CS179_labs/lab4/point_alignment.cu
> git cat-file -s 70997c11f3fd0cf16d576305ab8dd7e06d231d06
> git log --format=%H%n%aN%n%aE%n%at%n%ct%n%P%n%B -z -n21 -- /home/tharms/CS179_labs/lab4/point_alignment.cu
> git log --format=%H%n%aN%n%aE%n%at%n%ct%n%P%n%B -z -n41 -- /home/tharms/CS179_labs/lab4/point_alignment.cu
> git show --textconv :CS179_labs/FinalProject_rSVD/src/utils.hpp
> git ls-files --stage -- /home/tharms/CS179_labs/FinalProject_rSVD/src/utils.hpp
> git show --textconv :CS179_labs/lab3/src/fft_convolve.cpp
> git ls-files --stage -- /home/tharms/CS179_labs/lab3/src/fft_convolve.cpp
> git cat-file -s ee351ef44261169f0158edf6aa834568254d621b
> git status -z -u
> git symbolic-ref --short HEAD
> git for-each-ref --format=%(refname)%00%(upstream:short)%00%(objectname)%00%(upstream:track) refs/heads/main refs/remotes/main
> git for-each-ref --sort -committerdate --format %(refname) %(objectname) %(*objectname)
> git remote --verbose
> git config --get commit.template
> git status -z -u
> git symbolic-ref --short HEAD
> git for-each-ref --format=%(refname)%00%(upstream:short)%00%(objectname)%00%(upstream:track) refs/heads/main refs/remotes/main
> git for-each-ref --sort -committerdate --format %(refname) %(objectname) %(*objectname)
> git remote --verbose
> git config --get commit.template
> git status -z -u
> git symbolic-ref --short HEAD
> git for-each-ref --format=%(refname)%00%(upstream:short)%00%(objectname)%00%(upstream:track) refs/heads/main refs/remotes/main
> git for-each-ref --sort -committerdate --format %(refname) %(objectname) %(*objectname)
> git remote --verbose
> git config --get commit.template
> git status -z -u
> git symbolic-ref --short HEAD
> git for-each-ref --format=%(refname)%00%(upstream:short)%00%(objectname)%00%(upstream:track) refs/heads/main refs/remotes/main
> git for-each-ref --sort -committerdate --format %(refname) %(objectname) %(*objectname)
> git remote --verbose
> git config --get commit.template
> git status -z -u
> git symbolic-ref --short HEAD
> git for-each-ref --format=%(refname)%00%(upstream:short)%00%(objectname)%00%(upstream:track) refs/heads/main refs/remotes/main
> git for-each-ref --sort -committerdate --format %(refname) %(objectname) %(*objectname)
> git remote --verbose
> git config --get commit.template
> git show --textconv :CS179_labs/FinalProject_rSVD/src/rSVD.cpp
> git ls-files --stage -- /home/tharms/CS179_labs/FinalProject_rSVD/src/rSVD.cpp
> git status -z -u
> git symbolic-ref --short HEAD
> git for-each-ref --format=%(refname)%00%(upstream:short)%00%(objectname)%00%(upstream:track) refs/heads/main refs/remotes/main
> git for-each-ref --sort -committerdate --format %(refname) %(objectname) %(*objectname)
> git remote --verbose
> git config --get commit.template
> git status -z -u
> git symbolic-ref --short HEAD
> git for-each-ref --format=%(refname)%00%(upstream:short)%00%(objectname)%00%(upstream:track) refs/heads/main refs/remotes/main
> git for-each-ref --sort -committerdate --format %(refname) %(objectname) %(*objectname)
> git remote --verbose
> git config --get commit.template
> git show --textconv :CS179_labs/FinalProject_rSVD/src/utils.hpp
> git ls-files --stage -- /home/tharms/CS179_labs/FinalProject_rSVD/src/utils.hpp
> git status -z -u
> git symbolic-ref --short HEAD
> git for-each-ref --format=%(refname)%00%(upstream:short)%00%(objectname)%00%(upstream:track) refs/heads/main refs/remotes/main
> git for-each-ref --sort -committerdate --format %(refname) %(objectname) %(*objectname)
> git remote --verbose
> git config --get commit.template
> git status -z -u
> git symbolic-ref --short HEAD
> git for-each-ref --format=%(refname)%00%(upstream:short)%00%(objectname)%00%(upstream:track) refs/heads/main refs/remotes/main
> git for-each-ref --sort -committerdate --format %(refname) %(objectname) %(*objectname)
> git remote --verbose
> git config --get commit.template
> git show --textconv :CS179_labs/FinalProject_rSVD/src/rSVD.cpp
> git ls-files --stage -- /home/tharms/CS179_labs/FinalProject_rSVD/src/rSVD.cpp
> git status -z -u
> git symbolic-ref --short HEAD
> git for-each-ref --format=%(refname)%00%(upstream:short)%00%(objectname)%00%(upstream:track) refs/heads/main refs/remotes/main
> git for-each-ref --sort -committerdate --format %(refname) %(objectname) %(*objectname)
> git remote --verbose
> git config --get commit.template
> git status -z -u
> git symbolic-ref --short HEAD
> git for-each-ref --format=%(refname)%00%(upstream:short)%00%(objectname)%00%(upstream:track) refs/heads/main refs/remotes/main
> git for-each-ref --sort -committerdate --format %(refname) %(objectname) %(*objectname)
> git remote --verbose
> git config --get commit.template
> git status -z -u
> git symbolic-ref --short HEAD
> git for-each-ref --format=%(refname)%00%(upstream:short)%00%(objectname)%00%(upstream:track) refs/heads/main refs/remotes/main
> git for-each-ref --sort -committerdate --format %(refname) %(objectname) %(*objectname)
> git remote --verbose
> git config --get commit.template
> git status -z -u
> git symbolic-ref --short HEAD
> git for-each-ref --format=%(refname)%00%(upstream:short)%00%(objectname)%00%(upstream:track) refs/heads/main refs/remotes/main
> git for-each-ref --sort -committerdate --format %(refname) %(objectname) %(*objectname)
> git remote --verbose
> git config --get commit.template
> git status -z -u
> git symbolic-ref --short HEAD
> git for-each-ref --format=%(refname)%00%(upstream:short)%00%(objectname)%00%(upstream:track) refs/heads/main refs/remotes/main
> git for-each-ref --sort -committerdate --format %(refname) %(objectname) %(*objectname)
> git remote --verbose
> git config --get commit.template
> git show --textconv :CS179_labs/FinalProject_rSVD/src/utils.hpp
> git ls-files --stage -- /home/tharms/CS179_labs/FinalProject_rSVD/src/utils.hpp
> git show --textconv :CS179_labs/FinalProject_rSVD/Makefile
> git ls-files --stage -- /home/tharms/CS179_labs/FinalProject_rSVD/Makefile
> git show --textconv :CS179_labs/FinalProject_rSVD/src/rSVD.cpp
> git ls-files --stage -- /home/tharms/CS179_labs/FinalProject_rSVD/src/rSVD.cpp
