[2021-04-02 13:31:27.849] [exthost] [info] extension host started
[2021-04-02 13:31:27.959] [exthost] [info] ExtensionService#_doActivateExtension vscode.debug-auto-launch {"startup":true,"extensionId":{"value":"vscode.debug-auto-launch","_lower":"vscode.debug-auto-launch"},"activationEvent":"*"}
[2021-04-02 13:31:27.959] [exthost] [info] ExtensionService#loadCommonJSModule file:///home/tharms/.vscode-server/bin/c185983a683d14c396952dd432459097bc7f757f/extensions/debug-auto-launch/dist/extension
[2021-04-02 13:31:27.965] [exthost] [info] ExtensionService#_doActivateExtension vscode.git {"startup":true,"extensionId":{"value":"vscode.github","_lower":"vscode.github"},"activationEvent":"*"}
[2021-04-02 13:31:27.965] [exthost] [info] ExtensionService#loadCommonJSModule file:///home/tharms/.vscode-server/bin/c185983a683d14c396952dd432459097bc7f757f/extensions/git/dist/main
[2021-04-02 13:31:28.210] [exthost] [info] ExtensionService#_doActivateExtension vscode.github {"startup":true,"extensionId":{"value":"vscode.github","_lower":"vscode.github"},"activationEvent":"*"}
[2021-04-02 13:31:28.210] [exthost] [info] ExtensionService#loadCommonJSModule file:///home/tharms/.vscode-server/bin/c185983a683d14c396952dd432459097bc7f757f/extensions/github/dist/extension.js
[2021-04-02 13:31:28.276] [exthost] [info] ExtensionService#_doActivateExtension vscode.emmet {"startup":false,"extensionId":{"value":"vscode.emmet","_lower":"vscode.emmet"},"activationEvent":"onStartupFinished"}
[2021-04-02 13:31:28.276] [exthost] [info] ExtensionService#loadCommonJSModule file:///home/tharms/.vscode-server/bin/c185983a683d14c396952dd432459097bc7f757f/extensions/emmet/dist/node/emmetNodeMain
[2021-04-02 13:31:28.290] [exthost] [info] ExtensionService#_doActivateExtension vscode.merge-conflict {"startup":false,"extensionId":{"value":"vscode.merge-conflict","_lower":"vscode.merge-conflict"},"activationEvent":"onStartupFinished"}
[2021-04-02 13:31:28.290] [exthost] [info] ExtensionService#loadCommonJSModule file:///home/tharms/.vscode-server/bin/c185983a683d14c396952dd432459097bc7f757f/extensions/merge-conflict/dist/mergeConflictMain
[2021-04-02 13:31:28.294] [exthost] [info] ExtensionService#_doActivateExtension vscode.testing-editor-contributions {"startup":false,"extensionId":{"value":"vscode.testing-editor-contributions","_lower":"vscode.testing-editor-contributions"},"activationEvent":"onStartupFinished"}
[2021-04-02 13:31:28.294] [exthost] [info] ExtensionService#loadCommonJSModule file:///home/tharms/.vscode-server/bin/c185983a683d14c396952dd432459097bc7f757f/extensions/testing-editor-contributions/dist/extension.js
[2021-04-02 13:31:28.294] [exthost] [info] eager extensions activated
[2021-04-02 13:31:28.359] [exthost] [info] ExtensionService#_doActivateExtension ms-vscode.js-debug {"startup":false,"extensionId":{"value":"ms-vscode.js-debug","_lower":"ms-vscode.js-debug"},"activationEvent":"onCommand:extension.js-debug.clearAutoAttachVariables"}
[2021-04-02 13:31:28.359] [exthost] [info] ExtensionService#loadCommonJSModule file:///home/tharms/.vscode-server/bin/c185983a683d14c396952dd432459097bc7f757f/extensions/ms-vscode.js-debug/src/extension.js
[2021-04-02 15:28:27.822] [exthost] [info] ExtensionService#_doActivateExtension llvm-vs-code-extensions.vscode-clangd {"startup":false,"extensionId":{"value":"llvm-vs-code-extensions.vscode-clangd","_lower":"llvm-vs-code-extensions.vscode-clangd"},"activationEvent":"onLanguage:cpp"}
[2021-04-02 15:28:27.823] [exthost] [info] ExtensionService#loadCommonJSModule file:///home/tharms/.vscode-server/extensions/llvm-vs-code-extensions.vscode-clangd-0.1.11/out/src/extension
[2021-04-02 15:33:03.493] [exthost] [info] ExtensionService#_doActivateExtension vscode.configuration-editing {"startup":false,"extensionId":{"value":"vscode.configuration-editing","_lower":"vscode.configuration-editing"},"activationEvent":"onLanguage:json"}
[2021-04-02 15:33:03.493] [exthost] [info] ExtensionService#loadCommonJSModule file:///home/tharms/.vscode-server/bin/c185983a683d14c396952dd432459097bc7f757f/extensions/configuration-editing/dist/configurationEditingMain
[2021-04-02 15:33:03.505] [exthost] [info] ExtensionService#_doActivateExtension vscode.extension-editing {"startup":false,"extensionId":{"value":"vscode.extension-editing","_lower":"vscode.extension-editing"},"activationEvent":"onLanguage:json"}
[2021-04-02 15:33:03.505] [exthost] [info] ExtensionService#loadCommonJSModule file:///home/tharms/.vscode-server/bin/c185983a683d14c396952dd432459097bc7f757f/extensions/extension-editing/dist/extensionEditingMain
[2021-04-02 15:33:03.518] [exthost] [info] ExtensionService#_doActivateExtension vscode.json-language-features {"startup":false,"extensionId":{"value":"vscode.json-language-features","_lower":"vscode.json-language-features"},"activationEvent":"onLanguage:json"}
[2021-04-02 15:33:03.518] [exthost] [info] ExtensionService#loadCommonJSModule file:///home/tharms/.vscode-server/bin/c185983a683d14c396952dd432459097bc7f757f/extensions/json-language-features/client/dist/node/jsonClientMain
[2021-04-02 15:33:03.568] [exthost] [info] ExtensionService#_doActivateExtension vscode.npm {"startup":false,"extensionId":{"value":"vscode.npm","_lower":"vscode.npm"},"activationEvent":"onLanguage:json"}
[2021-04-02 15:33:03.568] [exthost] [info] ExtensionService#loadCommonJSModule file:///home/tharms/.vscode-server/bin/c185983a683d14c396952dd432459097bc7f757f/extensions/npm/dist/npmMain
[2021-04-02 16:35:32.290] [exthost] [info] extension host terminating: renderer disconnected for too long (2)
[2021-04-02 16:35:33.308] [exthost] [info] exiting with code 0
