Looking for git in: git
Using git 2.17.1 from git
> git rev-parse --git-dir
Open repository: /home/tharms
> git status -z -u
> git symbolic-ref --short HEAD
> git for-each-ref --format=%(refname)%00%(upstream:short)%00%(objectname)%00%(upstream:track) refs/heads/main refs/remotes/main
> git for-each-ref --sort -committerdate --format %(refname) %(objectname) %(*objectname)
> git remote --verbose
> git config --get commit.template
> git check-ignore -v -z --stdin
> git show --textconv :CS179_labs/FinalProject_rSVD/src/svds.cpp
> git ls-files --stage -- /home/tharms/CS179_labs/FinalProject_rSVD/src/svds.cpp
> git cat-file -s 3616d6b6c9c8abfd42e3f22d4237570d6182c92c
> git show --textconv :CS179_labs/FinalProject_rSVD/helper_cuda.h
> git ls-files --stage -- /home/tharms/CS179_labs/FinalProject_rSVD/helper_cuda.h
> git status -z -u
> git symbolic-ref --short HEAD
> git for-each-ref --format=%(refname)%00%(upstream:short)%00%(objectname)%00%(upstream:track) refs/heads/main refs/remotes/main
> git for-each-ref --sort -committerdate --format %(refname) %(objectname) %(*objectname)
> git remote --verbose
> git config --get commit.template
> git show --textconv :CS179_labs/FinalProject_rSVD/src/helper_cuda.h
> git ls-files --stage -- /home/tharms/CS179_labs/FinalProject_rSVD/src/helper_cuda.h
> git cat-file -s 8d91db41e10b7dc593a0fbd8f80c543f8ccd9505
> git status -z -u
> git symbolic-ref --short HEAD
> git for-each-ref --format=%(refname)%00%(upstream:short)%00%(objectname)%00%(upstream:track) refs/heads/main refs/remotes/main
> git for-each-ref --sort -committerdate --format %(refname) %(objectname) %(*objectname)
> git remote --verbose
> git config --get commit.template
> git status -z -u
> git symbolic-ref --short HEAD
> git for-each-ref --format=%(refname)%00%(upstream:short)%00%(objectname)%00%(upstream:track) refs/heads/main refs/remotes/main
> git for-each-ref --sort -committerdate --format %(refname) %(objectname) %(*objectname)
> git remote --verbose
> git config --get commit.template
> git check-ignore -v -z --stdin
> git log --format=%H%n%aN%n%aE%n%at%n%ct%n%P%n%B -z -n21 -- /home/tharms/CS179_labs/lab4/point_alignment.cu
> git show --textconv :CS179_labs/lab4/point_alignment.cu
> git ls-files --stage -- /home/tharms/CS179_labs/lab4/point_alignment.cu
> git cat-file -s 70997c11f3fd0cf16d576305ab8dd7e06d231d06
> git status -z -u
> git symbolic-ref --short HEAD
> git for-each-ref --format=%(refname)%00%(upstream:short)%00%(objectname)%00%(upstream:track) refs/heads/main refs/remotes/main
> git for-each-ref --sort -committerdate --format %(refname) %(objectname) %(*objectname)
> git remote --verbose
> git config --get commit.template
> git show --textconv :CS179_labs/FinalProject_rSVD/src/helper_cuda.h
> git ls-files --stage -- /home/tharms/CS179_labs/FinalProject_rSVD/src/helper_cuda.h
> git cat-file -s 8d91db41e10b7dc593a0fbd8f80c543f8ccd9505
> git status -z -u
> git symbolic-ref --short HEAD
> git for-each-ref --format=%(refname)%00%(upstream:short)%00%(objectname)%00%(upstream:track) refs/heads/main refs/remotes/main
> git for-each-ref --sort -committerdate --format %(refname) %(objectname) %(*objectname)
> git remote --verbose
> git config --get commit.template
> git status -z -u
> git symbolic-ref --short HEAD
> git for-each-ref --format=%(refname)%00%(upstream:short)%00%(objectname)%00%(upstream:track) refs/heads/main refs/remotes/main
> git for-each-ref --sort -committerdate --format %(refname) %(objectname) %(*objectname)
> git remote --verbose
> git config --get commit.template
> git status -z -u
> git symbolic-ref --short HEAD
> git for-each-ref --format=%(refname)%00%(upstream:short)%00%(objectname)%00%(upstream:track) refs/heads/main refs/remotes/main
> git for-each-ref --sort -committerdate --format %(refname) %(objectname) %(*objectname)
> git remote --verbose
> git config --get commit.template
> git status -z -u
> git symbolic-ref --short HEAD
> git for-each-ref --format=%(refname)%00%(upstream:short)%00%(objectname)%00%(upstream:track) refs/heads/main refs/remotes/main
> git for-each-ref --sort -committerdate --format %(refname) %(objectname) %(*objectname)
> git remote --verbose
> git config --get commit.template
> git status -z -u
> git symbolic-ref --short HEAD
> git for-each-ref --format=%(refname)%00%(upstream:short)%00%(objectname)%00%(upstream:track) refs/heads/main refs/remotes/main
> git for-each-ref --sort -committerdate --format %(refname) %(objectname) %(*objectname)
> git remote --verbose
> git config --get commit.template
> git status -z -u
> git symbolic-ref --short HEAD
> git for-each-ref --format=%(refname)%00%(upstream:short)%00%(objectname)%00%(upstream:track) refs/heads/main refs/remotes/main
> git for-each-ref --sort -committerdate --format %(refname) %(objectname) %(*objectname)
> git remote --verbose
> git config --get commit.template
> git status -z -u
> git symbolic-ref --short HEAD
> git for-each-ref --format=%(refname)%00%(upstream:short)%00%(objectname)%00%(upstream:track) refs/heads/main refs/remotes/main
> git for-each-ref --sort -committerdate --format %(refname) %(objectname) %(*objectname)
> git remote --verbose
> git config --get commit.template
> git status -z -u
> git symbolic-ref --short HEAD
> git for-each-ref --format=%(refname)%00%(upstream:short)%00%(objectname)%00%(upstream:track) refs/heads/main refs/remotes/main
> git for-each-ref --sort -committerdate --format %(refname) %(objectname) %(*objectname)
> git remote --verbose
> git config --get commit.template
> git status -z -u
> git symbolic-ref --short HEAD
> git for-each-ref --format=%(refname)%00%(upstream:short)%00%(objectname)%00%(upstream:track) refs/heads/main refs/remotes/main
> git for-each-ref --sort -committerdate --format %(refname) %(objectname) %(*objectname)
> git remote --verbose
> git config --get commit.template
> git status -z -u
> git symbolic-ref --short HEAD
> git for-each-ref --format=%(refname)%00%(upstream:short)%00%(objectname)%00%(upstream:track) refs/heads/main refs/remotes/main
> git for-each-ref --sort -committerdate --format %(refname) %(objectname) %(*objectname)
> git remote --verbose
> git config --get commit.template
> git status -z -u
> git symbolic-ref --short HEAD
> git for-each-ref --format=%(refname)%00%(upstream:short)%00%(objectname)%00%(upstream:track) refs/heads/main refs/remotes/main
> git for-each-ref --sort -committerdate --format %(refname) %(objectname) %(*objectname)
> git remote --verbose
> git config --get commit.template
> git status -z -u
> git symbolic-ref --short HEAD
> git for-each-ref --format=%(refname)%00%(upstream:short)%00%(objectname)%00%(upstream:track) refs/heads/main refs/remotes/main
> git for-each-ref --sort -committerdate --format %(refname) %(objectname) %(*objectname)
> git remote --verbose
> git config --get commit.template
> git status -z -u
> git symbolic-ref --short HEAD
> git for-each-ref --format=%(refname)%00%(upstream:short)%00%(objectname)%00%(upstream:track) refs/heads/main refs/remotes/main
> git for-each-ref --sort -committerdate --format %(refname) %(objectname) %(*objectname)
> git remote --verbose
> git config --get commit.template
> git status -z -u
> git symbolic-ref --short HEAD
> git for-each-ref --format=%(refname)%00%(upstream:short)%00%(objectname)%00%(upstream:track) refs/heads/main refs/remotes/main
> git for-each-ref --sort -committerdate --format %(refname) %(objectname) %(*objectname)
> git remote --verbose
> git config --get commit.template
> git status -z -u
> git symbolic-ref --short HEAD
> git for-each-ref --format=%(refname)%00%(upstream:short)%00%(objectname)%00%(upstream:track) refs/heads/main refs/remotes/main
> git for-each-ref --sort -committerdate --format %(refname) %(objectname) %(*objectname)
> git remote --verbose
> git config --get commit.template
> git ls-files --stage -- /home/tharms/CS179_labs/FinalProject_rSVD/src/helper_cuda.h
> git cat-file -s 8d91db41e10b7dc593a0fbd8f80c543f8ccd9505
> git status -z -u
> git symbolic-ref --short HEAD
> git for-each-ref --format=%(refname)%00%(upstream:short)%00%(objectname)%00%(upstream:track) refs/heads/main refs/remotes/main
> git for-each-ref --sort -committerdate --format %(refname) %(objectname) %(*objectname)
> git remote --verbose
> git config --get commit.template
> git show --textconv :CS179_labs/lab4/point_alignment.cu
> git ls-files --stage -- /home/tharms/CS179_labs/lab4/point_alignment.cu
> git cat-file -s 70997c11f3fd0cf16d576305ab8dd7e06d231d06
> git show --textconv :CS179_labs/lab4/obj_structures.cpp
> git ls-files --stage -- /home/tharms/CS179_labs/lab4/obj_structures.cpp
> git cat-file -s f8f7d7307bc0a98e9f22744e990c9ba6d7872266
> git show --textconv :CS179_labs/lab4/obj_structures.h
> git ls-files --stage -- /home/tharms/CS179_labs/lab4/obj_structures.h
> git cat-file -s 7d809de31338e247a59a2e9e2a3aea30b9bd4c6f
> git show --textconv :CS179_labs/lab4/obj_structures.cpp
> git ls-files --stage -- /home/tharms/CS179_labs/lab4/obj_structures.cpp
> git cat-file -s f8f7d7307bc0a98e9f22744e990c9ba6d7872266
> git show --textconv :CS179_labs/lab4/point_alignment.cu
> git ls-files --stage -- /home/tharms/CS179_labs/lab4/point_alignment.cu
> git cat-file -s 70997c11f3fd0cf16d576305ab8dd7e06d231d06
> git show --textconv :CS179_labs/FinalProject_rSVD/src/helper_cuda.h
> git ls-files --stage -- /home/tharms/CS179_labs/FinalProject_rSVD/src/helper_cuda.h
> git cat-file -s 8d91db41e10b7dc593a0fbd8f80c543f8ccd9505
> git show --textconv :CS179_labs/lab4/point_alignment.cu
> git ls-files --stage -- /home/tharms/CS179_labs/lab4/point_alignment.cu
> git cat-file -s 70997c11f3fd0cf16d576305ab8dd7e06d231d06
> git show --textconv :CS179_labs/lab4/obj_structures.h
> git ls-files --stage -- /home/tharms/CS179_labs/lab4/obj_structures.h
> git cat-file -s 7d809de31338e247a59a2e9e2a3aea30b9bd4c6f
> git show --textconv :CS179_labs/lab4/obj_structures.cpp
> git ls-files --stage -- /home/tharms/CS179_labs/lab4/obj_structures.cpp
> git cat-file -s f8f7d7307bc0a98e9f22744e990c9ba6d7872266
> git show --textconv :CS179_labs/lab4/obj_structures.h
> git ls-files --stage -- /home/tharms/CS179_labs/lab4/obj_structures.h
> git cat-file -s 7d809de31338e247a59a2e9e2a3aea30b9bd4c6f
> git show --textconv :CS179_labs/lab4/point_alignment.cu
> git ls-files --stage -- /home/tharms/CS179_labs/lab4/point_alignment.cu
> git cat-file -s 70997c11f3fd0cf16d576305ab8dd7e06d231d06
> git show --textconv :CS179_labs/lab4/Makefile
> git ls-files --stage -- /home/tharms/CS179_labs/lab4/Makefile
> git cat-file -s 5f3ee41c441d0808ef0f805c4dff17e499382765
> git check-ignore -v -z --stdin
> git check-ignore -v -z --stdin
> git check-ignore -v -z --stdin
> git show --textconv :CS179_labs/lab5/src/layers.hpp
> git ls-files --stage -- /home/tharms/CS179_labs/lab5/src/layers.hpp
> git cat-file -s 47f116de2c0051be5605484b95b78107b930e683
> git show --textconv :CS179_labs/lab5/src/model.hpp
> git ls-files --stage -- /home/tharms/CS179_labs/lab5/src/model.hpp
> git cat-file -s e8b11f22709ca9275a6966389b503588e54144dc
> git show --textconv :CS179_labs/lab5/src/model.cpp
> git ls-files --stage -- /home/tharms/CS179_labs/lab5/src/model.cpp
> git cat-file -s f458338a80be0be0cd1db761707b3fd7d4480d27
> git show --textconv :CS179_labs/lab5/src/layers.hpp
> git ls-files --stage -- /home/tharms/CS179_labs/lab5/src/layers.hpp
> git cat-file -s 47f116de2c0051be5605484b95b78107b930e683
> git log --format=%H%n%aN%n%aE%n%at%n%ct%n%P%n%B -z -n21 -- /home/tharms/CS179_labs/FinalProject_rSVD/src/svds.hpp
> git show --textconv :CS179_labs/FinalProject_rSVD/src/svds.hpp
> git ls-files --stage -- /home/tharms/CS179_labs/FinalProject_rSVD/src/svds.hpp
> git cat-file -s 5a97f73f03fa948f0203cb59ee987f3fe15a77c0
> git show --textconv :CS179_labs/lab4/point_alignment.cu
> git ls-files --stage -- /home/tharms/CS179_labs/lab4/point_alignment.cu
> git cat-file -s 70997c11f3fd0cf16d576305ab8dd7e06d231d06
> git status -z -u
> git symbolic-ref --short HEAD
> git for-each-ref --format=%(refname)%00%(upstream:short)%00%(objectname)%00%(upstream:track) refs/heads/main refs/remotes/main
> git for-each-ref --sort -committerdate --format %(refname) %(objectname) %(*objectname)
> git remote --verbose
> git config --get commit.template
> git log --format=%H%n%aN%n%aE%n%at%n%ct%n%P%n%B -z -n21 -- /home/tharms/CS179_labs/FinalProject_rSVD/src/svds.hpp
> git show --textconv :CS179_labs/FinalProject_rSVD/src/svds.hpp
> git ls-files --stage -- /home/tharms/CS179_labs/FinalProject_rSVD/src/svds.hpp
> git cat-file -s 5a97f73f03fa948f0203cb59ee987f3fe15a77c0
> git status -z -u
> git symbolic-ref --short HEAD
> git for-each-ref --format=%(refname)%00%(upstream:short)%00%(objectname)%00%(upstream:track) refs/heads/main refs/remotes/main
> git for-each-ref --sort -committerdate --format %(refname) %(objectname) %(*objectname)
> git remote --verbose
> git config --get commit.template
> git show --textconv :CS179_labs/FinalProject_rSVD/src/utils.hpp
> git ls-files --stage -- /home/tharms/CS179_labs/FinalProject_rSVD/src/utils.hpp
> git cat-file -s eb14a4a855c77b077eca7d0133733da38ccef6eb
> git show --textconv :CS179_labs/lab4/point_alignment.cu
> git ls-files --stage -- /home/tharms/CS179_labs/lab4/point_alignment.cu
> git cat-file -s 70997c11f3fd0cf16d576305ab8dd7e06d231d06
> git show --textconv :CS179_labs/FinalProject_rSVD/src/svds.hpp
> git ls-files --stage -- /home/tharms/CS179_labs/FinalProject_rSVD/src/svds.hpp
> git cat-file -s 5a97f73f03fa948f0203cb59ee987f3fe15a77c0
> git show --textconv :CS179_labs/FinalProject_rSVD/src/helper_cuda.h
> git ls-files --stage -- /home/tharms/CS179_labs/FinalProject_rSVD/src/helper_cuda.h
> git cat-file -s 8d91db41e10b7dc593a0fbd8f80c543f8ccd9505
> git status -z -u
> git symbolic-ref --short HEAD
> git for-each-ref --format=%(refname)%00%(upstream:short)%00%(objectname)%00%(upstream:track) refs/heads/main refs/remotes/main
> git for-each-ref --sort -committerdate --format %(refname) %(objectname) %(*objectname)
> git remote --verbose
> git config --get commit.template
> git show --textconv :CS179_labs/FinalProject_rSVD/src/svds.hpp
> git ls-files --stage -- /home/tharms/CS179_labs/FinalProject_rSVD/src/svds.hpp
> git cat-file -s 5a97f73f03fa948f0203cb59ee987f3fe15a77c0
> git status -z -u
> git symbolic-ref --short HEAD
> git for-each-ref --format=%(refname)%00%(upstream:short)%00%(objectname)%00%(upstream:track) refs/heads/main refs/remotes/main
> git for-each-ref --sort -committerdate --format %(refname) %(objectname) %(*objectname)
> git remote --verbose
> git config --get commit.template
> git show --textconv :CS179_labs/FinalProject_rSVD/src/utils.hpp
> git ls-files --stage -- /home/tharms/CS179_labs/FinalProject_rSVD/src/utils.hpp
> git cat-file -s eb14a4a855c77b077eca7d0133733da38ccef6eb
> git show --textconv :CS179_labs/FinalProject_rSVD/src/svds.hpp
> git ls-files --stage -- /home/tharms/CS179_labs/FinalProject_rSVD/src/svds.hpp
> git cat-file -s 5a97f73f03fa948f0203cb59ee987f3fe15a77c0
> git status -z -u
> git symbolic-ref --short HEAD
> git for-each-ref --format=%(refname)%00%(upstream:short)%00%(objectname)%00%(upstream:track) refs/heads/main refs/remotes/main
> git for-each-ref --sort -committerdate --format %(refname) %(objectname) %(*objectname)
> git remote --verbose
> git config --get commit.template
> git show --textconv :CS179_labs/FinalProject_rSVD/src/utils.hpp
> git ls-files --stage -- /home/tharms/CS179_labs/FinalProject_rSVD/src/utils.hpp
> git cat-file -s eb14a4a855c77b077eca7d0133733da38ccef6eb
> git show --textconv :CS179_labs/FinalProject_rSVD/src/svds.hpp
> git ls-files --stage -- /home/tharms/CS179_labs/FinalProject_rSVD/src/svds.hpp
> git cat-file -s 5a97f73f03fa948f0203cb59ee987f3fe15a77c0
> git status -z -u
> git symbolic-ref --short HEAD
> git for-each-ref --format=%(refname)%00%(upstream:short)%00%(objectname)%00%(upstream:track) refs/heads/main refs/remotes/main
> git for-each-ref --sort -committerdate --format %(refname) %(objectname) %(*objectname)
> git remote --verbose
> git config --get commit.template
> git status -z -u
> git symbolic-ref --short HEAD
> git for-each-ref --format=%(refname)%00%(upstream:short)%00%(objectname)%00%(upstream:track) refs/heads/main refs/remotes/main
> git for-each-ref --sort -committerdate --format %(refname) %(objectname) %(*objectname)
> git remote --verbose
> git config --get commit.template
> git show --textconv :CS179_labs/FinalProject_rSVD/src/utils.hpp
> git ls-files --stage -- /home/tharms/CS179_labs/FinalProject_rSVD/src/utils.hpp
> git cat-file -s eb14a4a855c77b077eca7d0133733da38ccef6eb
> git status -z -u
> git symbolic-ref --short HEAD
> git for-each-ref --format=%(refname)%00%(upstream:short)%00%(objectname)%00%(upstream:track) refs/heads/main refs/remotes/main
> git for-each-ref --sort -committerdate --format %(refname) %(objectname) %(*objectname)
> git remote --verbose
> git config --get commit.template
> git show --textconv :CS179_labs/FinalProject_rSVD/src/svds.hpp
> git ls-files --stage -- /home/tharms/CS179_labs/FinalProject_rSVD/src/svds.hpp
> git cat-file -s 5a97f73f03fa948f0203cb59ee987f3fe15a77c0
> git show --textconv :CS179_labs/FinalProject_rSVD/src/utils.cpp
> git ls-files --stage -- /home/tharms/CS179_labs/FinalProject_rSVD/src/utils.cpp
> git cat-file -s 643b6ad9c482fa17ad6d618654617d0242ccfb32
> git status -z -u
> git symbolic-ref --short HEAD
> git for-each-ref --format=%(refname)%00%(upstream:short)%00%(objectname)%00%(upstream:track) refs/heads/main refs/remotes/main
> git for-each-ref --sort -committerdate --format %(refname) %(objectname) %(*objectname)
> git remote --verbose
> git config --get commit.template
> git status -z -u
> git symbolic-ref --short HEAD
> git for-each-ref --format=%(refname)%00%(upstream:short)%00%(objectname)%00%(upstream:track) refs/heads/main refs/remotes/main
> git for-each-ref --sort -committerdate --format %(refname) %(objectname) %(*objectname)
> git remote --verbose
> git config --get commit.template
> git log --format=%H%n%aN%n%aE%n%at%n%ct%n%P%n%B -z -n21 -- /home/tharms/CS179_labs/FinalProject_rSVD/src/svds.cpp
> git show --textconv :CS179_labs/FinalProject_rSVD/src/svds.cpp
> git ls-files --stage -- /home/tharms/CS179_labs/FinalProject_rSVD/src/svds.cpp
> git cat-file -s 3616d6b6c9c8abfd42e3f22d4237570d6182c92c
> git status -z -u
> git symbolic-ref --short HEAD
> git for-each-ref --format=%(refname)%00%(upstream:short)%00%(objectname)%00%(upstream:track) refs/heads/main refs/remotes/main
> git for-each-ref --sort -committerdate --format %(refname) %(objectname) %(*objectname)
> git remote --verbose
> git config --get commit.template
> git status -z -u
> git symbolic-ref --short HEAD
> git for-each-ref --format=%(refname)%00%(upstream:short)%00%(objectname)%00%(upstream:track) refs/heads/main refs/remotes/main
> git for-each-ref --sort -committerdate --format %(refname) %(objectname) %(*objectname)
> git remote --verbose
> git config --get commit.template
> git status -z -u
> git symbolic-ref --short HEAD
> git for-each-ref --format=%(refname)%00%(upstream:short)%00%(objectname)%00%(upstream:track) refs/heads/main refs/remotes/main
> git for-each-ref --sort -committerdate --format %(refname) %(objectname) %(*objectname)
> git remote --verbose
> git config --get commit.template
> git status -z -u
> git symbolic-ref --short HEAD
> git for-each-ref --format=%(refname)%00%(upstream:short)%00%(objectname)%00%(upstream:track) refs/heads/main refs/remotes/main
> git for-each-ref --sort -committerdate --format %(refname) %(objectname) %(*objectname)
> git remote --verbose
> git config --get commit.template
> git log --format=%H%n%aN%n%aE%n%at%n%ct%n%P%n%B -z -n21 -- /home/tharms/CS179_labs/FinalProject_rSVD/src/utils.hpp
> git show --textconv :CS179_labs/FinalProject_rSVD/src/utils.hpp
> git ls-files --stage -- /home/tharms/CS179_labs/FinalProject_rSVD/src/utils.hpp
> git cat-file -s eb14a4a855c77b077eca7d0133733da38ccef6eb
> git show --textconv :CS179_labs/FinalProject_rSVD/src/helper_cuda.h
> git ls-files --stage -- /home/tharms/CS179_labs/FinalProject_rSVD/src/helper_cuda.h
> git cat-file -s 8d91db41e10b7dc593a0fbd8f80c543f8ccd9505
> git show --textconv :CS179_labs/FinalProject_rSVD/src/svds.hpp
> git ls-files --stage -- /home/tharms/CS179_labs/FinalProject_rSVD/src/svds.hpp
> git cat-file -s 5a97f73f03fa948f0203cb59ee987f3fe15a77c0
> git log --format=%H%n%aN%n%aE%n%at%n%ct%n%P%n%B -z -n21 -- /home/tharms/CS179_labs/FinalProject_rSVD/src/utils.hpp
> git show --textconv :CS179_labs/FinalProject_rSVD/src/utils.hpp
> git ls-files --stage -- /home/tharms/CS179_labs/FinalProject_rSVD/src/utils.hpp
> git cat-file -s eb14a4a855c77b077eca7d0133733da38ccef6eb
> git log --format=%H%n%aN%n%aE%n%at%n%ct%n%P%n%B -z -n21 -- /home/tharms/CS179_labs/FinalProject_rSVD/src/utils.cpp
> git show --textconv :CS179_labs/FinalProject_rSVD/src/utils.cpp
> git ls-files --stage -- /home/tharms/CS179_labs/FinalProject_rSVD/src/utils.cpp
> git cat-file -s 643b6ad9c482fa17ad6d618654617d0242ccfb32
> git status -z -u
> git symbolic-ref --short HEAD
> git for-each-ref --format=%(refname)%00%(upstream:short)%00%(objectname)%00%(upstream:track) refs/heads/main refs/remotes/main
> git for-each-ref --sort -committerdate --format %(refname) %(objectname) %(*objectname)
> git remote --verbose
> git config --get commit.template
> git status -z -u
> git symbolic-ref --short HEAD
> git for-each-ref --format=%(refname)%00%(upstream:short)%00%(objectname)%00%(upstream:track) refs/heads/main refs/remotes/main
> git for-each-ref --sort -committerdate --format %(refname) %(objectname) %(*objectname)
> git remote --verbose
> git config --get commit.template
> git status -z -u
> git symbolic-ref --short HEAD
> git for-each-ref --format=%(refname)%00%(upstream:short)%00%(objectname)%00%(upstream:track) refs/heads/main refs/remotes/main
> git for-each-ref --sort -committerdate --format %(refname) %(objectname) %(*objectname)
> git remote --verbose
> git config --get commit.template
> git show --textconv :CS179_labs/FinalProject_rSVD/src/svds.cpp
> git ls-files --stage -- /home/tharms/CS179_labs/FinalProject_rSVD/src/svds.cpp
> git cat-file -s 3616d6b6c9c8abfd42e3f22d4237570d6182c92c
> git status -z -u
> git symbolic-ref --short HEAD
> git for-each-ref --format=%(refname)%00%(upstream:short)%00%(objectname)%00%(upstream:track) refs/heads/main refs/remotes/main
> git for-each-ref --sort -committerdate --format %(refname) %(objectname) %(*objectname)
> git remote --verbose
> git config --get commit.template
> git status -z -u
> git symbolic-ref --short HEAD
> git for-each-ref --format=%(refname)%00%(upstream:short)%00%(objectname)%00%(upstream:track) refs/heads/main refs/remotes/main
> git for-each-ref --sort -committerdate --format %(refname) %(objectname) %(*objectname)
> git remote --verbose
> git config --get commit.template
> git log --format=%H%n%aN%n%aE%n%at%n%ct%n%P%n%B -z -n21 -- /home/tharms/CS179_labs/FinalProject_rSVD/src/svds.hpp
> git show --textconv :CS179_labs/FinalProject_rSVD/src/svds.hpp
> git ls-files --stage -- /home/tharms/CS179_labs/FinalProject_rSVD/src/svds.hpp
> git cat-file -s 5a97f73f03fa948f0203cb59ee987f3fe15a77c0
> git show --textconv :CS179_labs/FinalProject_rSVD/src/utils.hpp
> git ls-files --stage -- /home/tharms/CS179_labs/FinalProject_rSVD/src/utils.hpp
> git cat-file -s eb14a4a855c77b077eca7d0133733da38ccef6eb
> git status -z -u
> git symbolic-ref --short HEAD
> git for-each-ref --format=%(refname)%00%(upstream:short)%00%(objectname)%00%(upstream:track) refs/heads/main refs/remotes/main
> git for-each-ref --sort -committerdate --format %(refname) %(objectname) %(*objectname)
> git remote --verbose
> git config --get commit.template
> git log --format=%H%n%aN%n%aE%n%at%n%ct%n%P%n%B -z -n21 -- /home/tharms/CS179_labs/FinalProject_rSVD/src/utils.cpp
> git show --textconv :CS179_labs/FinalProject_rSVD/src/utils.cpp
> git ls-files --stage -- /home/tharms/CS179_labs/FinalProject_rSVD/src/utils.cpp
> git cat-file -s 643b6ad9c482fa17ad6d618654617d0242ccfb32
> git show --textconv :CS179_labs/FinalProject_rSVD/src/svds.cpp
> git ls-files --stage -- /home/tharms/CS179_labs/FinalProject_rSVD/src/svds.cpp
> git cat-file -s 3616d6b6c9c8abfd42e3f22d4237570d6182c92c
> git status -z -u
> git symbolic-ref --short HEAD
> git for-each-ref --format=%(refname)%00%(upstream:short)%00%(objectname)%00%(upstream:track) refs/heads/main refs/remotes/main
> git for-each-ref --sort -committerdate --format %(refname) %(objectname) %(*objectname)
> git remote --verbose
> git config --get commit.template
> git status -z -u
> git symbolic-ref --short HEAD
> git for-each-ref --format=%(refname)%00%(upstream:short)%00%(objectname)%00%(upstream:track) refs/heads/main refs/remotes/main
> git for-each-ref --sort -committerdate --format %(refname) %(objectname) %(*objectname)
> git remote --verbose
> git config --get commit.template
> git status -z -u
> git symbolic-ref --short HEAD
> git for-each-ref --format=%(refname)%00%(upstream:short)%00%(objectname)%00%(upstream:track) refs/heads/main refs/remotes/main
> git for-each-ref --sort -committerdate --format %(refname) %(objectname) %(*objectname)
> git remote --verbose
> git config --get commit.template
> git show --textconv :CS179_labs/FinalProject_rSVD/src/utils.cpp
> git ls-files --stage -- /home/tharms/CS179_labs/FinalProject_rSVD/src/utils.cpp
> git cat-file -s 643b6ad9c482fa17ad6d618654617d0242ccfb32
> git log --format=%H%n%aN%n%aE%n%at%n%ct%n%P%n%B -z -n21 -- /home/tharms/CS179_labs/FinalProject_rSVD/src/svds.cpp
> git show --textconv :CS179_labs/FinalProject_rSVD/src/svds.cpp
> git ls-files --stage -- /home/tharms/CS179_labs/FinalProject_rSVD/src/svds.cpp
> git cat-file -s 3616d6b6c9c8abfd42e3f22d4237570d6182c92c
> git status -z -u
> git symbolic-ref --short HEAD
> git for-each-ref --format=%(refname)%00%(upstream:short)%00%(objectname)%00%(upstream:track) refs/heads/main refs/remotes/main
> git for-each-ref --sort -committerdate --format %(refname) %(objectname) %(*objectname)
> git remote --verbose
> git config --get commit.template
> git show --textconv :CS179_labs/FinalProject_rSVD/src/utils.cpp
> git ls-files --stage -- /home/tharms/CS179_labs/FinalProject_rSVD/src/utils.cpp
> git cat-file -s 643b6ad9c482fa17ad6d618654617d0242ccfb32
> git show --textconv :CS179_labs/FinalProject_rSVD/src/svds.cpp
> git ls-files --stage -- /home/tharms/CS179_labs/FinalProject_rSVD/src/svds.cpp
> git cat-file -s 3616d6b6c9c8abfd42e3f22d4237570d6182c92c
> git log --format=%H%n%aN%n%aE%n%at%n%ct%n%P%n%B -z -n21 -- /home/tharms/CS179_labs/FinalProject_rSVD/src/rSVD.cpp
> git show --textconv :CS179_labs/FinalProject_rSVD/src/rSVD.cpp
> git ls-files --stage -- /home/tharms/CS179_labs/FinalProject_rSVD/src/rSVD.cpp
> git cat-file -s bbe2e278e5855f8f0dfb56be7fc851e2cb24b530
> git status -z -u
> git symbolic-ref --short HEAD
> git for-each-ref --format=%(refname)%00%(upstream:short)%00%(objectname)%00%(upstream:track) refs/heads/main refs/remotes/main
> git for-each-ref --sort -committerdate --format %(refname) %(objectname) %(*objectname)
> git remote --verbose
> git config --get commit.template
> git status -z -u
> git symbolic-ref --short HEAD
> git for-each-ref --format=%(refname)%00%(upstream:short)%00%(objectname)%00%(upstream:track) refs/heads/main refs/remotes/main
> git for-each-ref --sort -committerdate --format %(refname) %(objectname) %(*objectname)
> git remote --verbose
> git config --get commit.template
> git show --textconv :CS179_labs/FinalProject_rSVD/src/utils.cpp
> git ls-files --stage -- /home/tharms/CS179_labs/FinalProject_rSVD/src/utils.cpp
> git cat-file -s 643b6ad9c482fa17ad6d618654617d0242ccfb32
> git status -z -u
> git symbolic-ref --short HEAD
> git for-each-ref --format=%(refname)%00%(upstream:short)%00%(objectname)%00%(upstream:track) refs/heads/main refs/remotes/main
> git for-each-ref --sort -committerdate --format %(refname) %(objectname) %(*objectname)
> git remote --verbose
> git config --get commit.template
> git log --format=%H%n%aN%n%aE%n%at%n%ct%n%P%n%B -z -n21 -- /home/tharms/CS179_labs/FinalProject_rSVD/src/svds.hpp
> git show --textconv :CS179_labs/FinalProject_rSVD/src/svds.hpp
> git ls-files --stage -- /home/tharms/CS179_labs/FinalProject_rSVD/src/svds.hpp
> git cat-file -s 5a97f73f03fa948f0203cb59ee987f3fe15a77c0
> git status -z -u
> git symbolic-ref --short HEAD
> git for-each-ref --format=%(refname)%00%(upstream:short)%00%(objectname)%00%(upstream:track) refs/heads/main refs/remotes/main
> git for-each-ref --sort -committerdate --format %(refname) %(objectname) %(*objectname)
> git remote --verbose
> git config --get commit.template
> git show --textconv :CS179_labs/FinalProject_rSVD/src/svds.cpp
> git ls-files --stage -- /home/tharms/CS179_labs/FinalProject_rSVD/src/svds.cpp
> git cat-file -s 3616d6b6c9c8abfd42e3f22d4237570d6182c92c
> git status -z -u
> git symbolic-ref --short HEAD
> git for-each-ref --format=%(refname)%00%(upstream:short)%00%(objectname)%00%(upstream:track) refs/heads/main refs/remotes/main
> git for-each-ref --sort -committerdate --format %(refname) %(objectname) %(*objectname)
> git remote --verbose
> git config --get commit.template
> git log --format=%H%n%aN%n%aE%n%at%n%ct%n%P%n%B -z -n21 -- /home/tharms/CS179_labs/FinalProject_rSVD/src/utils.hpp
> git show --textconv :CS179_labs/FinalProject_rSVD/src/utils.hpp
> git ls-files --stage -- /home/tharms/CS179_labs/FinalProject_rSVD/src/utils.hpp
> git cat-file -s eb14a4a855c77b077eca7d0133733da38ccef6eb
> git log --format=%H%n%aN%n%aE%n%at%n%ct%n%P%n%B -z -n21 -- /home/tharms/CS179_labs/FinalProject_rSVD/src/utils.cpp
> git show --textconv :CS179_labs/FinalProject_rSVD/src/utils.cpp
> git ls-files --stage -- /home/tharms/CS179_labs/FinalProject_rSVD/src/utils.cpp
> git cat-file -s 643b6ad9c482fa17ad6d618654617d0242ccfb32
> git show --textconv :CS179_labs/FinalProject_rSVD/src/svds.hpp
> git ls-files --stage -- /home/tharms/CS179_labs/FinalProject_rSVD/src/svds.hpp
> git cat-file -s 5a97f73f03fa948f0203cb59ee987f3fe15a77c0
> git status -z -u
> git symbolic-ref --short HEAD
> git for-each-ref --format=%(refname)%00%(upstream:short)%00%(objectname)%00%(upstream:track) refs/heads/main refs/remotes/main
> git for-each-ref --sort -committerdate --format %(refname) %(objectname) %(*objectname)
> git remote --verbose
> git config --get commit.template
> git show --textconv :CS179_labs/FinalProject_rSVD/src/utils.hpp
> git ls-files --stage -- /home/tharms/CS179_labs/FinalProject_rSVD/src/utils.hpp
> git cat-file -s eb14a4a855c77b077eca7d0133733da38ccef6eb
> git status -z -u
> git symbolic-ref --short HEAD
> git for-each-ref --format=%(refname)%00%(upstream:short)%00%(objectname)%00%(upstream:track) refs/heads/main refs/remotes/main
> git for-each-ref --sort -committerdate --format %(refname) %(objectname) %(*objectname)
> git remote --verbose
> git config --get commit.template
> git show --textconv :CS179_labs/FinalProject_rSVD/src/svds.cpp
> git ls-files --stage -- /home/tharms/CS179_labs/FinalProject_rSVD/src/svds.cpp
> git cat-file -s 3616d6b6c9c8abfd42e3f22d4237570d6182c92c
> git status -z -u
> git symbolic-ref --short HEAD
> git for-each-ref --format=%(refname)%00%(upstream:short)%00%(objectname)%00%(upstream:track) refs/heads/main refs/remotes/main
> git for-each-ref --sort -committerdate --format %(refname) %(objectname) %(*objectname)
> git remote --verbose
> git config --get commit.template
> git status -z -u
> git symbolic-ref --short HEAD
> git for-each-ref --format=%(refname)%00%(upstream:short)%00%(objectname)%00%(upstream:track) refs/heads/main refs/remotes/main
> git for-each-ref --sort -committerdate --format %(refname) %(objectname) %(*objectname)
> git remote --verbose
> git config --get commit.template
> git show --textconv :CS179_labs/FinalProject_rSVD/src/utils.cpp
> git ls-files --stage -- /home/tharms/CS179_labs/FinalProject_rSVD/src/utils.cpp
> git cat-file -s 643b6ad9c482fa17ad6d618654617d0242ccfb32
> git status -z -u
> git symbolic-ref --short HEAD
> git for-each-ref --format=%(refname)%00%(upstream:short)%00%(objectname)%00%(upstream:track) refs/heads/main refs/remotes/main
> git for-each-ref --sort -committerdate --format %(refname) %(objectname) %(*objectname)
> git remote --verbose
> git config --get commit.template
> git log --format=%H%n%aN%n%aE%n%at%n%ct%n%P%n%B -z -n21 -- /home/tharms/CS179_labs/FinalProject_rSVD/src/svds.hpp
> git show --textconv :CS179_labs/FinalProject_rSVD/src/svds.hpp
> git ls-files --stage -- /home/tharms/CS179_labs/FinalProject_rSVD/src/svds.hpp
> git cat-file -s 5a97f73f03fa948f0203cb59ee987f3fe15a77c0
> git show --textconv :CS179_labs/FinalProject_rSVD/src/svds.cpp
> git ls-files --stage -- /home/tharms/CS179_labs/FinalProject_rSVD/src/svds.cpp
> git cat-file -s 3616d6b6c9c8abfd42e3f22d4237570d6182c92c
> git status -z -u
> git symbolic-ref --short HEAD
> git for-each-ref --format=%(refname)%00%(upstream:short)%00%(objectname)%00%(upstream:track) refs/heads/main refs/remotes/main
> git for-each-ref --sort -committerdate --format %(refname) %(objectname) %(*objectname)
> git remote --verbose
> git config --get commit.template
> git status -z -u
> git symbolic-ref --short HEAD
> git for-each-ref --format=%(refname)%00%(upstream:short)%00%(objectname)%00%(upstream:track) refs/heads/main refs/remotes/main
> git for-each-ref --sort -committerdate --format %(refname) %(objectname) %(*objectname)
> git remote --verbose
> git config --get commit.template
> git status -z -u
> git symbolic-ref --short HEAD
> git for-each-ref --format=%(refname)%00%(upstream:short)%00%(objectname)%00%(upstream:track) refs/heads/main refs/remotes/main
> git for-each-ref --sort -committerdate --format %(refname) %(objectname) %(*objectname)
> git remote --verbose
> git config --get commit.template
> git status -z -u
> git symbolic-ref --short HEAD
> git for-each-ref --format=%(refname)%00%(upstream:short)%00%(objectname)%00%(upstream:track) refs/heads/main refs/remotes/main
> git for-each-ref --sort -committerdate --format %(refname) %(objectname) %(*objectname)
> git remote --verbose
> git config --get commit.template
> git log --format=%H%n%aN%n%aE%n%at%n%ct%n%P%n%B -z -n21 -- /home/tharms/CS179_labs/FinalProject_rSVD/src/utils.hpp
> git show --textconv :CS179_labs/FinalProject_rSVD/src/utils.hpp
> git ls-files --stage -- /home/tharms/CS179_labs/FinalProject_rSVD/src/utils.hpp
> git cat-file -s eb14a4a855c77b077eca7d0133733da38ccef6eb
> git show --textconv :CS179_labs/FinalProject_rSVD/src/rSVD.cpp
> git ls-files --stage -- /home/tharms/CS179_labs/FinalProject_rSVD/src/rSVD.cpp
> git cat-file -s bbe2e278e5855f8f0dfb56be7fc851e2cb24b530
> git show --textconv :CS179_labs/FinalProject_rSVD/src/svds.hpp
> git ls-files --stage -- /home/tharms/CS179_labs/FinalProject_rSVD/src/svds.hpp
> git cat-file -s 5a97f73f03fa948f0203cb59ee987f3fe15a77c0
> git status -z -u
> git symbolic-ref --short HEAD
> git for-each-ref --format=%(refname)%00%(upstream:short)%00%(objectname)%00%(upstream:track) refs/heads/main refs/remotes/main
> git for-each-ref --sort -committerdate --format %(refname) %(objectname) %(*objectname)
> git remote --verbose
> git config --get commit.template
> git show --textconv :CS179_labs/FinalProject_rSVD/src/utils.hpp
> git ls-files --stage -- /home/tharms/CS179_labs/FinalProject_rSVD/src/utils.hpp
> git cat-file -s eb14a4a855c77b077eca7d0133733da38ccef6eb
> git show --textconv :CS179_labs/FinalProject_rSVD/src/utils.cpp
> git ls-files --stage -- /home/tharms/CS179_labs/FinalProject_rSVD/src/utils.cpp
> git cat-file -s 643b6ad9c482fa17ad6d618654617d0242ccfb32
> git status -z -u
> git symbolic-ref --short HEAD
> git for-each-ref --format=%(refname)%00%(upstream:short)%00%(objectname)%00%(upstream:track) refs/heads/main refs/remotes/main
> git for-each-ref --sort -committerdate --format %(refname) %(objectname) %(*objectname)
> git remote --verbose
> git config --get commit.template
> git show --textconv :CS179_labs/FinalProject_rSVD/src/svds.cpp
> git ls-files --stage -- /home/tharms/CS179_labs/FinalProject_rSVD/src/svds.cpp
> git cat-file -s 3616d6b6c9c8abfd42e3f22d4237570d6182c92c
> git log --format=%H%n%aN%n%aE%n%at%n%ct%n%P%n%B -z -n21 -- /home/tharms/CS179_labs/FinalProject_rSVD/src/svds.hpp
> git show --textconv :CS179_labs/FinalProject_rSVD/src/svds.hpp
> git ls-files --stage -- /home/tharms/CS179_labs/FinalProject_rSVD/src/svds.hpp
> git cat-file -s 5a97f73f03fa948f0203cb59ee987f3fe15a77c0
> git status -z -u
> git symbolic-ref --short HEAD
> git for-each-ref --format=%(refname)%00%(upstream:short)%00%(objectname)%00%(upstream:track) refs/heads/main refs/remotes/main
> git for-each-ref --sort -committerdate --format %(refname) %(objectname) %(*objectname)
> git remote --verbose
> git config --get commit.template
> git status -z -u
> git symbolic-ref --short HEAD
> git for-each-ref --format=%(refname)%00%(upstream:short)%00%(objectname)%00%(upstream:track) refs/heads/main refs/remotes/main
> git for-each-ref --sort -committerdate --format %(refname) %(objectname) %(*objectname)
> git remote --verbose
> git config --get commit.template
> git log --format=%H%n%aN%n%aE%n%at%n%ct%n%P%n%B -z -n21 -- /home/tharms/CS179_labs/FinalProject_rSVD/src/utils.cpp
> git show --textconv :CS179_labs/FinalProject_rSVD/src/utils.cpp
> git ls-files --stage -- /home/tharms/CS179_labs/FinalProject_rSVD/src/utils.cpp
> git cat-file -s 643b6ad9c482fa17ad6d618654617d0242ccfb32
> git show --textconv :CS179_labs/FinalProject_rSVD/src/svds.cpp
> git ls-files --stage -- /home/tharms/CS179_labs/FinalProject_rSVD/src/svds.cpp
> git cat-file -s 3616d6b6c9c8abfd42e3f22d4237570d6182c92c
> git status -z -u
> git symbolic-ref --short HEAD
> git for-each-ref --format=%(refname)%00%(upstream:short)%00%(objectname)%00%(upstream:track) refs/heads/main refs/remotes/main
> git for-each-ref --sort -committerdate --format %(refname) %(objectname) %(*objectname)
> git remote --verbose
> git config --get commit.template
> git log --format=%H%n%aN%n%aE%n%at%n%ct%n%P%n%B -z -n21 -- /home/tharms/CS179_labs/FinalProject_rSVD/src/utils.hpp
> git show --textconv :CS179_labs/FinalProject_rSVD/src/utils.hpp
> git ls-files --stage -- /home/tharms/CS179_labs/FinalProject_rSVD/src/utils.hpp
> git cat-file -s eb14a4a855c77b077eca7d0133733da38ccef6eb
> git show --textconv :CS179_labs/FinalProject_rSVD/src/svds.hpp
> git ls-files --stage -- /home/tharms/CS179_labs/FinalProject_rSVD/src/svds.hpp
> git cat-file -s 5a97f73f03fa948f0203cb59ee987f3fe15a77c0
> git show --textconv :CS179_labs/FinalProject_rSVD/src/helper_cuda.h
> git ls-files --stage -- /home/tharms/CS179_labs/FinalProject_rSVD/src/helper_cuda.h
> git cat-file -s 8d91db41e10b7dc593a0fbd8f80c543f8ccd9505
> git show --textconv :CS179_labs/FinalProject_rSVD/src/utils.hpp
> git ls-files --stage -- /home/tharms/CS179_labs/FinalProject_rSVD/src/utils.hpp
> git cat-file -s eb14a4a855c77b077eca7d0133733da38ccef6eb
> git status -z -u
> git symbolic-ref --short HEAD
> git for-each-ref --format=%(refname)%00%(upstream:short)%00%(objectname)%00%(upstream:track) refs/heads/main refs/remotes/main
> git for-each-ref --sort -committerdate --format %(refname) %(objectname) %(*objectname)
> git remote --verbose
> git config --get commit.template
> git show --textconv :CS179_labs/FinalProject_rSVD/src/svds.hpp
> git ls-files --stage -- /home/tharms/CS179_labs/FinalProject_rSVD/src/svds.hpp
> git cat-file -s 5a97f73f03fa948f0203cb59ee987f3fe15a77c0
> git status -z -u
> git symbolic-ref --short HEAD
> git for-each-ref --format=%(refname)%00%(upstream:short)%00%(objectname)%00%(upstream:track) refs/heads/main refs/remotes/main
> git for-each-ref --sort -committerdate --format %(refname) %(objectname) %(*objectname)
> git remote --verbose
> git config --get commit.template
> git show --textconv :CS179_labs/FinalProject_rSVD/src/utils.cpp
> git ls-files --stage -- /home/tharms/CS179_labs/FinalProject_rSVD/src/utils.cpp
> git cat-file -s 643b6ad9c482fa17ad6d618654617d0242ccfb32
> git status -z -u
> git symbolic-ref --short HEAD
> git for-each-ref --format=%(refname)%00%(upstream:short)%00%(objectname)%00%(upstream:track) refs/heads/main refs/remotes/main
> git for-each-ref --sort -committerdate --format %(refname) %(objectname) %(*objectname)
> git remote --verbose
> git config --get commit.template
> git log --format=%H%n%aN%n%aE%n%at%n%ct%n%P%n%B -z -n21 -- /home/tharms/CS179_labs/FinalProject_rSVD/src/utils.hpp
> git show --textconv :CS179_labs/FinalProject_rSVD/src/utils.hpp
> git ls-files --stage -- /home/tharms/CS179_labs/FinalProject_rSVD/src/utils.hpp
> git cat-file -s eb14a4a855c77b077eca7d0133733da38ccef6eb
> git status -z -u
> git symbolic-ref --short HEAD
> git for-each-ref --format=%(refname)%00%(upstream:short)%00%(objectname)%00%(upstream:track) refs/heads/main refs/remotes/main
> git for-each-ref --sort -committerdate --format %(refname) %(objectname) %(*objectname)
> git remote --verbose
> git config --get commit.template
> git show --textconv :CS179_labs/FinalProject_rSVD/src/svds.cpp
> git ls-files --stage -- /home/tharms/CS179_labs/FinalProject_rSVD/src/svds.cpp
> git cat-file -s 3616d6b6c9c8abfd42e3f22d4237570d6182c92c
> git status -z -u
> git symbolic-ref --short HEAD
> git for-each-ref --format=%(refname)%00%(upstream:short)%00%(objectname)%00%(upstream:track) refs/heads/main refs/remotes/main
> git for-each-ref --sort -committerdate --format %(refname) %(objectname) %(*objectname)
> git remote --verbose
> git config --get commit.template
> git status -z -u
> git symbolic-ref --short HEAD
> git for-each-ref --format=%(refname)%00%(upstream:short)%00%(objectname)%00%(upstream:track) refs/heads/main refs/remotes/main
> git for-each-ref --sort -committerdate --format %(refname) %(objectname) %(*objectname)
> git remote --verbose
> git config --get commit.template
> git log --format=%H%n%aN%n%aE%n%at%n%ct%n%P%n%B -z -n21 -- /home/tharms/CS179_labs/FinalProject_rSVD/src/helper_cuda.h
> git show --textconv :CS179_labs/FinalProject_rSVD/src/helper_cuda.h
> git ls-files --stage -- /home/tharms/CS179_labs/FinalProject_rSVD/src/helper_cuda.h
> git cat-file -s 8d91db41e10b7dc593a0fbd8f80c543f8ccd9505
> git show --textconv :CS179_labs/FinalProject_rSVD/src/utils.hpp
> git ls-files --stage -- /home/tharms/CS179_labs/FinalProject_rSVD/src/utils.hpp
> git cat-file -s eb14a4a855c77b077eca7d0133733da38ccef6eb
> git show --textconv :CS179_labs/FinalProject_rSVD/src/helper_cuda.h
> git ls-files --stage -- /home/tharms/CS179_labs/FinalProject_rSVD/src/helper_cuda.h
> git cat-file -s 8d91db41e10b7dc593a0fbd8f80c543f8ccd9505
> git show --textconv :CS179_labs/FinalProject_rSVD/src/svds.hpp
> git ls-files --stage -- /home/tharms/CS179_labs/FinalProject_rSVD/src/svds.hpp
> git cat-file -s 5a97f73f03fa948f0203cb59ee987f3fe15a77c0
> git status -z -u
> git symbolic-ref --short HEAD
> git for-each-ref --format=%(refname)%00%(upstream:short)%00%(objectname)%00%(upstream:track) refs/heads/main refs/remotes/main
> git for-each-ref --sort -committerdate --format %(refname) %(objectname) %(*objectname)
> git remote --verbose
> git config --get commit.template
> git show --textconv :CS179_labs/FinalProject_rSVD/src/utils.hpp
> git ls-files --stage -- /home/tharms/CS179_labs/FinalProject_rSVD/src/utils.hpp
> git cat-file -s eb14a4a855c77b077eca7d0133733da38ccef6eb
> git status -z -u
> git symbolic-ref --short HEAD
> git for-each-ref --format=%(refname)%00%(upstream:short)%00%(objectname)%00%(upstream:track) refs/heads/main refs/remotes/main
> git for-each-ref --sort -committerdate --format %(refname) %(objectname) %(*objectname)
> git remote --verbose
> git config --get commit.template
> git log --format=%H%n%aN%n%aE%n%at%n%ct%n%P%n%B -z -n21 -- /home/tharms/CS179_labs/FinalProject_rSVD/src/utils.hpp
> git show --textconv b7fb97961fe05be32b2cba1da8002ff645a279d1:CS179_labs/FinalProject_rSVD/src/utils.hpp
> git show --textconv 51eed9bc5db3ff17abdcac35ca5929c65f650dda:CS179_labs/FinalProject_rSVD/src/utils.hpp
> git ls-tree -l b7fb97961fe05be32b2cba1da8002ff645a279d1 -- /home/tharms/CS179_labs/FinalProject_rSVD/src/utils.hpp
> git ls-tree -l 51eed9bc5db3ff17abdcac35ca5929c65f650dda -- /home/tharms/CS179_labs/FinalProject_rSVD/src/utils.hpp
> git check-ignore -v -z --stdin
> git show --textconv :CS179_labs/FinalProject_rSVD/src/utils.hpp
> git ls-files --stage -- /home/tharms/CS179_labs/FinalProject_rSVD/src/utils.hpp
> git cat-file -s eb14a4a855c77b077eca7d0133733da38ccef6eb
> git ls-tree -l b7fb97961fe05be32b2cba1da8002ff645a279d1 -- /home/tharms/CS179_labs/FinalProject_rSVD/src/utils.hpp
> git ls-tree -l 51eed9bc5db3ff17abdcac35ca5929c65f650dda -- /home/tharms/CS179_labs/FinalProject_rSVD/src/utils.hpp
> git show --textconv :CS179_labs/FinalProject_rSVD/src/utils.hpp
> git ls-files --stage -- /home/tharms/CS179_labs/FinalProject_rSVD/src/utils.hpp
> git cat-file -s eb14a4a855c77b077eca7d0133733da38ccef6eb
> git show --textconv HEAD:CS179_labs/FinalProject_rSVD/src/utils.hpp
> git ls-tree -l HEAD -- /home/tharms/CS179_labs/FinalProject_rSVD/src/utils.hpp
> git show --textconv :CS179_labs/FinalProject_rSVD/src/utils.hpp
> git ls-files --stage -- /home/tharms/CS179_labs/FinalProject_rSVD/src/utils.hpp
> git cat-file -s eb14a4a855c77b077eca7d0133733da38ccef6eb
> git ls-tree -l HEAD -- /home/tharms/CS179_labs/FinalProject_rSVD/src/utils.hpp
> git show --textconv :CS179_labs/FinalProject_rSVD/src/utils.hpp
> git ls-files --stage -- /home/tharms/CS179_labs/FinalProject_rSVD/src/utils.hpp
> git cat-file -s eb14a4a855c77b077eca7d0133733da38ccef6eb
> git status -z -u
> git symbolic-ref --short HEAD
> git for-each-ref --format=%(refname)%00%(upstream:short)%00%(objectname)%00%(upstream:track) refs/heads/main refs/remotes/main
> git for-each-ref --sort -committerdate --format %(refname) %(objectname) %(*objectname)
> git remote --verbose
> git config --get commit.template
> git rev-list --count 70fa97f71dc0fb89ee934681694d919375782e53.. -- /home/tharms/CS179_labs/FinalProject_rSVD/src/utils.hpp
> git log --format=%H%n%aN%n%aE%n%at%n%ct%n%P%n%B -z -n5 -- /home/tharms/CS179_labs/FinalProject_rSVD/src/utils.hpp
> git status -z -u
> git symbolic-ref --short HEAD
> git for-each-ref --format=%(refname)%00%(upstream:short)%00%(objectname)%00%(upstream:track) refs/heads/main refs/remotes/main
> git for-each-ref --sort -committerdate --format %(refname) %(objectname) %(*objectname)
> git remote --verbose
> git config --get commit.template
> git rev-list --count 70fa97f71dc0fb89ee934681694d919375782e53.. -- /home/tharms/CS179_labs/FinalProject_rSVD/src/utils.hpp
> git log --format=%H%n%aN%n%aE%n%at%n%ct%n%P%n%B -z -n5 -- /home/tharms/CS179_labs/FinalProject_rSVD/src/utils.hpp
> git status -z -u
> git symbolic-ref --short HEAD
> git for-each-ref --format=%(refname)%00%(upstream:short)%00%(objectname)%00%(upstream:track) refs/heads/main refs/remotes/main
> git for-each-ref --sort -committerdate --format %(refname) %(objectname) %(*objectname)
> git remote --verbose
> git config --get commit.template
> git rev-list --count 70fa97f71dc0fb89ee934681694d919375782e53.. -- /home/tharms/CS179_labs/FinalProject_rSVD/src/utils.hpp
> git log --format=%H%n%aN%n%aE%n%at%n%ct%n%P%n%B -z -n5 -- /home/tharms/CS179_labs/FinalProject_rSVD/src/utils.hpp
> git show --textconv :CS179_labs/FinalProject_rSVD/src/utils.cpp
> git ls-files --stage -- /home/tharms/CS179_labs/FinalProject_rSVD/src/utils.cpp
> git cat-file -s 643b6ad9c482fa17ad6d618654617d0242ccfb32
> git status -z -u
> git symbolic-ref --short HEAD
> git for-each-ref --format=%(refname)%00%(upstream:short)%00%(objectname)%00%(upstream:track) refs/heads/main refs/remotes/main
> git for-each-ref --sort -committerdate --format %(refname) %(objectname) %(*objectname)
> git remote --verbose
> git config --get commit.template
> git rev-list --count 70fa97f71dc0fb89ee934681694d919375782e53.. -- /home/tharms/CS179_labs/FinalProject_rSVD/src/utils.hpp
> git log --format=%H%n%aN%n%aE%n%at%n%ct%n%P%n%B -z -n5 -- /home/tharms/CS179_labs/FinalProject_rSVD/src/utils.hpp
> git status -z -u
> git symbolic-ref --short HEAD
> git for-each-ref --format=%(refname)%00%(upstream:short)%00%(objectname)%00%(upstream:track) refs/heads/main refs/remotes/main
> git for-each-ref --sort -committerdate --format %(refname) %(objectname) %(*objectname)
> git remote --verbose
> git config --get commit.template
> git rev-list --count 70fa97f71dc0fb89ee934681694d919375782e53.. -- /home/tharms/CS179_labs/FinalProject_rSVD/src/utils.hpp
> git log --format=%H%n%aN%n%aE%n%at%n%ct%n%P%n%B -z -n5 -- /home/tharms/CS179_labs/FinalProject_rSVD/src/utils.hpp
> git show --textconv :CS179_labs/FinalProject_rSVD/src/svds.cpp
> git ls-files --stage -- /home/tharms/CS179_labs/FinalProject_rSVD/src/svds.cpp
> git cat-file -s 3616d6b6c9c8abfd42e3f22d4237570d6182c92c
> git status -z -u
> git symbolic-ref --short HEAD
> git for-each-ref --format=%(refname)%00%(upstream:short)%00%(objectname)%00%(upstream:track) refs/heads/main refs/remotes/main
> git for-each-ref --sort -committerdate --format %(refname) %(objectname) %(*objectname)
> git remote --verbose
> git config --get commit.template
> git rev-list --count 70fa97f71dc0fb89ee934681694d919375782e53.. -- /home/tharms/CS179_labs/FinalProject_rSVD/src/utils.hpp
> git log --format=%H%n%aN%n%aE%n%at%n%ct%n%P%n%B -z -n5 -- /home/tharms/CS179_labs/FinalProject_rSVD/src/utils.hpp
> git status -z -u
> git symbolic-ref --short HEAD
> git for-each-ref --format=%(refname)%00%(upstream:short)%00%(objectname)%00%(upstream:track) refs/heads/main refs/remotes/main
> git for-each-ref --sort -committerdate --format %(refname) %(objectname) %(*objectname)
> git remote --verbose
> git config --get commit.template
> git rev-list --count 70fa97f71dc0fb89ee934681694d919375782e53.. -- /home/tharms/CS179_labs/FinalProject_rSVD/src/utils.hpp
> git log --format=%H%n%aN%n%aE%n%at%n%ct%n%P%n%B -z -n5 -- /home/tharms/CS179_labs/FinalProject_rSVD/src/utils.hpp
> git status -z -u
> git symbolic-ref --short HEAD
> git for-each-ref --format=%(refname)%00%(upstream:short)%00%(objectname)%00%(upstream:track) refs/heads/main refs/remotes/main
> git for-each-ref --sort -committerdate --format %(refname) %(objectname) %(*objectname)
> git remote --verbose
> git config --get commit.template
> git rev-list --count 70fa97f71dc0fb89ee934681694d919375782e53.. -- /home/tharms/CS179_labs/FinalProject_rSVD/src/utils.hpp
> git log --format=%H%n%aN%n%aE%n%at%n%ct%n%P%n%B -z -n5 -- /home/tharms/CS179_labs/FinalProject_rSVD/src/utils.hpp
> git show --textconv :CS179_labs/FinalProject_rSVD/src/rSVD.cpp
> git ls-files --stage -- /home/tharms/CS179_labs/FinalProject_rSVD/src/rSVD.cpp
> git cat-file -s bbe2e278e5855f8f0dfb56be7fc851e2cb24b530
> git status -z -u
> git symbolic-ref --short HEAD
> git for-each-ref --format=%(refname)%00%(upstream:short)%00%(objectname)%00%(upstream:track) refs/heads/main refs/remotes/main
> git for-each-ref --sort -committerdate --format %(refname) %(objectname) %(*objectname)
> git remote --verbose
> git config --get commit.template
> git rev-list --count 70fa97f71dc0fb89ee934681694d919375782e53.. -- /home/tharms/CS179_labs/FinalProject_rSVD/src/utils.hpp
> git log --format=%H%n%aN%n%aE%n%at%n%ct%n%P%n%B -z -n5 -- /home/tharms/CS179_labs/FinalProject_rSVD/src/utils.hpp
