Looking for git in: git
Using git 2.17.1 from git
> git rev-parse --git-dir
Open repository: /home/tharms
> git status -z -u
> git symbolic-ref --short HEAD
> git for-each-ref --format=%(refname)%00%(upstream:short)%00%(upstream:track)%00%(objectname) refs/heads/main refs/remotes/main
> git for-each-ref --sort -committerdate --format %(refname) %(objectname) %(*objectname)
> git remote --verbose
> git config --get commit.template
> git check-ignore -v -z --stdin
> git show --textconv :CS179_labs/lab3/src/fft_convolve.cu
> git show --textconv :CS179_labs/lab1/src/blur.cu
> git ls-files --stage -- /home/tharms/CS179_labs/lab3/src/fft_convolve.cu
> git ls-files --stage -- /home/tharms/CS179_labs/lab1/src/blur.cu
> git cat-file -s 3a4ce99c8f8d09b69164df4132172aca68f6f61b
> git cat-file -s c35ceaca6405ce2ae30cbf916c52c9c97145efdd
> git show --textconv :CS179_labs/lab1/src/blur.cpp
> git ls-files --stage -- /home/tharms/CS179_labs/lab1/src/blur.cpp
> git cat-file -s 35b7bfd628d6f355604f50250f7f21de336b91a1
> git log --format=%H%n%aN%n%aE%n%at%n%ct%n%P%n%B -z -n21 -- /home/tharms/CS179_labs/lab1/src/blur.cpp
> git show --textconv :CS179_labs/lab1/src/blur.cu
> git ls-files --stage -- /home/tharms/CS179_labs/lab1/src/blur.cu
> git cat-file -s c35ceaca6405ce2ae30cbf916c52c9c97145efdd
> git log --format=%H%n%aN%n%aE%n%at%n%ct%n%P%n%B -z -n21 -- /home/tharms/CS179_labs/lab3/src/fft_convolve.cpp
> git show --textconv :CS179_labs/lab3/src/fft_convolve.cpp
> git ls-files --stage -- /home/tharms/CS179_labs/lab3/src/fft_convolve.cpp
> git cat-file -s d293a52cad86b045fee882e008d1a68384600e59
> git show --textconv :CS179_labs/lab3/src/fft_convolve.cu
> git ls-files --stage -- /home/tharms/CS179_labs/lab3/src/fft_convolve.cu
> git cat-file -s 3a4ce99c8f8d09b69164df4132172aca68f6f61b
> git log --format=%H%n%aN%n%aE%n%at%n%ct%n%P%n%B -z -n21 -- /home/tharms/CS179_labs/lab1/src/blur.cpp
> git show --textconv :CS179_labs/lab1/src/blur.cpp
> git ls-files --stage -- /home/tharms/CS179_labs/lab1/src/blur.cpp
> git cat-file -s 35b7bfd628d6f355604f50250f7f21de336b91a1
> git show --textconv :CS179_labs/lab1/src/blur.cu
> git ls-files --stage -- /home/tharms/CS179_labs/lab1/src/blur.cu
> git cat-file -s c35ceaca6405ce2ae30cbf916c52c9c97145efdd
> git log --format=%H%n%aN%n%aE%n%at%n%ct%n%P%n%B -z -n21 -- /home/tharms/CS179_labs/lab3/src/fft_convolve.cpp
> git show --textconv :CS179_labs/lab3/src/fft_convolve.cpp
> git ls-files --stage -- /home/tharms/CS179_labs/lab3/src/fft_convolve.cpp
> git cat-file -s d293a52cad86b045fee882e008d1a68384600e59
> git show --textconv :CS179_labs/lab3/src/fft_convolve.cu
> git ls-files --stage -- /home/tharms/CS179_labs/lab3/src/fft_convolve.cu
> git cat-file -s 3a4ce99c8f8d09b69164df4132172aca68f6f61b
> git show --textconv :CS179_labs/lab3/src/fft_convolve.cpp
> git ls-files --stage -- /home/tharms/CS179_labs/lab3/src/fft_convolve.cpp
> git cat-file -s d293a52cad86b045fee882e008d1a68384600e59
> git show --textconv :CS179_labs/lab3/src/fft_convolve.cu
> git ls-files --stage -- /home/tharms/CS179_labs/lab3/src/fft_convolve.cu
> git cat-file -s 3a4ce99c8f8d09b69164df4132172aca68f6f61b
> git show --textconv :CS179_labs/lab3/src/fft_convolve.cpp
> git ls-files --stage -- /home/tharms/CS179_labs/lab3/src/fft_convolve.cpp
> git cat-file -s d293a52cad86b045fee882e008d1a68384600e59
> git status -z -u
> git symbolic-ref --short HEAD
> git for-each-ref --format=%(refname)%00%(upstream:short)%00%(upstream:track)%00%(objectname) refs/heads/main refs/remotes/main
> git for-each-ref --sort -committerdate --format %(refname) %(objectname) %(*objectname)
> git remote --verbose
> git config --get commit.template
> git show --textconv :CS179_labs/lab3/src/fft_convolve.cu
> git ls-files --stage -- /home/tharms/CS179_labs/lab3/src/fft_convolve.cu
> git cat-file -s 3a4ce99c8f8d09b69164df4132172aca68f6f61b
