[2021-04-12 08:05:12.053] [exthost] [info] extension host started
[2021-04-12 08:05:12.142] [exthost] [info] ExtensionService#_doActivateExtension llvm-vs-code-extensions.vscode-clangd {"startup":false,"extensionId":{"value":"llvm-vs-code-extensions.vscode-clangd","_lower":"llvm-vs-code-extensions.vscode-clangd"},"activationEvent":"onLanguage:cpp"}
[2021-04-12 08:05:12.143] [exthost] [info] ExtensionService#loadCommonJSModule file:///home/tharms/.vscode-server/extensions/llvm-vs-code-extensions.vscode-clangd-0.1.11/out/src/extension
[2021-04-12 08:05:12.341] [exthost] [info] ExtensionService#_doActivateExtension vscode.debug-auto-launch {"startup":true,"extensionId":{"value":"vscode.debug-auto-launch","_lower":"vscode.debug-auto-launch"},"activationEvent":"*"}
[2021-04-12 08:05:12.341] [exthost] [info] ExtensionService#loadCommonJSModule file:///home/tharms/.vscode-server/bin/c185983a683d14c396952dd432459097bc7f757f/extensions/debug-auto-launch/dist/extension
[2021-04-12 08:05:12.345] [exthost] [info] ExtensionService#_doActivateExtension vscode.git {"startup":true,"extensionId":{"value":"vscode.github","_lower":"vscode.github"},"activationEvent":"*"}
[2021-04-12 08:05:12.345] [exthost] [info] ExtensionService#loadCommonJSModule file:///home/tharms/.vscode-server/bin/c185983a683d14c396952dd432459097bc7f757f/extensions/git/dist/main
[2021-04-12 08:05:12.891] [exthost] [info] ExtensionService#_doActivateExtension vscode.github {"startup":true,"extensionId":{"value":"vscode.github","_lower":"vscode.github"},"activationEvent":"*"}
[2021-04-12 08:05:12.891] [exthost] [info] ExtensionService#loadCommonJSModule file:///home/tharms/.vscode-server/bin/c185983a683d14c396952dd432459097bc7f757f/extensions/github/dist/extension.js
[2021-04-12 08:05:12.955] [exthost] [info] ExtensionService#_doActivateExtension vscode.emmet {"startup":false,"extensionId":{"value":"vscode.emmet","_lower":"vscode.emmet"},"activationEvent":"onStartupFinished"}
[2021-04-12 08:05:12.955] [exthost] [info] ExtensionService#loadCommonJSModule file:///home/tharms/.vscode-server/bin/c185983a683d14c396952dd432459097bc7f757f/extensions/emmet/dist/node/emmetNodeMain
[2021-04-12 08:05:12.966] [exthost] [info] ExtensionService#_doActivateExtension vscode.merge-conflict {"startup":false,"extensionId":{"value":"vscode.merge-conflict","_lower":"vscode.merge-conflict"},"activationEvent":"onStartupFinished"}
[2021-04-12 08:05:12.966] [exthost] [info] ExtensionService#loadCommonJSModule file:///home/tharms/.vscode-server/bin/c185983a683d14c396952dd432459097bc7f757f/extensions/merge-conflict/dist/mergeConflictMain
[2021-04-12 08:05:12.969] [exthost] [info] ExtensionService#_doActivateExtension vscode.testing-editor-contributions {"startup":false,"extensionId":{"value":"vscode.testing-editor-contributions","_lower":"vscode.testing-editor-contributions"},"activationEvent":"onStartupFinished"}
[2021-04-12 08:05:12.969] [exthost] [info] ExtensionService#loadCommonJSModule file:///home/tharms/.vscode-server/bin/c185983a683d14c396952dd432459097bc7f757f/extensions/testing-editor-contributions/dist/extension.js
[2021-04-12 08:05:12.969] [exthost] [info] eager extensions activated
[2021-04-12 08:05:13.028] [exthost] [warning] [Decorations] CAPPING events from decorations provider vscode.git 1352
[2021-04-12 08:05:13.365] [exthost] [info] ExtensionService#_doActivateExtension ms-vscode.js-debug {"startup":false,"extensionId":{"value":"ms-vscode.js-debug","_lower":"ms-vscode.js-debug"},"activationEvent":"onCommand:extension.js-debug.clearAutoAttachVariables"}
[2021-04-12 08:05:13.365] [exthost] [info] ExtensionService#loadCommonJSModule file:///home/tharms/.vscode-server/bin/c185983a683d14c396952dd432459097bc7f757f/extensions/ms-vscode.js-debug/src/extension.js
[2021-04-12 08:13:18.004] [exthost] [warning] [Decorations] CAPPING events from decorations provider vscode.git 1353
[2021-04-12 15:32:01.902] [exthost] [warning] [Decorations] CAPPING events from decorations provider vscode.git 1357
[2021-04-12 15:32:07.010] [exthost] [warning] [Decorations] CAPPING events from decorations provider vscode.git 1357
[2021-04-12 15:33:10.272] [exthost] [warning] [Decorations] CAPPING events from decorations provider vscode.git 1357
[2021-04-12 18:19:32.958] [exthost] [warning] [Decorations] CAPPING events from decorations provider vscode.git 1358
[2021-04-12 18:20:44.988] [exthost] [warning] [Decorations] CAPPING events from decorations provider vscode.git 1357
[2021-04-12 18:20:50.094] [exthost] [warning] [Decorations] CAPPING events from decorations provider vscode.git 1359
[2021-04-12 18:21:08.641] [exthost] [warning] [Decorations] CAPPING events from decorations provider vscode.git 1359
[2021-04-12 18:21:13.783] [exthost] [warning] [Decorations] CAPPING events from decorations provider vscode.git 1359
[2021-04-12 18:21:23.674] [exthost] [warning] [Decorations] CAPPING events from decorations provider vscode.git 1359
[2021-04-12 18:39:59.466] [exthost] [info] ExtensionService#_doActivateExtension vscode.configuration-editing {"startup":false,"extensionId":{"value":"vscode.configuration-editing","_lower":"vscode.configuration-editing"},"activationEvent":"onLanguage:json"}
[2021-04-12 18:39:59.466] [exthost] [info] ExtensionService#loadCommonJSModule file:///home/tharms/.vscode-server/bin/c185983a683d14c396952dd432459097bc7f757f/extensions/configuration-editing/dist/configurationEditingMain
[2021-04-12 18:39:59.483] [exthost] [info] ExtensionService#_doActivateExtension vscode.extension-editing {"startup":false,"extensionId":{"value":"vscode.extension-editing","_lower":"vscode.extension-editing"},"activationEvent":"onLanguage:json"}
[2021-04-12 18:39:59.483] [exthost] [info] ExtensionService#loadCommonJSModule file:///home/tharms/.vscode-server/bin/c185983a683d14c396952dd432459097bc7f757f/extensions/extension-editing/dist/extensionEditingMain
[2021-04-12 18:39:59.496] [exthost] [info] ExtensionService#_doActivateExtension vscode.json-language-features {"startup":false,"extensionId":{"value":"vscode.json-language-features","_lower":"vscode.json-language-features"},"activationEvent":"onLanguage:json"}
[2021-04-12 18:39:59.496] [exthost] [info] ExtensionService#loadCommonJSModule file:///home/tharms/.vscode-server/bin/c185983a683d14c396952dd432459097bc7f757f/extensions/json-language-features/client/dist/node/jsonClientMain
[2021-04-12 18:39:59.545] [exthost] [info] ExtensionService#_doActivateExtension vscode.npm {"startup":false,"extensionId":{"value":"vscode.npm","_lower":"vscode.npm"},"activationEvent":"onLanguage:json"}
[2021-04-12 18:39:59.545] [exthost] [info] ExtensionService#loadCommonJSModule file:///home/tharms/.vscode-server/bin/c185983a683d14c396952dd432459097bc7f757f/extensions/npm/dist/npmMain
[2021-04-12 20:31:50.303] [exthost] [info] extension host terminating: renderer disconnected for too long (2)
[2021-04-12 20:31:51.325] [exthost] [info] exiting with code 0
