Looking for git in: git
Using git 2.17.1 from git
> git rev-parse --git-dir
Open repository: /home/tharms
> git status -z -u
> git symbolic-ref --short HEAD
> git for-each-ref --format=%(refname)%00%(upstream:short)%00%(upstream:track)%00%(objectname) refs/heads/main refs/remotes/main
> git for-each-ref --sort -committerdate --format %(refname) %(objectname) %(*objectname)
> git remote --verbose
> git config --get commit.template
> git show --textconv :CS179_labs/lab3/src/fft_convolve.cu
> git show --textconv :CS179_labs/lab1/src/blur.cu
> git ls-files --stage -- /home/tharms/CS179_labs/lab3/src/fft_convolve.cu
> git ls-files --stage -- /home/tharms/CS179_labs/lab1/src/blur.cu
> git cat-file -s 3a4ce99c8f8d09b69164df4132172aca68f6f61b
> git cat-file -s c35ceaca6405ce2ae30cbf916c52c9c97145efdd
> git check-ignore -v -z --stdin
> git status -z -u
> git symbolic-ref --short HEAD
> git for-each-ref --format=%(refname)%00%(upstream:short)%00%(upstream:track)%00%(objectname) refs/heads/main refs/remotes/main
> git for-each-ref --sort -committerdate --format %(refname) %(objectname) %(*objectname)
> git remote --verbose
> git config --get commit.template
