[2021-05-04 10:25:57.035] [exthost] [info] extension host started
[2021-05-04 10:25:57.211] [exthost] [info] ExtensionService#_doActivateExtension llvm-vs-code-extensions.vscode-clangd {"startup":false,"extensionId":{"value":"llvm-vs-code-extensions.vscode-clangd","_lower":"llvm-vs-code-extensions.vscode-clangd"},"activationEvent":"onLanguage:cpp"}
[2021-05-04 10:25:57.211] [exthost] [info] ExtensionService#loadCommonJSModule file:///home/tharms/.vscode-server/extensions/llvm-vs-code-extensions.vscode-clangd-0.1.11/out/src/extension
[2021-05-04 10:25:57.410] [exthost] [info] ExtensionService#_doActivateExtension vscode.debug-auto-launch {"startup":true,"extensionId":{"value":"vscode.debug-auto-launch","_lower":"vscode.debug-auto-launch"},"activationEvent":"*"}
[2021-05-04 10:25:57.410] [exthost] [info] ExtensionService#loadCommonJSModule file:///home/tharms/.vscode-server/bin/3c4e3df9e89829dce27b7b5c24508306b151f30d/extensions/debug-auto-launch/dist/extension
[2021-05-04 10:25:57.413] [exthost] [info] ExtensionService#_doActivateExtension vscode.git {"startup":true,"extensionId":{"value":"vscode.github","_lower":"vscode.github"},"activationEvent":"*"}
[2021-05-04 10:25:57.413] [exthost] [info] ExtensionService#loadCommonJSModule file:///home/tharms/.vscode-server/bin/3c4e3df9e89829dce27b7b5c24508306b151f30d/extensions/git/dist/main
[2021-05-04 10:25:57.718] [exthost] [info] ExtensionService#_doActivateExtension vscode.github {"startup":true,"extensionId":{"value":"vscode.github","_lower":"vscode.github"},"activationEvent":"*"}
[2021-05-04 10:25:57.719] [exthost] [info] ExtensionService#loadCommonJSModule file:///home/tharms/.vscode-server/bin/3c4e3df9e89829dce27b7b5c24508306b151f30d/extensions/github/dist/extension.js
[2021-05-04 10:25:57.831] [exthost] [info] ExtensionService#_doActivateExtension vscode.emmet {"startup":false,"extensionId":{"value":"vscode.emmet","_lower":"vscode.emmet"},"activationEvent":"onStartupFinished"}
[2021-05-04 10:25:57.831] [exthost] [info] ExtensionService#loadCommonJSModule file:///home/tharms/.vscode-server/bin/3c4e3df9e89829dce27b7b5c24508306b151f30d/extensions/emmet/dist/node/emmetNodeMain
[2021-05-04 10:25:57.842] [exthost] [info] ExtensionService#_doActivateExtension vscode.merge-conflict {"startup":false,"extensionId":{"value":"vscode.merge-conflict","_lower":"vscode.merge-conflict"},"activationEvent":"onStartupFinished"}
[2021-05-04 10:25:57.842] [exthost] [info] ExtensionService#loadCommonJSModule file:///home/tharms/.vscode-server/bin/3c4e3df9e89829dce27b7b5c24508306b151f30d/extensions/merge-conflict/dist/mergeConflictMain
[2021-05-04 10:25:57.845] [exthost] [info] ExtensionService#_doActivateExtension vscode.testing-editor-contributions {"startup":false,"extensionId":{"value":"vscode.testing-editor-contributions","_lower":"vscode.testing-editor-contributions"},"activationEvent":"onStartupFinished"}
[2021-05-04 10:25:57.845] [exthost] [info] ExtensionService#loadCommonJSModule file:///home/tharms/.vscode-server/bin/3c4e3df9e89829dce27b7b5c24508306b151f30d/extensions/testing-editor-contributions/dist/extension.js
[2021-05-04 10:25:57.845] [exthost] [info] eager extensions activated
[2021-05-04 10:25:57.910] [exthost] [info] ExtensionService#_doActivateExtension ms-vscode.js-debug {"startup":false,"extensionId":{"value":"ms-vscode.js-debug","_lower":"ms-vscode.js-debug"},"activationEvent":"onCommand:extension.js-debug.clearAutoAttachVariables"}
[2021-05-04 10:25:57.910] [exthost] [info] ExtensionService#loadCommonJSModule file:///home/tharms/.vscode-server/bin/3c4e3df9e89829dce27b7b5c24508306b151f30d/extensions/ms-vscode.js-debug/src/extension.js
[2021-05-04 11:07:28.738] [exthost] [info] extension host terminating: received terminate message from renderer
[2021-05-04 11:07:29.752] [exthost] [info] exiting with code 0
