[2021-04-07 15:35:37.704] [exthost] [info] extension host started
[2021-04-07 15:35:37.922] [exthost] [info] ExtensionService#_doActivateExtension vscode.debug-auto-launch {"startup":true,"extensionId":{"value":"vscode.debug-auto-launch","_lower":"vscode.debug-auto-launch"},"activationEvent":"*"}
[2021-04-07 15:35:37.923] [exthost] [info] ExtensionService#loadCommonJSModule file:///home/tharms/.vscode-server/bin/c185983a683d14c396952dd432459097bc7f757f/extensions/debug-auto-launch/dist/extension
[2021-04-07 15:35:37.928] [exthost] [info] ExtensionService#_doActivateExtension vscode.git {"startup":true,"extensionId":{"value":"vscode.github","_lower":"vscode.github"},"activationEvent":"*"}
[2021-04-07 15:35:37.928] [exthost] [info] ExtensionService#loadCommonJSModule file:///home/tharms/.vscode-server/bin/c185983a683d14c396952dd432459097bc7f757f/extensions/git/dist/main
[2021-04-07 15:35:38.787] [exthost] [info] ExtensionService#_doActivateExtension vscode.github {"startup":true,"extensionId":{"value":"vscode.github","_lower":"vscode.github"},"activationEvent":"*"}
[2021-04-07 15:35:38.787] [exthost] [info] ExtensionService#loadCommonJSModule file:///home/tharms/.vscode-server/bin/c185983a683d14c396952dd432459097bc7f757f/extensions/github/dist/extension.js
[2021-04-07 15:35:38.897] [exthost] [info] ExtensionService#_doActivateExtension vscode.emmet {"startup":false,"extensionId":{"value":"vscode.emmet","_lower":"vscode.emmet"},"activationEvent":"onStartupFinished"}
[2021-04-07 15:35:38.897] [exthost] [info] ExtensionService#loadCommonJSModule file:///home/tharms/.vscode-server/bin/c185983a683d14c396952dd432459097bc7f757f/extensions/emmet/dist/node/emmetNodeMain
[2021-04-07 15:35:38.910] [exthost] [info] ExtensionService#_doActivateExtension vscode.merge-conflict {"startup":false,"extensionId":{"value":"vscode.merge-conflict","_lower":"vscode.merge-conflict"},"activationEvent":"onStartupFinished"}
[2021-04-07 15:35:38.910] [exthost] [info] ExtensionService#loadCommonJSModule file:///home/tharms/.vscode-server/bin/c185983a683d14c396952dd432459097bc7f757f/extensions/merge-conflict/dist/mergeConflictMain
[2021-04-07 15:35:38.914] [exthost] [info] ExtensionService#_doActivateExtension vscode.testing-editor-contributions {"startup":false,"extensionId":{"value":"vscode.testing-editor-contributions","_lower":"vscode.testing-editor-contributions"},"activationEvent":"onStartupFinished"}
[2021-04-07 15:35:38.914] [exthost] [info] ExtensionService#loadCommonJSModule file:///home/tharms/.vscode-server/bin/c185983a683d14c396952dd432459097bc7f757f/extensions/testing-editor-contributions/dist/extension.js
[2021-04-07 15:35:38.915] [exthost] [info] eager extensions activated
[2021-04-07 15:35:39.006] [exthost] [info] ExtensionService#_doActivateExtension ms-vscode.js-debug {"startup":false,"extensionId":{"value":"ms-vscode.js-debug","_lower":"ms-vscode.js-debug"},"activationEvent":"onCommand:extension.js-debug.clearAutoAttachVariables"}
[2021-04-07 15:35:39.006] [exthost] [info] ExtensionService#loadCommonJSModule file:///home/tharms/.vscode-server/bin/c185983a683d14c396952dd432459097bc7f757f/extensions/ms-vscode.js-debug/src/extension.js
[2021-04-07 15:45:24.376] [exthost] [info] ExtensionService#_doActivateExtension vscode.configuration-editing {"startup":false,"extensionId":{"value":"vscode.configuration-editing","_lower":"vscode.configuration-editing"},"activationEvent":"onLanguage:jsonc"}
[2021-04-07 15:45:24.376] [exthost] [info] ExtensionService#loadCommonJSModule file:///home/tharms/.vscode-server/bin/c185983a683d14c396952dd432459097bc7f757f/extensions/configuration-editing/dist/configurationEditingMain
[2021-04-07 15:45:24.392] [exthost] [info] ExtensionService#_doActivateExtension vscode.json-language-features {"startup":false,"extensionId":{"value":"vscode.json-language-features","_lower":"vscode.json-language-features"},"activationEvent":"onLanguage:jsonc"}
[2021-04-07 15:45:24.392] [exthost] [info] ExtensionService#loadCommonJSModule file:///home/tharms/.vscode-server/bin/c185983a683d14c396952dd432459097bc7f757f/extensions/json-language-features/client/dist/node/jsonClientMain
[2021-04-07 15:45:24.444] [exthost] [info] ExtensionService#_doActivateExtension vscode.typescript-language-features {"startup":false,"extensionId":{"value":"vscode.typescript-language-features","_lower":"vscode.typescript-language-features"},"activationEvent":"onLanguage:jsonc"}
[2021-04-07 15:45:24.444] [exthost] [info] ExtensionService#loadCommonJSModule file:///home/tharms/.vscode-server/bin/c185983a683d14c396952dd432459097bc7f757f/extensions/typescript-language-features/dist/extension
[2021-04-07 15:49:58.957] [exthost] [info] ExtensionService#_doActivateExtension llvm-vs-code-extensions.vscode-clangd {"startup":false,"extensionId":{"value":"llvm-vs-code-extensions.vscode-clangd","_lower":"llvm-vs-code-extensions.vscode-clangd"},"activationEvent":"onLanguage:cpp"}
[2021-04-07 15:49:58.957] [exthost] [info] ExtensionService#loadCommonJSModule file:///home/tharms/.vscode-server/extensions/llvm-vs-code-extensions.vscode-clangd-0.1.11/out/src/extension
[2021-04-07 19:35:46.773] [exthost] [info] extension host terminating: renderer disconnected for too long (1)
[2021-04-07 19:35:47.795] [exthost] [info] exiting with code 0
